mode: set
github.com/kart-io/notifyhub/pkg/config/config.go:61.43,77.27 2 1
github.com/kart-io/notifyhub/pkg/config/config.go:77.27,78.34 1 1
github.com/kart-io/notifyhub/pkg/config/config.go:78.34,80.4 1 0
github.com/kart-io/notifyhub/pkg/config/config.go:84.2,84.39 1 1
github.com/kart-io/notifyhub/pkg/config/config.go:84.39,86.3 1 0
github.com/kart-io/notifyhub/pkg/config/config.go:88.2,88.17 1 1
github.com/kart-io/notifyhub/pkg/config/config.go:92.40,94.2 1 1
github.com/kart-io/notifyhub/pkg/config/config.go:97.35,98.26 1 1
github.com/kart-io/notifyhub/pkg/config/config.go:98.26,100.3 1 1
github.com/kart-io/notifyhub/pkg/config/config.go:101.2,101.24 1 1
github.com/kart-io/notifyhub/pkg/config/config.go:105.49,109.25 2 1
github.com/kart-io/notifyhub/pkg/config/config.go:109.25,111.3 1 1
github.com/kart-io/notifyhub/pkg/config/config.go:112.2,112.28 1 1
github.com/kart-io/notifyhub/pkg/config/config.go:112.28,114.3 1 1
github.com/kart-io/notifyhub/pkg/config/config.go:115.2,115.25 1 1
github.com/kart-io/notifyhub/pkg/config/config.go:115.25,117.3 1 1
github.com/kart-io/notifyhub/pkg/config/config.go:118.2,118.28 1 1
github.com/kart-io/notifyhub/pkg/config/config.go:118.28,120.3 1 1
github.com/kart-io/notifyhub/pkg/config/config.go:121.2,121.28 1 1
github.com/kart-io/notifyhub/pkg/config/config.go:121.28,123.3 1 1
github.com/kart-io/notifyhub/pkg/config/config.go:125.2,125.15 1 1
github.com/kart-io/notifyhub/pkg/config/config.go:129.43,131.2 1 1
github.com/kart-io/notifyhub/pkg/config/config.go:134.35,136.2 1 1
github.com/kart-io/notifyhub/pkg/config/config.go:139.34,141.2 1 1
github.com/kart-io/notifyhub/pkg/config/config.go:144.36,146.2 1 1
github.com/kart-io/notifyhub/pkg/config/config.go:149.34,151.2 1 1
github.com/kart-io/notifyhub/pkg/config/config.go:154.35,156.20 1 1
github.com/kart-io/notifyhub/pkg/config/config.go:156.20,158.3 1 1
github.com/kart-io/notifyhub/pkg/config/config.go:161.2,161.22 1 1
github.com/kart-io/notifyhub/pkg/config/config.go:161.22,163.3 1 0
github.com/kart-io/notifyhub/pkg/config/config.go:166.2,166.26 1 1
github.com/kart-io/notifyhub/pkg/config/config.go:166.26,168.3 1 1
github.com/kart-io/notifyhub/pkg/config/config.go:171.2,171.26 1 1
github.com/kart-io/notifyhub/pkg/config/config.go:171.26,173.3 1 1
github.com/kart-io/notifyhub/pkg/config/config.go:174.2,174.27 1 1
github.com/kart-io/notifyhub/pkg/config/config.go:174.27,176.3 1 1
github.com/kart-io/notifyhub/pkg/config/config.go:179.2,179.21 1 1
github.com/kart-io/notifyhub/pkg/config/config.go:179.21,180.45 1 1
github.com/kart-io/notifyhub/pkg/config/config.go:180.45,182.4 1 0
github.com/kart-io/notifyhub/pkg/config/config.go:185.2,185.20 1 1
github.com/kart-io/notifyhub/pkg/config/config.go:185.20,186.44 1 1
github.com/kart-io/notifyhub/pkg/config/config.go:186.44,188.4 1 1
github.com/kart-io/notifyhub/pkg/config/config.go:191.2,191.22 1 1
github.com/kart-io/notifyhub/pkg/config/config.go:191.22,192.46 1 1
github.com/kart-io/notifyhub/pkg/config/config.go:192.46,194.4 1 0
github.com/kart-io/notifyhub/pkg/config/config.go:197.2,197.20 1 1
github.com/kart-io/notifyhub/pkg/config/config.go:197.20,198.44 1 0
github.com/kart-io/notifyhub/pkg/config/config.go:198.44,200.4 1 0
github.com/kart-io/notifyhub/pkg/config/config.go:204.2,204.29 1 1
github.com/kart-io/notifyhub/pkg/config/config.go:204.29,206.3 1 1
github.com/kart-io/notifyhub/pkg/config/config.go:208.2,208.12 1 1
github.com/kart-io/notifyhub/pkg/config/options.go:11.45,12.31 1 1
github.com/kart-io/notifyhub/pkg/config/options.go:12.31,15.3 2 1
github.com/kart-io/notifyhub/pkg/config/options.go:19.43,20.31 1 1
github.com/kart-io/notifyhub/pkg/config/options.go:20.31,23.3 2 1
github.com/kart-io/notifyhub/pkg/config/options.go:27.47,28.31 1 1
github.com/kart-io/notifyhub/pkg/config/options.go:28.31,31.3 2 1
github.com/kart-io/notifyhub/pkg/config/options.go:35.43,36.31 1 1
github.com/kart-io/notifyhub/pkg/config/options.go:36.31,39.3 2 1
github.com/kart-io/notifyhub/pkg/config/options.go:43.36,44.31 1 1
github.com/kart-io/notifyhub/pkg/config/options.go:44.31,48.3 3 1
github.com/kart-io/notifyhub/pkg/config/options.go:52.46,53.31 1 1
github.com/kart-io/notifyhub/pkg/config/options.go:53.31,56.3 2 1
github.com/kart-io/notifyhub/pkg/config/options.go:60.48,61.31 1 1
github.com/kart-io/notifyhub/pkg/config/options.go:61.31,64.3 2 1
github.com/kart-io/notifyhub/pkg/config/options.go:68.41,69.31 1 1
github.com/kart-io/notifyhub/pkg/config/options.go:69.31,72.3 2 1
github.com/kart-io/notifyhub/pkg/config/options.go:76.28,77.31 1 1
github.com/kart-io/notifyhub/pkg/config/options.go:77.31,83.3 5 1
github.com/kart-io/notifyhub/pkg/config/options.go:87.32,88.31 1 1
github.com/kart-io/notifyhub/pkg/config/options.go:88.31,94.3 5 1
github.com/kart-io/notifyhub/pkg/config/options.go:100.62,107.2 1 1
github.com/kart-io/notifyhub/pkg/config/options.go:110.69,119.2 1 1
github.com/kart-io/notifyhub/pkg/config/options.go:122.49,132.2 1 1
github.com/kart-io/notifyhub/pkg/config/options.go:135.59,147.2 1 1
github.com/kart-io/notifyhub/pkg/config/options.go:150.56,152.2 1 1
github.com/kart-io/notifyhub/pkg/config/options.go:155.64,157.2 1 1
github.com/kart-io/notifyhub/pkg/config/options.go:160.42,162.2 1 1
github.com/kart-io/notifyhub/pkg/config/options.go:165.54,167.2 1 1
github.com/kart-io/notifyhub/pkg/config/options.go:170.49,172.2 1 1
github.com/kart-io/notifyhub/pkg/config/options.go:175.51,177.19 2 1
github.com/kart-io/notifyhub/pkg/config/options.go:177.19,179.3 1 1
github.com/kart-io/notifyhub/pkg/config/options.go:180.2,180.26 1 1
github.com/kart-io/notifyhub/pkg/config/options.go:184.38,185.31 1 1
github.com/kart-io/notifyhub/pkg/config/options.go:185.31,193.3 7 1
github.com/kart-io/notifyhub/pkg/config/validation.go:49.43,51.2 1 0
github.com/kart-io/notifyhub/pkg/config/validation.go:54.61,84.2 8 0
github.com/kart-io/notifyhub/pkg/config/validation.go:87.73,89.22 1 0
github.com/kart-io/notifyhub/pkg/config/validation.go:89.22,91.3 1 0
github.com/kart-io/notifyhub/pkg/config/validation.go:91.8,91.40 1 0
github.com/kart-io/notifyhub/pkg/config/validation.go:91.40,93.3 1 0
github.com/kart-io/notifyhub/pkg/config/validation.go:96.2,96.24 1 0
github.com/kart-io/notifyhub/pkg/config/validation.go:96.24,98.3 1 0
github.com/kart-io/notifyhub/pkg/config/validation.go:98.8,98.32 1 0
github.com/kart-io/notifyhub/pkg/config/validation.go:98.32,100.3 1 0
github.com/kart-io/notifyhub/pkg/config/validation.go:104.78,108.23 2 0
github.com/kart-io/notifyhub/pkg/config/validation.go:108.23,111.3 2 0
github.com/kart-io/notifyhub/pkg/config/validation.go:114.2,114.22 1 0
github.com/kart-io/notifyhub/pkg/config/validation.go:114.22,117.3 2 0
github.com/kart-io/notifyhub/pkg/config/validation.go:120.2,120.24 1 0
github.com/kart-io/notifyhub/pkg/config/validation.go:120.24,123.3 2 0
github.com/kart-io/notifyhub/pkg/config/validation.go:126.2,126.24 1 0
github.com/kart-io/notifyhub/pkg/config/validation.go:126.24,128.3 1 0
github.com/kart-io/notifyhub/pkg/config/validation.go:132.91,134.26 1 0
github.com/kart-io/notifyhub/pkg/config/validation.go:134.26,137.3 2 0
github.com/kart-io/notifyhub/pkg/config/validation.go:139.2,139.54 1 0
github.com/kart-io/notifyhub/pkg/config/validation.go:139.54,141.3 1 0
github.com/kart-io/notifyhub/pkg/config/validation.go:144.2,144.106 1 0
github.com/kart-io/notifyhub/pkg/config/validation.go:144.106,146.3 1 0
github.com/kart-io/notifyhub/pkg/config/validation.go:149.2,149.21 1 0
github.com/kart-io/notifyhub/pkg/config/validation.go:149.21,151.3 1 0
github.com/kart-io/notifyhub/pkg/config/validation.go:154.2,154.24 1 0
github.com/kart-io/notifyhub/pkg/config/validation.go:154.24,156.3 1 0
github.com/kart-io/notifyhub/pkg/config/validation.go:159.2,159.27 1 0
github.com/kart-io/notifyhub/pkg/config/validation.go:159.27,160.40 1 0
github.com/kart-io/notifyhub/pkg/config/validation.go:160.40,161.40 1 0
github.com/kart-io/notifyhub/pkg/config/validation.go:161.40,163.5 1 0
github.com/kart-io/notifyhub/pkg/config/validation.go:168.2,168.22 1 0
github.com/kart-io/notifyhub/pkg/config/validation.go:168.22,170.3 1 0
github.com/kart-io/notifyhub/pkg/config/validation.go:174.89,176.20 1 0
github.com/kart-io/notifyhub/pkg/config/validation.go:176.20,178.3 1 0
github.com/kart-io/notifyhub/pkg/config/validation.go:181.2,181.39 1 0
github.com/kart-io/notifyhub/pkg/config/validation.go:181.39,183.3 1 0
github.com/kart-io/notifyhub/pkg/config/validation.go:186.2,186.20 1 0
github.com/kart-io/notifyhub/pkg/config/validation.go:186.20,188.3 1 0
github.com/kart-io/notifyhub/pkg/config/validation.go:188.8,188.64 1 0
github.com/kart-io/notifyhub/pkg/config/validation.go:188.64,190.3 1 0
github.com/kart-io/notifyhub/pkg/config/validation.go:193.2,193.46 1 0
github.com/kart-io/notifyhub/pkg/config/validation.go:193.46,194.25 1 0
github.com/kart-io/notifyhub/pkg/config/validation.go:194.25,196.4 1 0
github.com/kart-io/notifyhub/pkg/config/validation.go:197.3,197.25 1 0
github.com/kart-io/notifyhub/pkg/config/validation.go:197.25,199.4 1 0
github.com/kart-io/notifyhub/pkg/config/validation.go:203.2,203.21 1 0
github.com/kart-io/notifyhub/pkg/config/validation.go:203.21,205.3 1 0
github.com/kart-io/notifyhub/pkg/config/validation.go:208.2,208.35 1 0
github.com/kart-io/notifyhub/pkg/config/validation.go:208.35,210.3 1 0
github.com/kart-io/notifyhub/pkg/config/validation.go:214.93,216.19 1 0
github.com/kart-io/notifyhub/pkg/config/validation.go:216.19,219.3 2 0
github.com/kart-io/notifyhub/pkg/config/validation.go:221.2,221.47 1 0
github.com/kart-io/notifyhub/pkg/config/validation.go:221.47,223.3 1 0
github.com/kart-io/notifyhub/pkg/config/validation.go:226.2,228.38 3 0
github.com/kart-io/notifyhub/pkg/config/validation.go:228.38,229.27 1 0
github.com/kart-io/notifyhub/pkg/config/validation.go:229.27,231.9 2 0
github.com/kart-io/notifyhub/pkg/config/validation.go:234.2,234.18 1 0
github.com/kart-io/notifyhub/pkg/config/validation.go:234.18,236.3 1 0
github.com/kart-io/notifyhub/pkg/config/validation.go:239.2,239.21 1 0
github.com/kart-io/notifyhub/pkg/config/validation.go:239.21,241.3 1 0
github.com/kart-io/notifyhub/pkg/config/validation.go:244.2,244.24 1 0
github.com/kart-io/notifyhub/pkg/config/validation.go:244.24,246.3 1 0
github.com/kart-io/notifyhub/pkg/config/validation.go:249.2,249.38 1 0
github.com/kart-io/notifyhub/pkg/config/validation.go:249.38,250.35 1 0
github.com/kart-io/notifyhub/pkg/config/validation.go:250.35,252.4 1 0
github.com/kart-io/notifyhub/pkg/config/validation.go:253.3,253.37 1 0
github.com/kart-io/notifyhub/pkg/config/validation.go:253.37,255.4 1 0
github.com/kart-io/notifyhub/pkg/config/validation.go:259.2,259.43 1 0
github.com/kart-io/notifyhub/pkg/config/validation.go:259.43,261.3 1 0
github.com/kart-io/notifyhub/pkg/config/validation.go:265.74,267.28 1 0
github.com/kart-io/notifyhub/pkg/config/validation.go:267.28,269.3 1 0
github.com/kart-io/notifyhub/pkg/config/validation.go:269.8,269.36 1 0
github.com/kart-io/notifyhub/pkg/config/validation.go:269.36,271.3 1 0
github.com/kart-io/notifyhub/pkg/config/validation.go:275.75,279.36 3 0
github.com/kart-io/notifyhub/pkg/config/validation.go:279.36,280.32 1 0
github.com/kart-io/notifyhub/pkg/config/validation.go:280.32,282.9 2 0
github.com/kart-io/notifyhub/pkg/config/validation.go:285.2,285.17 1 0
github.com/kart-io/notifyhub/pkg/config/validation.go:285.17,287.3 1 0
github.com/kart-io/notifyhub/pkg/config/validation.go:290.2,292.38 3 0
github.com/kart-io/notifyhub/pkg/config/validation.go:292.38,293.34 1 0
github.com/kart-io/notifyhub/pkg/config/validation.go:293.34,295.9 2 0
github.com/kart-io/notifyhub/pkg/config/validation.go:298.2,298.18 1 0
github.com/kart-io/notifyhub/pkg/config/validation.go:298.18,300.3 1 0
github.com/kart-io/notifyhub/pkg/config/validation.go:306.54,308.16 2 0
github.com/kart-io/notifyhub/pkg/config/validation.go:308.16,310.3 1 0
github.com/kart-io/notifyhub/pkg/config/validation.go:312.2,312.20 1 0
github.com/kart-io/notifyhub/pkg/config/validation.go:312.20,314.3 1 0
github.com/kart-io/notifyhub/pkg/config/validation.go:316.2,316.18 1 0
github.com/kart-io/notifyhub/pkg/config/validation.go:316.18,318.3 1 0
github.com/kart-io/notifyhub/pkg/config/validation.go:320.2,320.12 1 0
github.com/kart-io/notifyhub/pkg/config/validation.go:324.62,326.36 2 0
github.com/kart-io/notifyhub/pkg/config/validation.go:326.36,328.3 1 0
github.com/kart-io/notifyhub/pkg/config/validation.go:329.2,329.12 1 0
github.com/kart-io/notifyhub/pkg/config/validation.go:333.85,339.2 1 0
github.com/kart-io/notifyhub/pkg/config/validation.go:342.87,344.14 1 0
github.com/kart-io/notifyhub/pkg/config/validation.go:344.14,346.3 1 0
github.com/kart-io/notifyhub/pkg/config/validation.go:348.2,352.4 1 0
github.com/kart-io/notifyhub/pkg/config/validation.go:356.63,358.23 2 0
github.com/kart-io/notifyhub/pkg/config/validation.go:358.23,360.3 1 0
github.com/kart-io/notifyhub/pkg/config/validation.go:361.2,361.22 1 0
github.com/kart-io/notifyhub/pkg/config/validation.go:361.22,363.3 1 0
github.com/kart-io/notifyhub/pkg/config/validation.go:364.2,364.24 1 0
github.com/kart-io/notifyhub/pkg/config/validation.go:364.24,366.3 1 0
github.com/kart-io/notifyhub/pkg/config/validation.go:367.2,367.14 1 0
github.com/kart-io/notifyhub/pkg/config/validation.go:373.51,376.2 2 0
github.com/kart-io/notifyhub/pkg/config/validation.go:379.52,382.2 2 0
github.com/kart-io/notifyhub/pkg/config/validation.go:385.32,388.2 2 0
github.com/kart-io/notifyhub/pkg/errors/codes.go:227.53,229.13 2 1
github.com/kart-io/notifyhub/pkg/errors/codes.go:229.13,238.3 1 1
github.com/kart-io/notifyhub/pkg/errors/codes.go:239.2,239.13 1 1
github.com/kart-io/notifyhub/pkg/errors/codes.go:243.39,246.2 2 1
github.com/kart-io/notifyhub/pkg/errors/codes.go:249.41,252.2 2 1
github.com/kart-io/notifyhub/pkg/errors/codes.go:255.38,258.2 2 1
github.com/kart-io/notifyhub/pkg/errors/codes.go:334.37,336.37 2 1
github.com/kart-io/notifyhub/pkg/errors/codes.go:336.37,338.3 1 1
github.com/kart-io/notifyhub/pkg/errors/codes.go:339.2,339.14 1 1
github.com/kart-io/notifyhub/pkg/errors/codes.go:343.59,345.43 2 1
github.com/kart-io/notifyhub/pkg/errors/codes.go:345.43,346.32 1 1
github.com/kart-io/notifyhub/pkg/errors/codes.go:346.32,348.4 1 1
github.com/kart-io/notifyhub/pkg/errors/codes.go:350.2,350.14 1 1
github.com/kart-io/notifyhub/pkg/errors/error.go:37.38,38.40 1 1
github.com/kart-io/notifyhub/pkg/errors/error.go:38.40,40.3 1 0
github.com/kart-io/notifyhub/pkg/errors/error.go:41.2,41.22 1 1
github.com/kart-io/notifyhub/pkg/errors/error.go:41.22,43.3 1 1
github.com/kart-io/notifyhub/pkg/errors/error.go:44.2,44.49 1 1
github.com/kart-io/notifyhub/pkg/errors/error.go:48.39,50.2 1 1
github.com/kart-io/notifyhub/pkg/errors/error.go:53.38,55.2 1 1
github.com/kart-io/notifyhub/pkg/errors/error.go:58.45,59.48 1 1
github.com/kart-io/notifyhub/pkg/errors/error.go:59.48,61.3 1 1
github.com/kart-io/notifyhub/pkg/errors/error.go:62.2,62.14 1 0
github.com/kart-io/notifyhub/pkg/errors/error.go:66.53,75.2 2 0
github.com/kart-io/notifyhub/pkg/errors/error.go:78.48,79.20 1 0
github.com/kart-io/notifyhub/pkg/errors/error.go:79.20,81.3 1 0
github.com/kart-io/notifyhub/pkg/errors/error.go:82.2,82.11 1 0
github.com/kart-io/notifyhub/pkg/errors/error.go:86.59,89.2 2 1
github.com/kart-io/notifyhub/pkg/errors/error.go:92.64,95.2 2 1
github.com/kart-io/notifyhub/pkg/errors/error.go:98.80,99.23 1 1
github.com/kart-io/notifyhub/pkg/errors/error.go:99.23,101.3 1 1
github.com/kart-io/notifyhub/pkg/errors/error.go:102.2,103.10 2 1
github.com/kart-io/notifyhub/pkg/errors/error.go:107.66,110.2 2 1
github.com/kart-io/notifyhub/pkg/errors/error.go:113.62,116.2 2 1
github.com/kart-io/notifyhub/pkg/errors/error.go:119.68,122.2 2 1
github.com/kart-io/notifyhub/pkg/errors/error.go:125.62,128.2 2 1
github.com/kart-io/notifyhub/pkg/errors/error.go:131.72,134.2 2 1
github.com/kart-io/notifyhub/pkg/errors/error.go:137.64,140.2 2 0
github.com/kart-io/notifyhub/pkg/errors/error.go:143.42,144.17 1 1
github.com/kart-io/notifyhub/pkg/errors/error.go:144.17,146.3 1 1
github.com/kart-io/notifyhub/pkg/errors/error.go:147.2,147.28 1 1
github.com/kart-io/notifyhub/pkg/errors/error.go:151.53,152.25 1 1
github.com/kart-io/notifyhub/pkg/errors/error.go:152.25,154.3 1 1
github.com/kart-io/notifyhub/pkg/errors/error.go:155.2,155.10 1 0
github.com/kart-io/notifyhub/pkg/errors/error.go:159.44,161.18 2 0
github.com/kart-io/notifyhub/pkg/errors/error.go:162.24,163.20 1 0
github.com/kart-io/notifyhub/pkg/errors/error.go:164.20,165.16 1 0
github.com/kart-io/notifyhub/pkg/errors/error.go:166.22,167.18 1 0
github.com/kart-io/notifyhub/pkg/errors/error.go:168.19,169.15 1 0
github.com/kart-io/notifyhub/pkg/errors/error.go:170.10,171.19 1 0
github.com/kart-io/notifyhub/pkg/errors/error.go:176.54,185.22 2 0
github.com/kart-io/notifyhub/pkg/errors/error.go:185.22,187.3 1 0
github.com/kart-io/notifyhub/pkg/errors/error.go:188.2,188.20 1 0
github.com/kart-io/notifyhub/pkg/errors/error.go:188.20,190.3 1 0
github.com/kart-io/notifyhub/pkg/errors/error.go:191.2,191.23 1 0
github.com/kart-io/notifyhub/pkg/errors/error.go:191.23,193.3 1 0
github.com/kart-io/notifyhub/pkg/errors/error.go:194.2,194.20 1 0
github.com/kart-io/notifyhub/pkg/errors/error.go:194.20,196.3 1 0
github.com/kart-io/notifyhub/pkg/errors/error.go:197.2,197.21 1 0
github.com/kart-io/notifyhub/pkg/errors/error.go:197.21,199.3 1 0
github.com/kart-io/notifyhub/pkg/errors/error.go:200.2,200.20 1 0
github.com/kart-io/notifyhub/pkg/errors/error.go:200.20,202.3 1 0
github.com/kart-io/notifyhub/pkg/errors/error.go:203.2,203.23 1 0
github.com/kart-io/notifyhub/pkg/errors/error.go:203.23,205.3 1 0
github.com/kart-io/notifyhub/pkg/errors/error.go:206.2,206.25 1 0
github.com/kart-io/notifyhub/pkg/errors/error.go:206.25,208.3 1 0
github.com/kart-io/notifyhub/pkg/errors/error.go:209.2,209.24 1 0
github.com/kart-io/notifyhub/pkg/errors/error.go:209.24,211.3 1 0
github.com/kart-io/notifyhub/pkg/errors/error.go:213.2,213.15 1 0
github.com/kart-io/notifyhub/pkg/errors/error.go:222.37,223.24 1 0
github.com/kart-io/notifyhub/pkg/errors/error.go:223.24,225.3 1 0
github.com/kart-io/notifyhub/pkg/errors/error.go:226.2,226.24 1 0
github.com/kart-io/notifyhub/pkg/errors/error.go:226.24,228.3 1 0
github.com/kart-io/notifyhub/pkg/errors/error.go:229.2,229.75 1 0
github.com/kart-io/notifyhub/pkg/errors/error.go:233.37,234.16 1 1
github.com/kart-io/notifyhub/pkg/errors/error.go:234.16,236.3 1 1
github.com/kart-io/notifyhub/pkg/errors/error.go:240.37,242.2 1 1
github.com/kart-io/notifyhub/pkg/errors/error.go:245.41,246.17 1 1
github.com/kart-io/notifyhub/pkg/errors/error.go:246.17,248.3 1 1
github.com/kart-io/notifyhub/pkg/errors/error.go:249.2,249.10 1 1
github.com/kart-io/notifyhub/pkg/errors/error.go:253.36,254.23 1 1
github.com/kart-io/notifyhub/pkg/errors/error.go:254.23,256.3 1 1
github.com/kart-io/notifyhub/pkg/errors/error.go:257.2,257.12 1 0
github.com/kart-io/notifyhub/pkg/errors/error.go:261.34,263.2 1 1
github.com/kart-io/notifyhub/pkg/errors/error.go:268.55,275.2 1 1
github.com/kart-io/notifyhub/pkg/errors/error.go:278.76,280.2 1 1
github.com/kart-io/notifyhub/pkg/errors/error.go:283.67,285.2 1 1
github.com/kart-io/notifyhub/pkg/errors/error.go:288.88,290.2 1 1
github.com/kart-io/notifyhub/pkg/errors/error.go:293.34,297.2 1 1
github.com/kart-io/notifyhub/pkg/errors/error.go:302.50,304.2 1 1
github.com/kart-io/notifyhub/pkg/errors/error.go:307.62,309.2 1 1
github.com/kart-io/notifyhub/pkg/errors/error.go:312.58,314.2 1 1
github.com/kart-io/notifyhub/pkg/errors/error.go:317.51,319.2 1 1
github.com/kart-io/notifyhub/pkg/errors/error.go:322.51,324.2 1 1
github.com/kart-io/notifyhub/pkg/errors/error.go:327.63,329.2 1 1
github.com/kart-io/notifyhub/pkg/errors/error.go:332.52,334.2 1 1
github.com/kart-io/notifyhub/pkg/errors/error.go:339.36,341.32 2 1
github.com/kart-io/notifyhub/pkg/errors/error.go:341.32,343.3 1 1
github.com/kart-io/notifyhub/pkg/errors/error.go:344.2,344.14 1 1
github.com/kart-io/notifyhub/pkg/errors/error.go:348.38,350.32 2 1
github.com/kart-io/notifyhub/pkg/errors/error.go:350.32,352.3 1 1
github.com/kart-io/notifyhub/pkg/errors/error.go:353.2,353.14 1 0
github.com/kart-io/notifyhub/pkg/errors/error.go:357.37,359.32 2 1
github.com/kart-io/notifyhub/pkg/errors/error.go:359.32,361.3 1 1
github.com/kart-io/notifyhub/pkg/errors/error.go:362.2,362.14 1 0
github.com/kart-io/notifyhub/pkg/errors/error.go:366.39,368.32 2 1
github.com/kart-io/notifyhub/pkg/errors/error.go:368.32,370.3 1 1
github.com/kart-io/notifyhub/pkg/errors/error.go:371.2,371.14 1 1
github.com/kart-io/notifyhub/pkg/errors/error.go:375.39,377.32 2 1
github.com/kart-io/notifyhub/pkg/errors/error.go:377.32,382.3 1 1
github.com/kart-io/notifyhub/pkg/errors/error.go:383.2,383.14 1 1
github.com/kart-io/notifyhub/pkg/errors/error.go:389.40,391.32 2 1
github.com/kart-io/notifyhub/pkg/errors/error.go:391.32,393.3 1 1
github.com/kart-io/notifyhub/pkg/errors/error.go:394.2,394.20 1 1
github.com/kart-io/notifyhub/pkg/errors/error.go:398.40,399.45 1 1
github.com/kart-io/notifyhub/pkg/errors/error.go:399.45,401.3 1 1
github.com/kart-io/notifyhub/pkg/errors/error.go:402.2,402.20 1 1
github.com/kart-io/notifyhub/pkg/errors/error.go:406.41,407.45 1 1
github.com/kart-io/notifyhub/pkg/errors/error.go:407.45,409.3 1 1
github.com/kart-io/notifyhub/pkg/errors/error.go:410.2,410.11 1 1
github.com/kart-io/notifyhub/pkg/errors/retry.go:37.112,45.2 1 0
github.com/kart-io/notifyhub/pkg/errors/retry.go:48.77,49.31 1 0
github.com/kart-io/notifyhub/pkg/errors/retry.go:49.31,51.3 1 0
github.com/kart-io/notifyhub/pkg/errors/retry.go:54.2,54.41 1 0
github.com/kart-io/notifyhub/pkg/errors/retry.go:54.41,56.3 1 0
github.com/kart-io/notifyhub/pkg/errors/retry.go:59.2,59.30 1 0
github.com/kart-io/notifyhub/pkg/errors/retry.go:63.74,64.18 1 0
github.com/kart-io/notifyhub/pkg/errors/retry.go:64.18,66.3 1 0
github.com/kart-io/notifyhub/pkg/errors/retry.go:69.2,72.18 2 0
github.com/kart-io/notifyhub/pkg/errors/retry.go:72.18,75.3 2 0
github.com/kart-io/notifyhub/pkg/errors/retry.go:78.2,78.39 1 0
github.com/kart-io/notifyhub/pkg/errors/retry.go:78.39,80.3 1 0
github.com/kart-io/notifyhub/pkg/errors/retry.go:82.2,82.29 1 0
github.com/kart-io/notifyhub/pkg/errors/retry.go:86.54,88.2 1 0
github.com/kart-io/notifyhub/pkg/errors/retry.go:99.113,106.2 1 0
github.com/kart-io/notifyhub/pkg/errors/retry.go:109.72,110.31 1 0
github.com/kart-io/notifyhub/pkg/errors/retry.go:110.31,112.3 1 0
github.com/kart-io/notifyhub/pkg/errors/retry.go:114.2,114.41 1 0
github.com/kart-io/notifyhub/pkg/errors/retry.go:114.41,116.3 1 0
github.com/kart-io/notifyhub/pkg/errors/retry.go:118.2,118.30 1 0
github.com/kart-io/notifyhub/pkg/errors/retry.go:122.69,123.18 1 0
github.com/kart-io/notifyhub/pkg/errors/retry.go:123.18,125.3 1 0
github.com/kart-io/notifyhub/pkg/errors/retry.go:127.2,128.24 2 0
github.com/kart-io/notifyhub/pkg/errors/retry.go:128.24,130.3 1 0
github.com/kart-io/notifyhub/pkg/errors/retry.go:132.2,132.14 1 0
github.com/kart-io/notifyhub/pkg/errors/retry.go:136.49,138.2 1 0
github.com/kart-io/notifyhub/pkg/errors/retry.go:147.82,152.2 1 0
github.com/kart-io/notifyhub/pkg/errors/retry.go:155.69,156.31 1 0
github.com/kart-io/notifyhub/pkg/errors/retry.go:156.31,158.3 1 0
github.com/kart-io/notifyhub/pkg/errors/retry.go:160.2,160.41 1 0
github.com/kart-io/notifyhub/pkg/errors/retry.go:160.41,162.3 1 0
github.com/kart-io/notifyhub/pkg/errors/retry.go:164.2,164.30 1 0
github.com/kart-io/notifyhub/pkg/errors/retry.go:168.66,170.2 1 0
github.com/kart-io/notifyhub/pkg/errors/retry.go:173.46,175.2 1 0
github.com/kart-io/notifyhub/pkg/errors/retry.go:184.80,189.2 1 0
github.com/kart-io/notifyhub/pkg/errors/retry.go:192.84,195.65 2 0
github.com/kart-io/notifyhub/pkg/errors/retry.go:195.65,198.17 2 0
github.com/kart-io/notifyhub/pkg/errors/retry.go:198.17,200.19 1 0
github.com/kart-io/notifyhub/pkg/errors/retry.go:200.19,204.5 1 0
github.com/kart-io/notifyhub/pkg/errors/retry.go:205.4,205.14 1 0
github.com/kart-io/notifyhub/pkg/errors/retry.go:208.3,211.42 2 0
github.com/kart-io/notifyhub/pkg/errors/retry.go:211.42,215.9 2 0
github.com/kart-io/notifyhub/pkg/errors/retry.go:219.3,219.40 1 0
github.com/kart-io/notifyhub/pkg/errors/retry.go:219.40,224.9 2 0
github.com/kart-io/notifyhub/pkg/errors/retry.go:228.3,236.10 3 0
github.com/kart-io/notifyhub/pkg/errors/retry.go:237.21,238.20 1 0
github.com/kart-io/notifyhub/pkg/errors/retry.go:239.28,239.28 0 0
github.com/kart-io/notifyhub/pkg/errors/retry.go:244.2,244.16 1 0
github.com/kart-io/notifyhub/pkg/errors/retry.go:248.124,252.65 3 0
github.com/kart-io/notifyhub/pkg/errors/retry.go:252.65,255.17 2 0
github.com/kart-io/notifyhub/pkg/errors/retry.go:255.17,257.19 1 0
github.com/kart-io/notifyhub/pkg/errors/retry.go:257.19,261.5 1 0
github.com/kart-io/notifyhub/pkg/errors/retry.go:262.4,262.19 1 0
github.com/kart-io/notifyhub/pkg/errors/retry.go:265.3,268.42 2 0
github.com/kart-io/notifyhub/pkg/errors/retry.go:268.42,272.9 2 0
github.com/kart-io/notifyhub/pkg/errors/retry.go:276.3,276.40 1 0
github.com/kart-io/notifyhub/pkg/errors/retry.go:276.40,281.9 2 0
github.com/kart-io/notifyhub/pkg/errors/retry.go:285.3,293.10 3 0
github.com/kart-io/notifyhub/pkg/errors/retry.go:294.21,295.25 1 0
github.com/kart-io/notifyhub/pkg/errors/retry.go:296.28,296.28 0 0
github.com/kart-io/notifyhub/pkg/errors/retry.go:301.2,301.24 1 0
github.com/kart-io/notifyhub/pkg/errors/retry.go:325.39,326.11 1 0
github.com/kart-io/notifyhub/pkg/errors/retry.go:327.21,328.18 1 0
github.com/kart-io/notifyhub/pkg/errors/retry.go:329.19,330.16 1 0
github.com/kart-io/notifyhub/pkg/errors/retry.go:331.23,332.21 1 0
github.com/kart-io/notifyhub/pkg/errors/retry.go:333.10,334.19 1 0
github.com/kart-io/notifyhub/pkg/errors/retry.go:339.120,349.2 1 0
github.com/kart-io/notifyhub/pkg/errors/retry.go:352.65,354.21 1 0
github.com/kart-io/notifyhub/pkg/errors/retry.go:354.21,357.3 1 0
github.com/kart-io/notifyhub/pkg/errors/retry.go:360.2,365.12 3 0
github.com/kart-io/notifyhub/pkg/errors/retry.go:369.44,373.18 3 0
github.com/kart-io/notifyhub/pkg/errors/retry.go:374.21,375.14 1 0
github.com/kart-io/notifyhub/pkg/errors/retry.go:376.19,378.52 1 0
github.com/kart-io/notifyhub/pkg/errors/retry.go:378.52,383.4 3 0
github.com/kart-io/notifyhub/pkg/errors/retry.go:384.3,384.15 1 0
github.com/kart-io/notifyhub/pkg/errors/retry.go:385.23,386.14 1 0
github.com/kart-io/notifyhub/pkg/errors/retry.go:387.10,388.15 1 0
github.com/kart-io/notifyhub/pkg/errors/retry.go:393.51,397.16 3 0
github.com/kart-io/notifyhub/pkg/errors/retry.go:397.16,401.34 3 0
github.com/kart-io/notifyhub/pkg/errors/retry.go:401.34,407.4 2 0
github.com/kart-io/notifyhub/pkg/errors/retry.go:407.9,407.43 1 0
github.com/kart-io/notifyhub/pkg/errors/retry.go:407.43,414.4 2 0
github.com/kart-io/notifyhub/pkg/errors/retry.go:415.8,417.19 1 0
github.com/kart-io/notifyhub/pkg/errors/retry.go:418.24,423.29 3 0
github.com/kart-io/notifyhub/pkg/errors/retry.go:424.22,426.19 1 0
github.com/kart-io/notifyhub/pkg/errors/retry.go:432.51,436.2 3 0
github.com/kart-io/notifyhub/pkg/errors/retry.go:439.45,443.2 3 0
github.com/kart-io/notifyhub/pkg/errors/retry.go:446.39,447.16 1 0
github.com/kart-io/notifyhub/pkg/errors/retry.go:447.16,449.3 1 0
github.com/kart-io/notifyhub/pkg/errors/retry.go:452.2,462.44 3 0
github.com/kart-io/notifyhub/pkg/errors/retry.go:462.44,463.57 1 0
github.com/kart-io/notifyhub/pkg/errors/retry.go:463.57,465.4 1 0
github.com/kart-io/notifyhub/pkg/errors/retry.go:468.2,468.14 1 0
github.com/kart-io/notifyhub/pkg/errors/retry.go:472.39,478.2 1 0
github.com/kart-io/notifyhub/pkg/errors/retry.go:481.42,487.2 1 0
github.com/kart-io/notifyhub/pkg/errors/retry.go:490.44,495.2 1 0
github.com/kart-io/notifyhub/examples/email/custom/config-example.go:12.43,79.16 8 0
github.com/kart-io/notifyhub/examples/email/custom/config-example.go:79.16,81.3 1 0
github.com/kart-io/notifyhub/examples/email/custom/config-example.go:82.2,82.15 1 0
github.com/kart-io/notifyhub/examples/email/custom/config-example.go:82.15,83.40 1 0
github.com/kart-io/notifyhub/examples/email/custom/config-example.go:83.40,85.4 1 0
github.com/kart-io/notifyhub/examples/email/custom/config-example.go:93.2,110.52 4 0
github.com/kart-io/notifyhub/examples/email/custom/config-example.go:110.52,112.3 1 0
github.com/kart-io/notifyhub/examples/email/custom/config-example.go:115.2,148.35 8 0
github.com/kart-io/notifyhub/examples/email/custom/config-example.go:148.35,149.28 1 0
github.com/kart-io/notifyhub/examples/email/custom/config-example.go:149.28,152.4 1 0
github.com/kart-io/notifyhub/examples/email/custom/config-example.go:155.2,171.61 5 0
github.com/kart-io/notifyhub/examples/email/custom/config-example.go:171.61,173.3 1 0
github.com/kart-io/notifyhub/examples/email/custom/config-example.go:179.2,219.12 3 0
github.com/kart-io/notifyhub/examples/email/custom/config-example.go:227.45,240.2 1 0
github.com/kart-io/notifyhub/examples/email/custom/config-example.go:243.48,256.2 1 0
github.com/kart-io/notifyhub/examples/email/custom/config-example.go:259.46,272.2 1 0
github.com/kart-io/notifyhub/examples/email/custom/config-example.go:275.50,301.2 1 0
github.com/kart-io/notifyhub/examples/email/custom/config-example.go:304.16,310.2 5 0
github.com/kart-io/notifyhub/examples/email/custom/main.go:23.13,34.61 5 0
github.com/kart-io/notifyhub/examples/email/custom/main.go:34.61,36.3 1 0
github.com/kart-io/notifyhub/examples/email/custom/main.go:39.2,39.61 1 0
github.com/kart-io/notifyhub/examples/email/custom/main.go:39.61,41.3 1 0
github.com/kart-io/notifyhub/examples/email/custom/main.go:44.2,44.58 1 0
github.com/kart-io/notifyhub/examples/email/custom/main.go:44.58,46.3 1 0
github.com/kart-io/notifyhub/examples/email/custom/main.go:58.2,58.56 1 0
github.com/kart-io/notifyhub/examples/email/custom/main.go:62.64,102.48 4 0
github.com/kart-io/notifyhub/examples/email/custom/main.go:102.48,105.3 2 0
github.com/kart-io/notifyhub/examples/email/custom/main.go:107.2,111.16 3 0
github.com/kart-io/notifyhub/examples/email/custom/main.go:111.16,114.3 2 0
github.com/kart-io/notifyhub/examples/email/custom/main.go:115.2,115.15 1 0
github.com/kart-io/notifyhub/examples/email/custom/main.go:115.15,115.37 1 0
github.com/kart-io/notifyhub/examples/email/custom/main.go:117.2,121.51 3 0
github.com/kart-io/notifyhub/examples/email/custom/main.go:121.51,123.3 1 0
github.com/kart-io/notifyhub/examples/email/custom/main.go:123.8,125.3 1 0
github.com/kart-io/notifyhub/examples/email/custom/main.go:128.2,157.16 14 0
github.com/kart-io/notifyhub/examples/email/custom/main.go:157.16,159.3 1 0
github.com/kart-io/notifyhub/examples/email/custom/main.go:159.8,161.3 1 0
github.com/kart-io/notifyhub/examples/email/custom/main.go:164.2,184.12 15 0
github.com/kart-io/notifyhub/examples/email/custom/main.go:188.64,210.16 6 0
github.com/kart-io/notifyhub/examples/email/custom/main.go:210.16,213.3 2 0
github.com/kart-io/notifyhub/examples/email/custom/main.go:214.2,214.15 1 0
github.com/kart-io/notifyhub/examples/email/custom/main.go:214.15,214.37 1 0
github.com/kart-io/notifyhub/examples/email/custom/main.go:216.2,256.16 13 0
github.com/kart-io/notifyhub/examples/email/custom/main.go:256.16,259.3 2 0
github.com/kart-io/notifyhub/examples/email/custom/main.go:261.2,268.41 6 0
github.com/kart-io/notifyhub/examples/email/custom/main.go:268.41,269.21 1 0
github.com/kart-io/notifyhub/examples/email/custom/main.go:269.21,271.4 1 0
github.com/kart-io/notifyhub/examples/email/custom/main.go:271.9,273.4 1 0
github.com/kart-io/notifyhub/examples/email/custom/main.go:276.2,282.12 6 0
github.com/kart-io/notifyhub/examples/email/custom/main.go:286.61,306.16 4 0
github.com/kart-io/notifyhub/examples/email/custom/main.go:306.16,309.3 2 0
github.com/kart-io/notifyhub/examples/email/custom/main.go:310.2,310.15 1 0
github.com/kart-io/notifyhub/examples/email/custom/main.go:310.15,310.37 1 0
github.com/kart-io/notifyhub/examples/email/custom/main.go:313.2,316.53 3 0
github.com/kart-io/notifyhub/examples/email/custom/main.go:316.53,318.3 1 0
github.com/kart-io/notifyhub/examples/email/custom/main.go:321.2,323.41 2 0
github.com/kart-io/notifyhub/examples/email/custom/main.go:323.41,357.17 7 0
github.com/kart-io/notifyhub/examples/email/custom/main.go:357.17,359.4 1 0
github.com/kart-io/notifyhub/examples/email/custom/main.go:359.9,361.4 1 0
github.com/kart-io/notifyhub/examples/email/custom/main.go:362.3,362.70 1 0
github.com/kart-io/notifyhub/examples/email/custom/main.go:365.2,365.12 1 0
github.com/kart-io/notifyhub/examples/email/custom/main.go:369.63,430.50 4 0
github.com/kart-io/notifyhub/examples/email/custom/main.go:430.50,433.3 2 0
github.com/kart-io/notifyhub/examples/email/custom/main.go:435.2,439.16 3 0
github.com/kart-io/notifyhub/examples/email/custom/main.go:439.16,442.3 2 0
github.com/kart-io/notifyhub/examples/email/custom/main.go:443.2,443.15 1 0
github.com/kart-io/notifyhub/examples/email/custom/main.go:443.15,443.37 1 0
github.com/kart-io/notifyhub/examples/email/custom/main.go:446.2,465.43 9 0
github.com/kart-io/notifyhub/examples/email/custom/main.go:465.43,469.3 1 0
github.com/kart-io/notifyhub/examples/email/custom/main.go:472.2,483.12 11 0
github.com/kart-io/notifyhub/examples/email/custom/main.go:487.59,508.27 13 0
github.com/kart-io/notifyhub/examples/email/custom/main.go:508.27,509.26 1 0
github.com/kart-io/notifyhub/examples/email/custom/main.go:509.26,511.4 1 0
github.com/kart-io/notifyhub/examples/email/custom/main.go:511.9,513.4 1 0
github.com/kart-io/notifyhub/examples/email/custom/main.go:516.3,516.15 1 0
github.com/kart-io/notifyhub/examples/email/custom/main.go:516.15,519.4 2 0
github.com/kart-io/notifyhub/examples/email/custom/main.go:523.2,535.12 11 0
github.com/kart-io/notifyhub/examples/email/custom/main.go:539.45,540.21 1 0
github.com/kart-io/notifyhub/examples/email/custom/main.go:540.21,542.3 1 0
github.com/kart-io/notifyhub/examples/email/custom/main.go:543.2,543.21 1 0
github.com/kart-io/notifyhub/examples/email/custom/main.go:543.21,545.3 1 0
github.com/kart-io/notifyhub/examples/email/custom/main.go:546.2,546.42 1 0
github.com/kart-io/notifyhub/examples/email/custom/main.go:550.16,554.2 3 0
github.com/kart-io/notifyhub/examples/email/custom/template-demo.go:13.24,27.69 6 0
github.com/kart-io/notifyhub/examples/email/custom/template-demo.go:27.69,29.3 1 0
github.com/kart-io/notifyhub/examples/email/custom/template-demo.go:32.2,32.69 1 0
github.com/kart-io/notifyhub/examples/email/custom/template-demo.go:32.69,34.3 1 0
github.com/kart-io/notifyhub/examples/email/custom/template-demo.go:37.2,37.72 1 0
github.com/kart-io/notifyhub/examples/email/custom/template-demo.go:37.72,39.3 1 0
github.com/kart-io/notifyhub/examples/email/custom/template-demo.go:42.2,42.73 1 0
github.com/kart-io/notifyhub/examples/email/custom/template-demo.go:42.73,44.3 1 0
github.com/kart-io/notifyhub/examples/email/custom/template-demo.go:46.2,46.53 1 0
github.com/kart-io/notifyhub/examples/email/custom/template-demo.go:50.79,78.16 4 0
github.com/kart-io/notifyhub/examples/email/custom/template-demo.go:78.16,81.3 2 0
github.com/kart-io/notifyhub/examples/email/custom/template-demo.go:82.2,82.15 1 0
github.com/kart-io/notifyhub/examples/email/custom/template-demo.go:82.15,82.37 1 0
github.com/kart-io/notifyhub/examples/email/custom/template-demo.go:86.2,133.12 10 0
github.com/kart-io/notifyhub/examples/email/custom/template-demo.go:137.79,164.16 4 0
github.com/kart-io/notifyhub/examples/email/custom/template-demo.go:164.16,166.3 1 0
github.com/kart-io/notifyhub/examples/email/custom/template-demo.go:167.2,167.15 1 0
github.com/kart-io/notifyhub/examples/email/custom/template-demo.go:167.15,167.37 1 0
github.com/kart-io/notifyhub/examples/email/custom/template-demo.go:170.2,228.12 8 0
github.com/kart-io/notifyhub/examples/email/custom/template-demo.go:232.82,262.16 4 0
github.com/kart-io/notifyhub/examples/email/custom/template-demo.go:262.16,264.3 1 0
github.com/kart-io/notifyhub/examples/email/custom/template-demo.go:265.2,265.15 1 0
github.com/kart-io/notifyhub/examples/email/custom/template-demo.go:265.15,265.37 1 0
github.com/kart-io/notifyhub/examples/email/custom/template-demo.go:268.2,358.12 8 0
github.com/kart-io/notifyhub/examples/email/custom/template-demo.go:362.83,393.16 4 0
github.com/kart-io/notifyhub/examples/email/custom/template-demo.go:393.16,395.3 1 0
github.com/kart-io/notifyhub/examples/email/custom/template-demo.go:396.2,396.15 1 0
github.com/kart-io/notifyhub/examples/email/custom/template-demo.go:396.15,396.37 1 0
github.com/kart-io/notifyhub/examples/email/custom/template-demo.go:399.2,484.12 9 0
github.com/kart-io/notifyhub/examples/email/custom/template-demo.go:488.59,490.2 1 0
github.com/kart-io/notifyhub/examples/email/custom/template-demo.go:493.16,500.2 6 0
github.com/kart-io/notifyhub/examples/email/advanced/main.go:15.13,34.47 10 0
github.com/kart-io/notifyhub/examples/email/advanced/main.go:34.47,37.3 2 0
github.com/kart-io/notifyhub/examples/email/advanced/main.go:40.2,40.63 1 0
github.com/kart-io/notifyhub/examples/email/advanced/main.go:40.63,43.3 2 0
github.com/kart-io/notifyhub/examples/email/advanced/main.go:46.2,52.16 6 0
github.com/kart-io/notifyhub/examples/email/advanced/main.go:52.16,55.3 2 0
github.com/kart-io/notifyhub/examples/email/advanced/main.go:56.2,56.15 1 0
github.com/kart-io/notifyhub/examples/email/advanced/main.go:56.15,56.37 1 0
github.com/kart-io/notifyhub/examples/email/advanced/main.go:58.2,73.35 3 0
github.com/kart-io/notifyhub/examples/email/advanced/main.go:73.35,74.60 1 0
github.com/kart-io/notifyhub/examples/email/advanced/main.go:74.60,76.4 1 0
github.com/kart-io/notifyhub/examples/email/advanced/main.go:79.3,79.30 1 0
github.com/kart-io/notifyhub/examples/email/advanced/main.go:82.2,82.57 1 0
github.com/kart-io/notifyhub/examples/email/advanced/main.go:86.106,97.16 5 0
github.com/kart-io/notifyhub/examples/email/advanced/main.go:97.16,99.3 1 0
github.com/kart-io/notifyhub/examples/email/advanced/main.go:101.2,102.12 2 0
github.com/kart-io/notifyhub/examples/email/advanced/main.go:106.115,147.16 11 0
github.com/kart-io/notifyhub/examples/email/advanced/main.go:147.16,149.3 1 0
github.com/kart-io/notifyhub/examples/email/advanced/main.go:151.2,153.12 3 0
github.com/kart-io/notifyhub/examples/email/advanced/main.go:157.114,187.16 10 0
github.com/kart-io/notifyhub/examples/email/advanced/main.go:187.16,189.3 1 0
github.com/kart-io/notifyhub/examples/email/advanced/main.go:191.2,193.12 3 0
github.com/kart-io/notifyhub/examples/email/advanced/main.go:197.105,211.16 9 0
github.com/kart-io/notifyhub/examples/email/advanced/main.go:211.16,213.3 1 0
github.com/kart-io/notifyhub/examples/email/advanced/main.go:215.2,219.16 3 0
github.com/kart-io/notifyhub/examples/email/advanced/main.go:219.16,222.3 2 0
github.com/kart-io/notifyhub/examples/email/advanced/main.go:224.2,226.12 3 0
github.com/kart-io/notifyhub/examples/email/advanced/main.go:230.109,253.16 11 0
github.com/kart-io/notifyhub/examples/email/advanced/main.go:253.16,255.3 1 0
github.com/kart-io/notifyhub/examples/email/advanced/main.go:257.2,259.12 3 0
github.com/kart-io/notifyhub/examples/email/advanced/main.go:263.112,297.16 10 0
github.com/kart-io/notifyhub/examples/email/advanced/main.go:297.16,299.3 1 0
github.com/kart-io/notifyhub/examples/email/advanced/main.go:301.2,304.12 4 0
github.com/kart-io/notifyhub/examples/email/advanced/main.go:309.53,317.2 7 0
github.com/kart-io/notifyhub/examples/email/advanced/main.go:319.56,339.2 7 0
github.com/kart-io/notifyhub/examples/email/advanced/main.go:341.54,350.2 8 0
github.com/kart-io/notifyhub/examples/email/advanced/main.go:352.73,384.2 1 0
github.com/kart-io/notifyhub/examples/email/163-test/main.go:21.13,45.51 14 0
github.com/kart-io/notifyhub/examples/email/163-test/main.go:45.51,48.3 2 0
github.com/kart-io/notifyhub/examples/email/163-test/main.go:51.2,51.63 1 0
github.com/kart-io/notifyhub/examples/email/163-test/main.go:51.63,55.3 3 0
github.com/kart-io/notifyhub/examples/email/163-test/main.go:58.2,62.16 4 0
github.com/kart-io/notifyhub/examples/email/163-test/main.go:62.16,65.3 2 0
github.com/kart-io/notifyhub/examples/email/163-test/main.go:66.2,66.15 1 0
github.com/kart-io/notifyhub/examples/email/163-test/main.go:66.15,66.37 1 0
github.com/kart-io/notifyhub/examples/email/163-test/main.go:68.2,71.65 2 0
github.com/kart-io/notifyhub/examples/email/163-test/main.go:71.65,73.3 1 0
github.com/kart-io/notifyhub/examples/email/163-test/main.go:75.2,75.42 1 0
github.com/kart-io/notifyhub/examples/email/163-test/main.go:79.107,115.16 10 0
github.com/kart-io/notifyhub/examples/email/163-test/main.go:115.16,117.3 1 0
github.com/kart-io/notifyhub/examples/email/163-test/main.go:119.2,123.24 3 0
github.com/kart-io/notifyhub/examples/email/163-test/main.go:123.24,125.42 2 0
github.com/kart-io/notifyhub/examples/email/163-test/main.go:125.42,126.23 1 0
github.com/kart-io/notifyhub/examples/email/163-test/main.go:126.23,128.5 1 0
github.com/kart-io/notifyhub/examples/email/163-test/main.go:130.8,135.3 4 0
github.com/kart-io/notifyhub/examples/email/163-test/main.go:137.2,137.12 1 0
github.com/kart-io/notifyhub/examples/async-callbacks/main.go:16.13,32.48 6 0
github.com/kart-io/notifyhub/examples/async-callbacks/main.go:32.48,35.3 2 0
github.com/kart-io/notifyhub/examples/async-callbacks/main.go:38.2,42.16 4 0
github.com/kart-io/notifyhub/examples/async-callbacks/main.go:42.16,45.3 2 0
github.com/kart-io/notifyhub/examples/async-callbacks/main.go:46.2,46.15 1 0
github.com/kart-io/notifyhub/examples/async-callbacks/main.go:46.15,46.37 1 0
github.com/kart-io/notifyhub/examples/async-callbacks/main.go:48.2,60.35 3 0
github.com/kart-io/notifyhub/examples/async-callbacks/main.go:60.35,65.60 4 0
github.com/kart-io/notifyhub/examples/async-callbacks/main.go:65.60,67.4 1 0
github.com/kart-io/notifyhub/examples/async-callbacks/main.go:70.3,70.30 1 0
github.com/kart-io/notifyhub/examples/async-callbacks/main.go:73.2,73.57 1 0
github.com/kart-io/notifyhub/examples/async-callbacks/main.go:77.112,92.16 9 0
github.com/kart-io/notifyhub/examples/async-callbacks/main.go:92.16,94.3 1 0
github.com/kart-io/notifyhub/examples/async-callbacks/main.go:97.2,97.55 1 0
github.com/kart-io/notifyhub/examples/async-callbacks/main.go:97.55,101.3 2 0
github.com/kart-io/notifyhub/examples/async-callbacks/main.go:101.59,105.3 3 0
github.com/kart-io/notifyhub/examples/async-callbacks/main.go:107.2,111.16 3 0
github.com/kart-io/notifyhub/examples/async-callbacks/main.go:111.16,114.3 2 0
github.com/kart-io/notifyhub/examples/async-callbacks/main.go:116.2,117.12 2 0
github.com/kart-io/notifyhub/examples/async-callbacks/main.go:121.112,135.16 5 0
github.com/kart-io/notifyhub/examples/async-callbacks/main.go:135.16,137.3 1 0
github.com/kart-io/notifyhub/examples/async-callbacks/main.go:139.2,142.12 2 0
github.com/kart-io/notifyhub/examples/async-callbacks/main.go:142.12,143.48 1 0
github.com/kart-io/notifyhub/examples/async-callbacks/main.go:143.48,146.4 1 0
github.com/kart-io/notifyhub/examples/async-callbacks/main.go:150.2,150.12 1 0
github.com/kart-io/notifyhub/examples/async-callbacks/main.go:150.12,152.45 2 0
github.com/kart-io/notifyhub/examples/async-callbacks/main.go:152.45,154.27 2 0
github.com/kart-io/notifyhub/examples/async-callbacks/main.go:154.27,156.5 1 0
github.com/kart-io/notifyhub/examples/async-callbacks/main.go:156.10,158.5 1 0
github.com/kart-io/notifyhub/examples/async-callbacks/main.go:163.2,164.16 2 0
github.com/kart-io/notifyhub/examples/async-callbacks/main.go:164.16,167.3 2 0
github.com/kart-io/notifyhub/examples/async-callbacks/main.go:169.2,170.39 2 0
github.com/kart-io/notifyhub/examples/async-callbacks/main.go:170.39,171.25 1 0
github.com/kart-io/notifyhub/examples/async-callbacks/main.go:171.25,173.4 1 0
github.com/kart-io/notifyhub/examples/async-callbacks/main.go:175.2,175.12 1 0
github.com/kart-io/notifyhub/examples/async-callbacks/main.go:179.107,194.16 9 0
github.com/kart-io/notifyhub/examples/async-callbacks/main.go:194.16,196.3 1 0
github.com/kart-io/notifyhub/examples/async-callbacks/main.go:199.2,199.55 1 0
github.com/kart-io/notifyhub/examples/async-callbacks/main.go:199.55,205.46 5 0
github.com/kart-io/notifyhub/examples/async-callbacks/main.go:205.46,208.4 1 0
github.com/kart-io/notifyhub/examples/async-callbacks/main.go:209.59,215.3 5 0
github.com/kart-io/notifyhub/examples/async-callbacks/main.go:215.43,218.3 2 0
github.com/kart-io/notifyhub/examples/async-callbacks/main.go:220.2,224.16 3 0
github.com/kart-io/notifyhub/examples/async-callbacks/main.go:224.16,227.3 2 0
github.com/kart-io/notifyhub/examples/async-callbacks/main.go:229.2,230.12 2 0
github.com/kart-io/notifyhub/examples/async-callbacks/main.go:234.69,243.2 6 0
github.com/kart-io/notifyhub/examples/email/basic/main.go:20.13,46.63 11 0
github.com/kart-io/notifyhub/examples/email/basic/main.go:46.63,50.3 3 0
github.com/kart-io/notifyhub/examples/email/basic/main.go:53.2,58.16 4 0
github.com/kart-io/notifyhub/examples/email/basic/main.go:58.16,61.3 2 0
github.com/kart-io/notifyhub/examples/email/basic/main.go:62.2,62.15 1 0
github.com/kart-io/notifyhub/examples/email/basic/main.go:62.15,62.37 1 0
github.com/kart-io/notifyhub/examples/email/basic/main.go:64.2,67.67 2 0
github.com/kart-io/notifyhub/examples/email/basic/main.go:67.67,69.3 1 0
github.com/kart-io/notifyhub/examples/email/basic/main.go:72.2,72.62 1 0
github.com/kart-io/notifyhub/examples/email/basic/main.go:72.62,74.3 1 0
github.com/kart-io/notifyhub/examples/email/basic/main.go:77.2,77.66 1 0
github.com/kart-io/notifyhub/examples/email/basic/main.go:77.66,79.3 1 0
github.com/kart-io/notifyhub/examples/email/basic/main.go:82.2,82.64 1 0
github.com/kart-io/notifyhub/examples/email/basic/main.go:82.64,84.3 1 0
github.com/kart-io/notifyhub/examples/email/basic/main.go:86.2,86.51 1 0
github.com/kart-io/notifyhub/examples/email/basic/main.go:90.109,106.16 9 0
github.com/kart-io/notifyhub/examples/email/basic/main.go:106.16,109.3 2 0
github.com/kart-io/notifyhub/examples/email/basic/main.go:111.2,115.24 3 0
github.com/kart-io/notifyhub/examples/email/basic/main.go:115.24,117.42 2 0
github.com/kart-io/notifyhub/examples/email/basic/main.go:117.42,118.23 1 0
github.com/kart-io/notifyhub/examples/email/basic/main.go:118.23,120.5 1 0
github.com/kart-io/notifyhub/examples/email/basic/main.go:122.8,126.3 3 0
github.com/kart-io/notifyhub/examples/email/basic/main.go:127.2,127.12 1 0
github.com/kart-io/notifyhub/examples/email/basic/main.go:131.104,146.16 8 0
github.com/kart-io/notifyhub/examples/email/basic/main.go:146.16,149.3 2 0
github.com/kart-io/notifyhub/examples/email/basic/main.go:151.2,153.12 3 0
github.com/kart-io/notifyhub/examples/email/basic/main.go:157.108,172.16 8 0
github.com/kart-io/notifyhub/examples/email/basic/main.go:172.16,175.3 2 0
github.com/kart-io/notifyhub/examples/email/basic/main.go:177.2,179.12 3 0
github.com/kart-io/notifyhub/examples/email/basic/main.go:183.106,198.16 8 0
github.com/kart-io/notifyhub/examples/email/basic/main.go:198.16,201.3 2 0
github.com/kart-io/notifyhub/examples/email/basic/main.go:203.2,205.12 3 0
github.com/kart-io/notifyhub/examples/common/config.go:75.44,103.2 1 0
github.com/kart-io/notifyhub/examples/common/config.go:106.60,128.2 1 0
github.com/kart-io/notifyhub/examples/common/config.go:131.61,150.2 1 0
github.com/kart-io/notifyhub/examples/common/config.go:153.62,172.2 1 0
github.com/kart-io/notifyhub/examples/common/config.go:175.60,198.2 1 0
github.com/kart-io/notifyhub/examples/common/utils.go:23.38,25.2 1 0
github.com/kart-io/notifyhub/examples/common/utils.go:28.63,30.15 2 0
github.com/kart-io/notifyhub/examples/common/utils.go:31.20,32.27 1 0
github.com/kart-io/notifyhub/examples/common/utils.go:33.21,34.28 1 0
github.com/kart-io/notifyhub/examples/common/utils.go:36.2,36.18 1 0
github.com/kart-io/notifyhub/examples/common/utils.go:40.48,42.2 1 0
github.com/kart-io/notifyhub/examples/common/utils.go:45.59,47.2 1 0
github.com/kart-io/notifyhub/examples/common/utils.go:50.49,52.2 1 0
github.com/kart-io/notifyhub/examples/common/utils.go:55.49,56.15 1 0
github.com/kart-io/notifyhub/examples/common/utils.go:56.15,58.3 1 0
github.com/kart-io/notifyhub/examples/common/utils.go:62.48,64.2 1 0
github.com/kart-io/notifyhub/examples/common/utils.go:67.34,70.2 2 0
github.com/kart-io/notifyhub/examples/common/utils.go:73.40,77.16 4 0
github.com/kart-io/notifyhub/examples/common/utils.go:77.16,79.3 1 0
github.com/kart-io/notifyhub/examples/common/utils.go:80.2,81.45 2 0
github.com/kart-io/notifyhub/examples/common/utils.go:85.67,86.18 1 0
github.com/kart-io/notifyhub/examples/common/utils.go:87.15,88.30 1 0
github.com/kart-io/notifyhub/examples/common/utils.go:88.30,90.4 1 0
github.com/kart-io/notifyhub/examples/common/utils.go:91.3,91.34 1 0
github.com/kart-io/notifyhub/examples/common/utils.go:91.34,93.4 1 0
github.com/kart-io/notifyhub/examples/common/utils.go:94.3,94.34 1 0
github.com/kart-io/notifyhub/examples/common/utils.go:94.34,96.4 1 0
github.com/kart-io/notifyhub/examples/common/utils.go:97.3,97.30 1 0
github.com/kart-io/notifyhub/examples/common/utils.go:97.30,99.4 1 0
github.com/kart-io/notifyhub/examples/common/utils.go:100.16,101.37 1 0
github.com/kart-io/notifyhub/examples/common/utils.go:101.37,103.4 1 0
github.com/kart-io/notifyhub/examples/common/utils.go:104.3,104.63 1 0
github.com/kart-io/notifyhub/examples/common/utils.go:104.63,106.4 1 0
github.com/kart-io/notifyhub/examples/common/utils.go:107.17,108.31 1 0
github.com/kart-io/notifyhub/examples/common/utils.go:108.31,110.4 1 0
github.com/kart-io/notifyhub/examples/common/utils.go:111.3,111.53 1 0
github.com/kart-io/notifyhub/examples/common/utils.go:111.53,113.4 1 0
github.com/kart-io/notifyhub/examples/common/utils.go:114.15,115.64 1 0
github.com/kart-io/notifyhub/examples/common/utils.go:115.64,117.4 1 0
github.com/kart-io/notifyhub/examples/common/utils.go:118.3,118.111 1 0
github.com/kart-io/notifyhub/examples/common/utils.go:118.111,120.4 1 0
github.com/kart-io/notifyhub/examples/common/utils.go:122.2,122.12 1 0
github.com/kart-io/notifyhub/examples/common/utils.go:126.71,129.21 2 0
github.com/kart-io/notifyhub/examples/common/utils.go:130.15,135.40 4 0
github.com/kart-io/notifyhub/examples/common/utils.go:137.14,171.40 4 0
github.com/kart-io/notifyhub/examples/common/utils.go:173.18,209.40 4 0
github.com/kart-io/notifyhub/examples/common/utils.go:211.16,216.40 4 0
github.com/kart-io/notifyhub/examples/common/utils.go:218.10,219.46 1 0
github.com/kart-io/notifyhub/examples/common/utils.go:223.2,230.12 2 0
github.com/kart-io/notifyhub/examples/common/utils.go:234.52,236.2 1 0
github.com/kart-io/notifyhub/examples/common/utils.go:239.41,241.2 1 0
github.com/kart-io/notifyhub/examples/common/utils.go:244.52,246.2 1 0
github.com/kart-io/notifyhub/examples/common/utils.go:249.54,250.19 1 0
github.com/kart-io/notifyhub/examples/common/utils.go:250.19,252.3 1 0
github.com/kart-io/notifyhub/examples/common/utils.go:253.2,253.46 1 0
github.com/kart-io/notifyhub/examples/common/utils.go:257.35,263.2 5 0
github.com/kart-io/notifyhub/examples/common/utils.go:266.44,273.2 6 0
github.com/kart-io/notifyhub/examples/common/utils.go:276.53,279.18 2 0
github.com/kart-io/notifyhub/examples/common/utils.go:280.15,283.50 3 0
github.com/kart-io/notifyhub/examples/common/utils.go:284.16,287.46 3 0
github.com/kart-io/notifyhub/examples/common/utils.go:288.17,291.49 3 0
github.com/kart-io/notifyhub/examples/common/utils.go:292.15,295.58 3 0
github.com/kart-io/notifyhub/examples/common/utils.go:298.2,299.63 2 0
github.com/kart-io/notifyhub/examples/email/provider-validation/main.go:19.13,30.22 5 0
github.com/kart-io/notifyhub/examples/email/provider-validation/main.go:30.22,34.3 3 0
github.com/kart-io/notifyhub/examples/email/provider-validation/main.go:37.2,37.36 1 0
github.com/kart-io/notifyhub/examples/email/provider-validation/main.go:40.74,45.19 3 0
github.com/kart-io/notifyhub/examples/email/provider-validation/main.go:45.19,48.3 2 0
github.com/kart-io/notifyhub/examples/email/provider-validation/main.go:51.2,57.64 3 0
github.com/kart-io/notifyhub/examples/email/provider-validation/main.go:57.64,59.3 1 0
github.com/kart-io/notifyhub/examples/email/provider-validation/main.go:59.8,61.3 1 0
github.com/kart-io/notifyhub/examples/email/provider-validation/main.go:64.56,80.2 6 0
github.com/kart-io/notifyhub/examples/email/provider-validation/main.go:82.96,86.38 3 0
github.com/kart-io/notifyhub/examples/email/provider-validation/main.go:86.38,89.3 2 0
github.com/kart-io/notifyhub/examples/email/provider-validation/main.go:91.2,98.39 2 0
github.com/kart-io/notifyhub/examples/email/provider-validation/main.go:99.15,103.28 4 0
github.com/kart-io/notifyhub/examples/email/provider-validation/main.go:104.13,108.28 4 0
github.com/kart-io/notifyhub/examples/email/provider-validation/main.go:109.12,113.28 4 0
github.com/kart-io/notifyhub/examples/email/provider-validation/main.go:114.10,116.13 2 0
github.com/kart-io/notifyhub/examples/email/provider-validation/main.go:119.2,119.15 1 0
github.com/kart-io/notifyhub/examples/email/provider-validation/main.go:132.102,138.23 3 0
github.com/kart-io/notifyhub/examples/email/provider-validation/main.go:138.23,140.3 1 0
github.com/kart-io/notifyhub/examples/email/provider-validation/main.go:142.2,142.45 1 0
github.com/kart-io/notifyhub/examples/email/provider-validation/main.go:142.45,144.3 1 0
github.com/kart-io/notifyhub/examples/email/provider-validation/main.go:146.2,146.27 1 0
github.com/kart-io/notifyhub/examples/email/provider-validation/main.go:146.27,148.3 1 0
github.com/kart-io/notifyhub/examples/email/provider-validation/main.go:150.2,150.27 1 0
github.com/kart-io/notifyhub/examples/email/provider-validation/main.go:150.27,152.3 1 0
github.com/kart-io/notifyhub/examples/email/provider-validation/main.go:154.2,154.23 1 0
github.com/kart-io/notifyhub/examples/email/provider-validation/main.go:154.23,156.3 1 0
github.com/kart-io/notifyhub/examples/email/provider-validation/main.go:158.2,158.21 1 0
github.com/kart-io/notifyhub/examples/email/provider-validation/main.go:158.21,160.30 2 0
github.com/kart-io/notifyhub/examples/email/provider-validation/main.go:160.30,162.4 1 0
github.com/kart-io/notifyhub/examples/email/provider-validation/main.go:163.3,163.9 1 0
github.com/kart-io/notifyhub/examples/email/provider-validation/main.go:166.2,174.76 7 0
github.com/kart-io/notifyhub/examples/email/provider-validation/main.go:177.98,185.16 5 0
github.com/kart-io/notifyhub/examples/email/provider-validation/main.go:185.16,189.58 2 0
github.com/kart-io/notifyhub/examples/email/provider-validation/main.go:189.58,194.4 4 0
github.com/kart-io/notifyhub/examples/email/provider-validation/main.go:194.9,194.54 1 0
github.com/kart-io/notifyhub/examples/email/provider-validation/main.go:194.54,198.4 3 0
github.com/kart-io/notifyhub/examples/email/provider-validation/main.go:199.3,199.9 1 0
github.com/kart-io/notifyhub/examples/email/provider-validation/main.go:201.2,201.15 1 0
github.com/kart-io/notifyhub/examples/email/provider-validation/main.go:201.15,201.35 1 0
github.com/kart-io/notifyhub/examples/email/provider-validation/main.go:203.2,209.43 3 0
github.com/kart-io/notifyhub/examples/email/provider-validation/main.go:212.114,230.16 13 0
github.com/kart-io/notifyhub/examples/email/provider-validation/main.go:230.16,233.3 2 0
github.com/kart-io/notifyhub/examples/email/provider-validation/main.go:234.2,234.15 1 0
github.com/kart-io/notifyhub/examples/email/provider-validation/main.go:234.15,234.37 1 0
github.com/kart-io/notifyhub/examples/email/provider-validation/main.go:236.2,265.16 9 0
github.com/kart-io/notifyhub/examples/email/provider-validation/main.go:265.16,271.3 3 0
github.com/kart-io/notifyhub/examples/email/provider-validation/main.go:274.2,274.24 1 0
github.com/kart-io/notifyhub/examples/email/provider-validation/main.go:274.24,276.42 2 0
github.com/kart-io/notifyhub/examples/email/provider-validation/main.go:276.42,277.23 1 0
github.com/kart-io/notifyhub/examples/email/provider-validation/main.go:277.23,279.5 1 0
github.com/kart-io/notifyhub/examples/email/provider-validation/main.go:281.8,289.3 6 0
github.com/kart-io/notifyhub/examples/email/provider-validation/main.go:292.60,293.19 1 0
github.com/kart-io/notifyhub/examples/email/provider-validation/main.go:293.19,295.3 1 0
github.com/kart-io/notifyhub/examples/email/provider-validation/main.go:295.8,295.31 1 0
github.com/kart-io/notifyhub/examples/email/provider-validation/main.go:295.31,297.3 1 0
github.com/kart-io/notifyhub/examples/email/provider-validation/main.go:298.2,298.20 1 0
github.com/kart-io/notifyhub/examples/email/provider-validation/main.go:301.58,306.90 3 0
github.com/kart-io/notifyhub/examples/email/provider-validation/main.go:306.90,312.3 5 0
github.com/kart-io/notifyhub/examples/email/provider-validation/main.go:312.8,312.59 1 0
github.com/kart-io/notifyhub/examples/email/provider-validation/main.go:312.59,317.3 4 0
github.com/kart-io/notifyhub/examples/email/provider-validation/main.go:317.8,317.79 1 0
github.com/kart-io/notifyhub/examples/email/provider-validation/main.go:317.79,322.3 4 0
github.com/kart-io/notifyhub/examples/email/provider-validation/main.go:322.8,322.48 1 0
github.com/kart-io/notifyhub/examples/email/provider-validation/main.go:322.48,327.3 4 0
github.com/kart-io/notifyhub/examples/email/provider-validation/main.go:327.8,332.3 4 0
github.com/kart-io/notifyhub/examples/email/provider-validation/main.go:335.58,358.42 5 0
github.com/kart-io/notifyhub/examples/email/provider-validation/main.go:358.42,362.20 3 0
github.com/kart-io/notifyhub/examples/email/provider-validation/main.go:362.20,364.12 2 0
github.com/kart-io/notifyhub/examples/email/provider-validation/main.go:368.3,370.43 2 0
github.com/kart-io/notifyhub/examples/email/provider-validation/main.go:370.43,372.12 2 0
github.com/kart-io/notifyhub/examples/email/provider-validation/main.go:375.3,376.17 2 0
github.com/kart-io/notifyhub/examples/email/provider-validation/main.go:379.2,379.91 1 0
github.com/kart-io/notifyhub/examples/email/provider-validation/main.go:382.51,397.31 3 0
github.com/kart-io/notifyhub/examples/email/provider-validation/main.go:397.31,399.46 2 0
github.com/kart-io/notifyhub/examples/email/provider-validation/main.go:399.46,401.4 1 0
github.com/kart-io/notifyhub/examples/email/provider-validation/main.go:401.9,403.4 1 0
github.com/kart-io/notifyhub/examples/email/provider-validation/main.go:407.42,409.56 2 0
github.com/kart-io/notifyhub/examples/email/provider-validation/main.go:409.56,411.3 1 0
github.com/kart-io/notifyhub/examples/email/provider-validation/main.go:413.2,413.9 1 0
github.com/kart-io/notifyhub/examples/email/provider-validation/main.go:414.45,415.17 1 0
github.com/kart-io/notifyhub/examples/email/provider-validation/main.go:416.43,417.21 1 0
github.com/kart-io/notifyhub/examples/email/provider-validation/main.go:418.43,419.21 1 0
github.com/kart-io/notifyhub/examples/email/provider-validation/main.go:420.42,421.20 1 0
github.com/kart-io/notifyhub/examples/email/provider-validation/main.go:422.47,423.19 1 0
github.com/kart-io/notifyhub/examples/email/provider-validation/main.go:424.10,425.27 1 0
github.com/kart-io/notifyhub/examples/email/provider-validation/main.go:429.57,440.47 8 0
github.com/kart-io/notifyhub/examples/email/provider-validation/main.go:440.47,442.3 1 0
github.com/kart-io/notifyhub/examples/email/provider-validation/main.go:442.8,444.3 1 0
github.com/kart-io/notifyhub/examples/email/provider-validation/main.go:447.2,453.33 1 0
github.com/kart-io/notifyhub/examples/email/provider-validation/main.go:453.33,458.5 4 0
github.com/kart-io/notifyhub/examples/email/provider-validation/main.go:462.33,468.5 5 0
github.com/kart-io/notifyhub/examples/email/provider-validation/main.go:472.33,477.5 4 0
github.com/kart-io/notifyhub/examples/email/provider-validation/main.go:481.2,481.36 1 0
github.com/kart-io/notifyhub/examples/email/provider-validation/main.go:481.36,482.46 1 0
github.com/kart-io/notifyhub/examples/email/provider-validation/main.go:482.46,484.4 1 0
github.com/kart-io/notifyhub/examples/email/provider-validation/main.go:484.9,486.4 1 0
github.com/kart-io/notifyhub/examples/email/provider-validation/main.go:490.50,504.33 3 0
github.com/kart-io/notifyhub/examples/email/provider-validation/main.go:504.33,509.17 4 0
github.com/kart-io/notifyhub/examples/email/provider-validation/main.go:509.17,511.4 1 0
github.com/kart-io/notifyhub/examples/email/provider-validation/main.go:511.9,514.4 2 0
github.com/kart-io/notifyhub/examples/email/provider-validation/main.go:518.43,519.24 1 0
github.com/kart-io/notifyhub/examples/email/provider-validation/main.go:519.24,521.3 1 0
github.com/kart-io/notifyhub/examples/email/provider-validation/main.go:522.2,522.89 1 0
github.com/kart-io/notifyhub/examples/email/provider-validation/main.go:526.13,527.72 1 0
github.com/kart-io/notifyhub/examples/email/provider-validation/main.go:527.72,543.3 15 0
github.com/kart-io/notifyhub/examples/email/multi-provider-test/main.go:12.13,35.62 5 0
github.com/kart-io/notifyhub/examples/email/multi-provider-test/main.go:35.62,37.5 1 0
github.com/kart-io/notifyhub/examples/email/multi-provider-test/main.go:50.62,52.5 1 0
github.com/kart-io/notifyhub/examples/email/multi-provider-test/main.go:65.62,67.5 1 0
github.com/kart-io/notifyhub/examples/email/multi-provider-test/main.go:80.62,82.5 1 0
github.com/kart-io/notifyhub/examples/email/multi-provider-test/main.go:95.62,97.5 1 0
github.com/kart-io/notifyhub/examples/email/multi-provider-test/main.go:110.62,112.5 1 0
github.com/kart-io/notifyhub/examples/email/multi-provider-test/main.go:125.62,127.5 1 0
github.com/kart-io/notifyhub/examples/email/multi-provider-test/main.go:140.62,142.5 1 0
github.com/kart-io/notifyhub/examples/email/multi-provider-test/main.go:155.62,157.5 1 0
github.com/kart-io/notifyhub/examples/email/multi-provider-test/main.go:170.62,172.5 1 0
github.com/kart-io/notifyhub/examples/email/multi-provider-test/main.go:185.62,187.5 1 0
github.com/kart-io/notifyhub/examples/email/multi-provider-test/main.go:200.62,202.5 1 0
github.com/kart-io/notifyhub/examples/email/multi-provider-test/main.go:215.62,217.5 1 0
github.com/kart-io/notifyhub/examples/email/multi-provider-test/main.go:230.62,232.5 1 0
github.com/kart-io/notifyhub/examples/email/multi-provider-test/main.go:237.2,248.65 5 0
github.com/kart-io/notifyhub/examples/email/multi-provider-test/main.go:267.80,271.41 3 0
github.com/kart-io/notifyhub/examples/email/multi-provider-test/main.go:271.41,284.24 11 0
github.com/kart-io/notifyhub/examples/email/multi-provider-test/main.go:284.24,288.4 2 0
github.com/kart-io/notifyhub/examples/email/multi-provider-test/main.go:288.9,290.4 1 0
github.com/kart-io/notifyhub/examples/email/multi-provider-test/main.go:294.51,320.37 4 0
github.com/kart-io/notifyhub/examples/email/multi-provider-test/main.go:320.37,322.40 2 0
github.com/kart-io/notifyhub/examples/email/multi-provider-test/main.go:322.40,324.4 1 0
github.com/kart-io/notifyhub/examples/email/multi-provider-test/main.go:324.9,326.4 1 0
github.com/kart-io/notifyhub/examples/email/multi-provider-test/main.go:330.47,332.35 2 0
github.com/kart-io/notifyhub/examples/email/multi-provider-test/main.go:332.35,334.21 2 0
github.com/kart-io/notifyhub/examples/email/multi-provider-test/main.go:334.21,336.4 1 0
github.com/kart-io/notifyhub/examples/email/multi-provider-test/main.go:339.2,339.9 1 0
github.com/kart-io/notifyhub/examples/email/multi-provider-test/main.go:340.45,341.17 1 0
github.com/kart-io/notifyhub/examples/email/multi-provider-test/main.go:342.43,343.21 1 0
github.com/kart-io/notifyhub/examples/email/multi-provider-test/main.go:344.43,345.21 1 0
github.com/kart-io/notifyhub/examples/email/multi-provider-test/main.go:346.44,347.22 1 0
github.com/kart-io/notifyhub/examples/email/multi-provider-test/main.go:348.81,349.20 1 0
github.com/kart-io/notifyhub/examples/email/multi-provider-test/main.go:350.49,351.30 1 0
github.com/kart-io/notifyhub/examples/email/multi-provider-test/main.go:352.90,353.19 1 0
github.com/kart-io/notifyhub/examples/email/multi-provider-test/main.go:354.45,355.17 1 0
github.com/kart-io/notifyhub/examples/email/multi-provider-test/main.go:356.47,357.23 1 0
github.com/kart-io/notifyhub/examples/email/multi-provider-test/main.go:358.44,359.16 1 0
github.com/kart-io/notifyhub/examples/email/multi-provider-test/main.go:360.44,361.24 1 0
github.com/kart-io/notifyhub/examples/email/multi-provider-test/main.go:362.44,363.24 1 0
github.com/kart-io/notifyhub/examples/email/multi-provider-test/main.go:364.49,365.27 1 0
github.com/kart-io/notifyhub/examples/email/multi-provider-test/main.go:366.50,367.22 1 0
github.com/kart-io/notifyhub/examples/email/multi-provider-test/main.go:368.10,369.27 1 0
github.com/kart-io/notifyhub/examples/email/multi-provider-test/main.go:373.88,377.41 3 0
github.com/kart-io/notifyhub/examples/email/multi-provider-test/main.go:377.41,385.43 5 0
github.com/kart-io/notifyhub/examples/email/multi-provider-test/main.go:385.43,387.4 1 0
github.com/kart-io/notifyhub/examples/email/multi-provider-test/main.go:387.9,389.4 1 0
github.com/kart-io/notifyhub/examples/email/multi-provider-test/main.go:392.3,392.58 1 0
github.com/kart-io/notifyhub/examples/email/multi-provider-test/main.go:396.102,410.16 10 0
github.com/kart-io/notifyhub/examples/email/multi-provider-test/main.go:410.16,413.3 2 0
github.com/kart-io/notifyhub/examples/email/multi-provider-test/main.go:414.2,414.15 1 0
github.com/kart-io/notifyhub/examples/email/multi-provider-test/main.go:414.15,414.37 1 0
github.com/kart-io/notifyhub/examples/email/multi-provider-test/main.go:416.2,416.71 1 0
github.com/kart-io/notifyhub/examples/email/multi-provider-test/main.go:419.58,439.2 16 0
github.com/kart-io/notifyhub/examples/goroutine-pool/main.go:19.13,33.48 5 0
github.com/kart-io/notifyhub/examples/goroutine-pool/main.go:33.48,36.3 2 0
github.com/kart-io/notifyhub/examples/goroutine-pool/main.go:38.2,51.35 3 0
github.com/kart-io/notifyhub/examples/goroutine-pool/main.go:51.35,58.59 6 0
github.com/kart-io/notifyhub/examples/goroutine-pool/main.go:58.59,60.4 1 0
github.com/kart-io/notifyhub/examples/goroutine-pool/main.go:61.3,69.15 6 0
github.com/kart-io/notifyhub/examples/goroutine-pool/main.go:72.2,73.60 2 0
github.com/kart-io/notifyhub/examples/goroutine-pool/main.go:77.92,95.16 13 0
github.com/kart-io/notifyhub/examples/goroutine-pool/main.go:95.16,97.3 1 0
github.com/kart-io/notifyhub/examples/goroutine-pool/main.go:100.2,101.31 2 0
github.com/kart-io/notifyhub/examples/goroutine-pool/main.go:101.31,103.48 2 0
github.com/kart-io/notifyhub/examples/goroutine-pool/main.go:103.48,107.18 4 0
github.com/kart-io/notifyhub/examples/goroutine-pool/main.go:107.18,110.5 2 0
github.com/kart-io/notifyhub/examples/goroutine-pool/main.go:111.4,111.27 1 0
github.com/kart-io/notifyhub/examples/goroutine-pool/main.go:115.2,144.16 22 0
github.com/kart-io/notifyhub/examples/goroutine-pool/main.go:144.16,146.3 1 0
github.com/kart-io/notifyhub/examples/goroutine-pool/main.go:149.2,150.31 2 0
github.com/kart-io/notifyhub/examples/goroutine-pool/main.go:150.31,152.48 2 0
github.com/kart-io/notifyhub/examples/goroutine-pool/main.go:152.48,156.18 4 0
github.com/kart-io/notifyhub/examples/goroutine-pool/main.go:156.18,159.5 2 0
github.com/kart-io/notifyhub/examples/goroutine-pool/main.go:160.4,160.27 1 0
github.com/kart-io/notifyhub/examples/goroutine-pool/main.go:164.2,178.27 11 0
github.com/kart-io/notifyhub/examples/goroutine-pool/main.go:178.27,181.3 2 0
github.com/kart-io/notifyhub/examples/goroutine-pool/main.go:181.8,184.3 2 0
github.com/kart-io/notifyhub/examples/goroutine-pool/main.go:186.2,187.30 2 0
github.com/kart-io/notifyhub/examples/goroutine-pool/main.go:187.30,189.3 1 0
github.com/kart-io/notifyhub/examples/goroutine-pool/main.go:189.8,191.3 1 0
github.com/kart-io/notifyhub/examples/goroutine-pool/main.go:193.2,193.12 1 0
github.com/kart-io/notifyhub/examples/goroutine-pool/main.go:197.101,213.37 5 0
github.com/kart-io/notifyhub/examples/goroutine-pool/main.go:213.37,227.17 11 0
github.com/kart-io/notifyhub/examples/goroutine-pool/main.go:227.17,229.12 2 0
github.com/kart-io/notifyhub/examples/goroutine-pool/main.go:233.3,235.17 3 0
github.com/kart-io/notifyhub/examples/goroutine-pool/main.go:235.17,238.12 3 0
github.com/kart-io/notifyhub/examples/goroutine-pool/main.go:242.3,243.17 2 0
github.com/kart-io/notifyhub/examples/goroutine-pool/main.go:243.17,245.4 1 0
github.com/kart-io/notifyhub/examples/goroutine-pool/main.go:247.3,254.36 6 0
github.com/kart-io/notifyhub/examples/goroutine-pool/main.go:254.36,255.22 1 0
github.com/kart-io/notifyhub/examples/goroutine-pool/main.go:255.22,257.5 1 0
github.com/kart-io/notifyhub/examples/goroutine-pool/main.go:260.3,268.15 7 0
github.com/kart-io/notifyhub/examples/goroutine-pool/main.go:271.2,271.12 1 0
github.com/kart-io/notifyhub/examples/goroutine-pool/main.go:275.89,302.16 21 0
github.com/kart-io/notifyhub/examples/goroutine-pool/main.go:302.16,304.3 1 0
github.com/kart-io/notifyhub/examples/goroutine-pool/main.go:305.2,305.15 1 0
github.com/kart-io/notifyhub/examples/goroutine-pool/main.go:305.15,305.37 1 0
github.com/kart-io/notifyhub/examples/goroutine-pool/main.go:307.2,313.47 5 0
github.com/kart-io/notifyhub/examples/goroutine-pool/main.go:313.47,315.25 2 0
github.com/kart-io/notifyhub/examples/goroutine-pool/main.go:315.25,317.4 1 0
github.com/kart-io/notifyhub/examples/goroutine-pool/main.go:319.3,322.53 3 0
github.com/kart-io/notifyhub/examples/goroutine-pool/main.go:322.53,326.18 3 0
github.com/kart-io/notifyhub/examples/goroutine-pool/main.go:326.18,329.5 2 0
github.com/kart-io/notifyhub/examples/goroutine-pool/main.go:331.4,332.18 2 0
github.com/kart-io/notifyhub/examples/goroutine-pool/main.go:332.18,335.5 2 0
github.com/kart-io/notifyhub/examples/goroutine-pool/main.go:337.4,338.37 2 0
github.com/kart-io/notifyhub/examples/goroutine-pool/main.go:338.37,339.23 1 0
github.com/kart-io/notifyhub/examples/goroutine-pool/main.go:339.23,341.6 1 0
github.com/kart-io/notifyhub/examples/goroutine-pool/main.go:344.4,348.89 4 0
github.com/kart-io/notifyhub/examples/goroutine-pool/main.go:353.2,366.12 11 0
github.com/kart-io/notifyhub/examples/goroutine-pool/main.go:370.95,384.16 11 0
github.com/kart-io/notifyhub/examples/goroutine-pool/main.go:384.16,386.3 1 0
github.com/kart-io/notifyhub/examples/goroutine-pool/main.go:388.2,397.31 7 0
github.com/kart-io/notifyhub/examples/goroutine-pool/main.go:397.31,399.17 2 0
github.com/kart-io/notifyhub/examples/goroutine-pool/main.go:399.17,401.12 2 0
github.com/kart-io/notifyhub/examples/goroutine-pool/main.go:403.3,403.22 1 0
github.com/kart-io/notifyhub/examples/goroutine-pool/main.go:406.2,411.33 4 0
github.com/kart-io/notifyhub/examples/goroutine-pool/main.go:411.33,412.20 1 0
github.com/kart-io/notifyhub/examples/goroutine-pool/main.go:412.20,414.18 2 0
github.com/kart-io/notifyhub/examples/goroutine-pool/main.go:414.18,416.5 1 0
github.com/kart-io/notifyhub/examples/goroutine-pool/main.go:420.2,441.12 15 0
github.com/kart-io/notifyhub/examples/goroutine-pool/main.go:445.70,447.29 2 0
github.com/kart-io/notifyhub/examples/goroutine-pool/main.go:447.29,456.3 6 0
github.com/kart-io/notifyhub/examples/goroutine-pool/main.go:457.2,457.17 1 0
github.com/kart-io/notifyhub/examples/feishu/basic/main.go:12.13,28.48 7 0
github.com/kart-io/notifyhub/examples/feishu/basic/main.go:28.48,31.3 2 0
github.com/kart-io/notifyhub/examples/feishu/basic/main.go:34.2,34.64 1 0
github.com/kart-io/notifyhub/examples/feishu/basic/main.go:34.64,38.3 3 0
github.com/kart-io/notifyhub/examples/feishu/basic/main.go:41.2,43.16 3 0
github.com/kart-io/notifyhub/examples/feishu/basic/main.go:43.16,46.3 2 0
github.com/kart-io/notifyhub/examples/feishu/basic/main.go:47.2,47.15 1 0
github.com/kart-io/notifyhub/examples/feishu/basic/main.go:47.15,47.37 1 0
github.com/kart-io/notifyhub/examples/feishu/basic/main.go:49.2,52.69 2 0
github.com/kart-io/notifyhub/examples/feishu/basic/main.go:52.69,54.3 1 0
github.com/kart-io/notifyhub/examples/feishu/basic/main.go:57.2,57.68 1 0
github.com/kart-io/notifyhub/examples/feishu/basic/main.go:57.68,59.3 1 0
github.com/kart-io/notifyhub/examples/feishu/basic/main.go:62.2,62.66 1 0
github.com/kart-io/notifyhub/examples/feishu/basic/main.go:62.66,64.3 1 0
github.com/kart-io/notifyhub/examples/feishu/basic/main.go:66.2,66.57 1 0
github.com/kart-io/notifyhub/examples/feishu/basic/main.go:70.111,82.16 6 0
github.com/kart-io/notifyhub/examples/feishu/basic/main.go:82.16,84.3 1 0
github.com/kart-io/notifyhub/examples/feishu/basic/main.go:86.2,88.12 3 0
github.com/kart-io/notifyhub/examples/feishu/basic/main.go:92.110,104.16 6 0
github.com/kart-io/notifyhub/examples/feishu/basic/main.go:104.16,106.3 1 0
github.com/kart-io/notifyhub/examples/feishu/basic/main.go:108.2,110.12 3 0
github.com/kart-io/notifyhub/examples/feishu/basic/main.go:114.108,126.16 6 0
github.com/kart-io/notifyhub/examples/feishu/basic/main.go:126.16,128.3 1 0
github.com/kart-io/notifyhub/examples/feishu/basic/main.go:130.2,132.12 3 0
github.com/kart-io/notifyhub/examples/multi-goroutine/main.go:19.13,33.48 5 0
github.com/kart-io/notifyhub/examples/multi-goroutine/main.go:33.48,36.3 2 0
github.com/kart-io/notifyhub/examples/multi-goroutine/main.go:39.2,45.16 6 0
github.com/kart-io/notifyhub/examples/multi-goroutine/main.go:45.16,48.3 2 0
github.com/kart-io/notifyhub/examples/multi-goroutine/main.go:49.2,49.15 1 0
github.com/kart-io/notifyhub/examples/multi-goroutine/main.go:49.15,49.37 1 0
github.com/kart-io/notifyhub/examples/multi-goroutine/main.go:51.2,65.35 4 0
github.com/kart-io/notifyhub/examples/multi-goroutine/main.go:65.35,72.60 6 0
github.com/kart-io/notifyhub/examples/multi-goroutine/main.go:72.60,74.4 1 0
github.com/kart-io/notifyhub/examples/multi-goroutine/main.go:75.3,83.15 6 0
github.com/kart-io/notifyhub/examples/multi-goroutine/main.go:86.2,87.60 2 0
github.com/kart-io/notifyhub/examples/multi-goroutine/main.go:91.115,101.35 6 0
github.com/kart-io/notifyhub/examples/multi-goroutine/main.go:101.35,103.22 2 0
github.com/kart-io/notifyhub/examples/multi-goroutine/main.go:103.22,117.18 8 0
github.com/kart-io/notifyhub/examples/multi-goroutine/main.go:117.18,120.5 2 0
github.com/kart-io/notifyhub/examples/multi-goroutine/main.go:123.4,123.53 1 0
github.com/kart-io/notifyhub/examples/multi-goroutine/main.go:123.53,125.5 1 0
github.com/kart-io/notifyhub/examples/multi-goroutine/main.go:125.57,127.5 1 0
github.com/kart-io/notifyhub/examples/multi-goroutine/main.go:130.4,131.18 2 0
github.com/kart-io/notifyhub/examples/multi-goroutine/main.go:131.18,133.5 1 0
github.com/kart-io/notifyhub/examples/multi-goroutine/main.go:135.4,135.44 1 0
github.com/kart-io/notifyhub/examples/multi-goroutine/main.go:140.2,142.12 3 0
github.com/kart-io/notifyhub/examples/multi-goroutine/main.go:146.111,157.46 7 0
github.com/kart-io/notifyhub/examples/multi-goroutine/main.go:157.46,159.27 2 0
github.com/kart-io/notifyhub/examples/multi-goroutine/main.go:159.27,164.35 3 0
github.com/kart-io/notifyhub/examples/multi-goroutine/main.go:164.35,173.5 6 0
github.com/kart-io/notifyhub/examples/multi-goroutine/main.go:176.4,177.18 2 0
github.com/kart-io/notifyhub/examples/multi-goroutine/main.go:177.18,180.5 2 0
github.com/kart-io/notifyhub/examples/multi-goroutine/main.go:182.4,185.14 2 0
github.com/kart-io/notifyhub/examples/multi-goroutine/main.go:185.14,186.50 1 0
github.com/kart-io/notifyhub/examples/multi-goroutine/main.go:186.50,189.6 1 0
github.com/kart-io/notifyhub/examples/multi-goroutine/main.go:193.4,194.18 2 0
github.com/kart-io/notifyhub/examples/multi-goroutine/main.go:194.18,197.5 2 0
github.com/kart-io/notifyhub/examples/multi-goroutine/main.go:199.4,200.37 2 0
github.com/kart-io/notifyhub/examples/multi-goroutine/main.go:200.37,201.23 1 0
github.com/kart-io/notifyhub/examples/multi-goroutine/main.go:201.23,203.6 1 0
github.com/kart-io/notifyhub/examples/multi-goroutine/main.go:206.4,206.99 1 0
github.com/kart-io/notifyhub/examples/multi-goroutine/main.go:211.2,213.12 3 0
github.com/kart-io/notifyhub/examples/multi-goroutine/main.go:217.110,226.25 5 0
github.com/kart-io/notifyhub/examples/multi-goroutine/main.go:226.25,228.22 2 0
github.com/kart-io/notifyhub/examples/multi-goroutine/main.go:228.22,241.18 9 0
github.com/kart-io/notifyhub/examples/multi-goroutine/main.go:241.18,244.5 2 0
github.com/kart-io/notifyhub/examples/multi-goroutine/main.go:246.4,246.53 1 0
github.com/kart-io/notifyhub/examples/multi-goroutine/main.go:246.53,248.5 1 0
github.com/kart-io/notifyhub/examples/multi-goroutine/main.go:250.4,250.27 1 0
github.com/kart-io/notifyhub/examples/multi-goroutine/main.go:255.2,255.37 1 0
github.com/kart-io/notifyhub/examples/multi-goroutine/main.go:255.37,257.27 2 0
github.com/kart-io/notifyhub/examples/multi-goroutine/main.go:257.27,261.27 3 0
github.com/kart-io/notifyhub/examples/multi-goroutine/main.go:261.27,271.5 7 0
github.com/kart-io/notifyhub/examples/multi-goroutine/main.go:273.4,274.18 2 0
github.com/kart-io/notifyhub/examples/multi-goroutine/main.go:274.18,277.5 2 0
github.com/kart-io/notifyhub/examples/multi-goroutine/main.go:280.4,281.89 2 0
github.com/kart-io/notifyhub/examples/multi-goroutine/main.go:286.2,287.12 2 0
github.com/kart-io/notifyhub/examples/multi-goroutine/main.go:287.12,302.17 10 0
github.com/kart-io/notifyhub/examples/multi-goroutine/main.go:302.17,305.4 2 0
github.com/kart-io/notifyhub/examples/multi-goroutine/main.go:307.3,307.52 1 0
github.com/kart-io/notifyhub/examples/multi-goroutine/main.go:307.52,309.4 1 0
github.com/kart-io/notifyhub/examples/multi-goroutine/main.go:311.3,311.26 1 0
github.com/kart-io/notifyhub/examples/multi-goroutine/main.go:315.2,317.12 3 0
github.com/kart-io/notifyhub/examples/multi-goroutine/main.go:321.114,338.37 10 0
github.com/kart-io/notifyhub/examples/multi-goroutine/main.go:338.37,340.22 2 0
github.com/kart-io/notifyhub/examples/multi-goroutine/main.go:340.22,345.17 3 0
github.com/kart-io/notifyhub/examples/multi-goroutine/main.go:345.17,345.26 1 0
github.com/kart-io/notifyhub/examples/multi-goroutine/main.go:347.4,356.18 7 0
github.com/kart-io/notifyhub/examples/multi-goroutine/main.go:356.18,359.5 2 0
github.com/kart-io/notifyhub/examples/multi-goroutine/main.go:362.4,362.53 1 0
github.com/kart-io/notifyhub/examples/multi-goroutine/main.go:362.53,363.22 1 0
github.com/kart-io/notifyhub/examples/multi-goroutine/main.go:363.22,365.6 1 0
github.com/kart-io/notifyhub/examples/multi-goroutine/main.go:368.4,369.18 2 0
github.com/kart-io/notifyhub/examples/multi-goroutine/main.go:369.18,371.5 1 0
github.com/kart-io/notifyhub/examples/multi-goroutine/main.go:376.2,386.12 8 0
github.com/kart-io/notifyhub/examples/email/provider-test/main.go:11.13,66.37 6 0
github.com/kart-io/notifyhub/examples/email/provider-test/main.go:66.37,68.3 1 0
github.com/kart-io/notifyhub/examples/email/provider-test/main.go:71.2,83.43 8 0
github.com/kart-io/notifyhub/examples/email/provider-test/main.go:95.86,106.2 8 0
github.com/kart-io/notifyhub/examples/email/provider-test/main.go:108.56,111.17 2 0
github.com/kart-io/notifyhub/examples/email/provider-test/main.go:111.17,113.3 1 0
github.com/kart-io/notifyhub/examples/email/provider-test/main.go:115.2,115.31 1 0
github.com/kart-io/notifyhub/examples/email/provider-test/main.go:115.31,116.43 1 0
github.com/kart-io/notifyhub/examples/email/provider-test/main.go:116.43,118.4 1 0
github.com/kart-io/notifyhub/examples/email/provider-test/main.go:119.3,119.87 1 0
github.com/kart-io/notifyhub/examples/email/provider-test/main.go:119.87,121.4 1 0
github.com/kart-io/notifyhub/examples/email/provider-test/main.go:122.3,122.44 1 0
github.com/kart-io/notifyhub/examples/email/provider-test/main.go:122.44,124.4 1 0
github.com/kart-io/notifyhub/examples/email/provider-test/main.go:125.3,125.41 1 0
[...]
github.com/kart-io/notifyhub/pkg/platforms/webhook/config.go:216.2,216.30 1 0
github.com/kart-io/notifyhub/pkg/platforms/webhook/config.go:216.30,219.3 2 0
github.com/kart-io/notifyhub/pkg/platforms/webhook/config.go:221.2,221.30 1 0
github.com/kart-io/notifyhub/pkg/platforms/webhook/config.go:221.30,224.3 2 0
github.com/kart-io/notifyhub/pkg/platforms/webhook/config.go:226.2,226.12 1 0
github.com/kart-io/notifyhub/pkg/platforms/webhook/config.go:230.45,231.22 1 0
github.com/kart-io/notifyhub/pkg/platforms/webhook/config.go:231.22,233.3 1 0
github.com/kart-io/notifyhub/pkg/platforms/webhook/config.go:234.2,234.25 1 0
github.com/kart-io/notifyhub/pkg/platforms/webhook/config.go:238.38,239.25 1 0
github.com/kart-io/notifyhub/pkg/platforms/webhook/config.go:239.25,241.3 1 0
github.com/kart-io/notifyhub/pkg/platforms/webhook/config.go:242.2,242.10 1 0
github.com/kart-io/notifyhub/pkg/platforms/webhook/config.go:246.48,247.25 1 0
github.com/kart-io/notifyhub/pkg/platforms/webhook/config.go:247.25,249.3 1 0
github.com/kart-io/notifyhub/pkg/platforms/webhook/config.go:250.2,250.20 1 0
github.com/kart-io/notifyhub/pkg/platforms/webhook/config.go:254.53,255.30 1 0
github.com/kart-io/notifyhub/pkg/platforms/webhook/config.go:255.30,257.3 1 0
github.com/kart-io/notifyhub/pkg/platforms/webhook/config.go:258.2,258.25 1 0
github.com/kart-io/notifyhub/pkg/platforms/webhook/config.go:262.53,263.30 1 0
github.com/kart-io/notifyhub/pkg/platforms/webhook/config.go:263.30,265.3 1 0
github.com/kart-io/notifyhub/pkg/platforms/webhook/config.go:266.2,266.20 1 0
github.com/kart-io/notifyhub/pkg/platforms/webhook/config.go:270.40,272.2 1 0
github.com/kart-io/notifyhub/pkg/platforms/webhook/config.go:275.45,277.2 1 0
github.com/kart-io/notifyhub/pkg/platforms/webhook/config.go:280.58,284.25 2 0
github.com/kart-io/notifyhub/pkg/platforms/webhook/config.go:284.25,286.3 1 0
github.com/kart-io/notifyhub/pkg/platforms/webhook/config.go:287.2,287.23 1 0
github.com/kart-io/notifyhub/pkg/platforms/webhook/config.go:287.23,289.3 1 0
github.com/kart-io/notifyhub/pkg/platforms/webhook/config.go:292.2,292.30 1 0
github.com/kart-io/notifyhub/pkg/platforms/webhook/config.go:292.30,294.3 1 0
github.com/kart-io/notifyhub/pkg/platforms/webhook/config.go:297.2,297.20 1 0
github.com/kart-io/notifyhub/pkg/platforms/webhook/config.go:298.16,299.26 1 0
github.com/kart-io/notifyhub/pkg/platforms/webhook/config.go:299.26,301.4 1 0
github.com/kart-io/notifyhub/pkg/platforms/webhook/config.go:302.17,303.45 1 0
github.com/kart-io/notifyhub/pkg/platforms/webhook/config.go:303.45,305.4 1 0
github.com/kart-io/notifyhub/pkg/platforms/webhook/config.go:308.2,308.16 1 0
github.com/kart-io/notifyhub/pkg/platforms/webhook/config.go:312.56,313.44 1 0
github.com/kart-io/notifyhub/pkg/platforms/webhook/config.go:313.44,314.29 1 0
github.com/kart-io/notifyhub/pkg/platforms/webhook/config.go:314.29,316.4 1 0
github.com/kart-io/notifyhub/pkg/platforms/webhook/config.go:318.2,318.14 1 0
github.com/kart-io/notifyhub/pkg/platforms/webhook/config.go:322.34,326.22 2 0
github.com/kart-io/notifyhub/pkg/platforms/webhook/config.go:326.22,329.3 2 0
github.com/kart-io/notifyhub/pkg/platforms/webhook/config.go:331.2,331.25 1 0
github.com/kart-io/notifyhub/pkg/platforms/webhook/config.go:331.25,334.3 2 0
github.com/kart-io/notifyhub/pkg/platforms/webhook/config.go:336.2,336.25 1 0
github.com/kart-io/notifyhub/pkg/platforms/webhook/config.go:336.25,339.3 2 0
github.com/kart-io/notifyhub/pkg/platforms/webhook/config.go:341.2,341.30 1 0
github.com/kart-io/notifyhub/pkg/platforms/webhook/config.go:341.30,344.3 2 0
github.com/kart-io/notifyhub/pkg/platforms/webhook/config.go:346.2,346.30 1 0
github.com/kart-io/notifyhub/pkg/platforms/webhook/config.go:346.30,349.3 2 0
github.com/kart-io/notifyhub/pkg/platforms/webhook/config.go:352.2,352.22 1 0
github.com/kart-io/notifyhub/pkg/platforms/webhook/config.go:352.22,354.31 2 0
github.com/kart-io/notifyhub/pkg/platforms/webhook/config.go:354.31,356.4 1 0
github.com/kart-io/notifyhub/pkg/platforms/webhook/config.go:359.2,359.27 1 0
github.com/kart-io/notifyhub/pkg/platforms/webhook/config.go:359.27,361.36 2 0
github.com/kart-io/notifyhub/pkg/platforms/webhook/config.go:361.36,363.4 1 0
github.com/kart-io/notifyhub/pkg/platforms/webhook/config.go:366.2,366.29 1 0
github.com/kart-io/notifyhub/pkg/platforms/webhook/config.go:366.29,369.3 2 0
github.com/kart-io/notifyhub/pkg/platforms/webhook/config.go:371.2,371.15 1 0
github.com/kart-io/notifyhub/pkg/platforms/webhook/config.go:375.49,388.20 2 0
github.com/kart-io/notifyhub/pkg/platforms/webhook/config.go:388.20,390.3 1 0
github.com/kart-io/notifyhub/pkg/platforms/webhook/config.go:391.2,391.22 1 0
github.com/kart-io/notifyhub/pkg/platforms/webhook/config.go:391.22,393.3 1 0
github.com/kart-io/notifyhub/pkg/platforms/webhook/config.go:394.2,394.25 1 0
github.com/kart-io/notifyhub/pkg/platforms/webhook/config.go:394.25,396.3 1 0
github.com/kart-io/notifyhub/pkg/platforms/webhook/config.go:397.2,397.20 1 0
github.com/kart-io/notifyhub/pkg/platforms/webhook/config.go:397.20,399.3 1 0
github.com/kart-io/notifyhub/pkg/platforms/webhook/config.go:400.2,400.22 1 0
github.com/kart-io/notifyhub/pkg/platforms/webhook/config.go:400.22,402.3 1 0
github.com/kart-io/notifyhub/pkg/platforms/webhook/config.go:403.2,403.25 1 0
github.com/kart-io/notifyhub/pkg/platforms/webhook/config.go:403.25,405.3 1 0
github.com/kart-io/notifyhub/pkg/platforms/webhook/config.go:406.2,406.22 1 0
github.com/kart-io/notifyhub/pkg/platforms/webhook/config.go:406.22,408.3 1 0
github.com/kart-io/notifyhub/pkg/platforms/webhook/config.go:409.2,409.29 1 0
github.com/kart-io/notifyhub/pkg/platforms/webhook/config.go:409.29,411.3 1 0
github.com/kart-io/notifyhub/pkg/platforms/webhook/config.go:413.2,413.15 1 0
github.com/kart-io/notifyhub/pkg/platforms/webhook/config.go:419.45,427.2 7 0
github.com/kart-io/notifyhub/pkg/platforms/webhook/config.go:430.47,438.2 7 0
github.com/kart-io/notifyhub/pkg/platforms/webhook/config.go:441.45,449.2 7 0
github.com/kart-io/notifyhub/pkg/platforms/webhook/config.go:452.47,456.2 3 0
github.com/kart-io/notifyhub/pkg/platforms/webhook/message.go:22.56,26.2 1 0
github.com/kart-io/notifyhub/pkg/platforms/webhook/message.go:63.104,64.16 1 0
github.com/kart-io/notifyhub/pkg/platforms/webhook/message.go:64.16,69.3 1 0
github.com/kart-io/notifyhub/pkg/platforms/webhook/message.go:71.2,71.23 1 0
github.com/kart-io/notifyhub/pkg/platforms/webhook/message.go:71.23,76.3 1 0
github.com/kart-io/notifyhub/pkg/platforms/webhook/message.go:79.2,93.27 2 0
github.com/kart-io/notifyhub/pkg/platforms/webhook/message.go:93.27,95.3 1 0
github.com/kart-io/notifyhub/pkg/platforms/webhook/message.go:97.2,97.29 1 0
github.com/kart-io/notifyhub/pkg/platforms/webhook/message.go:97.29,99.38 2 0
github.com/kart-io/notifyhub/pkg/platforms/webhook/message.go:99.38,101.4 1 0
github.com/kart-io/notifyhub/pkg/platforms/webhook/message.go:105.2,106.16 2 0
github.com/kart-io/notifyhub/pkg/platforms/webhook/message.go:106.16,108.3 1 0
github.com/kart-io/notifyhub/pkg/platforms/webhook/message.go:109.2,112.34 2 0
github.com/kart-io/notifyhub/pkg/platforms/webhook/message.go:112.34,113.57 1 0
github.com/kart-io/notifyhub/pkg/platforms/webhook/message.go:113.57,115.4 1 0
github.com/kart-io/notifyhub/pkg/platforms/webhook/message.go:119.2,119.54 1 0
github.com/kart-io/notifyhub/pkg/platforms/webhook/message.go:119.54,121.3 1 0
github.com/kart-io/notifyhub/pkg/platforms/webhook/message.go:123.2,123.24 1 0
github.com/kart-io/notifyhub/pkg/platforms/webhook/message.go:127.107,128.36 1 0
github.com/kart-io/notifyhub/pkg/platforms/webhook/message.go:128.36,130.3 1 0
github.com/kart-io/notifyhub/pkg/platforms/webhook/message.go:132.2,132.47 1 0
github.com/kart-io/notifyhub/pkg/platforms/webhook/message.go:133.25,134.42 1 0
github.com/kart-io/notifyhub/pkg/platforms/webhook/message.go:135.25,136.42 1 0
github.com/kart-io/notifyhub/pkg/platforms/webhook/message.go:137.24,138.41 1 0
github.com/kart-io/notifyhub/pkg/platforms/webhook/message.go:139.10,140.42 1 0
github.com/kart-io/notifyhub/pkg/platforms/webhook/message.go:145.122,156.22 2 0
github.com/kart-io/notifyhub/pkg/platforms/webhook/message.go:156.22,158.3 1 0
github.com/kart-io/notifyhub/pkg/platforms/webhook/message.go:161.2,161.25 1 0
github.com/kart-io/notifyhub/pkg/platforms/webhook/message.go:161.25,163.3 1 0
github.com/kart-io/notifyhub/pkg/platforms/webhook/message.go:166.2,166.26 1 0
github.com/kart-io/notifyhub/pkg/platforms/webhook/message.go:166.26,168.3 1 0
github.com/kart-io/notifyhub/pkg/platforms/webhook/message.go:171.2,174.21 3 0
github.com/kart-io/notifyhub/pkg/platforms/webhook/message.go:178.110,190.22 10 0
github.com/kart-io/notifyhub/pkg/platforms/webhook/message.go:190.22,192.17 2 0
github.com/kart-io/notifyhub/pkg/platforms/webhook/message.go:192.17,194.4 1 0
github.com/kart-io/notifyhub/pkg/platforms/webhook/message.go:195.3,195.45 1 0
github.com/kart-io/notifyhub/pkg/platforms/webhook/message.go:199.2,199.25 1 0
github.com/kart-io/notifyhub/pkg/platforms/webhook/message.go:199.25,201.17 2 0
github.com/kart-io/notifyhub/pkg/platforms/webhook/message.go:201.17,203.4 1 0
github.com/kart-io/notifyhub/pkg/platforms/webhook/message.go:204.3,204.47 1 0
github.com/kart-io/notifyhub/pkg/platforms/webhook/message.go:207.2,207.20 1 0
github.com/kart-io/notifyhub/pkg/platforms/webhook/message.go:211.105,227.2 2 0
github.com/kart-io/notifyhub/pkg/platforms/webhook/message.go:230.112,245.66 9 0
github.com/kart-io/notifyhub/pkg/platforms/webhook/message.go:245.66,248.3 1 0
github.com/kart-io/notifyhub/pkg/platforms/webhook/message.go:250.2,250.20 1 0
github.com/kart-io/notifyhub/pkg/platforms/webhook/message.go:254.71,255.37 1 0
github.com/kart-io/notifyhub/pkg/platforms/webhook/message.go:255.37,257.3 1 0
github.com/kart-io/notifyhub/pkg/platforms/webhook/message.go:261.2,261.46 1 0
github.com/kart-io/notifyhub/pkg/platforms/webhook/message.go:261.46,262.29 1 0
github.com/kart-io/notifyhub/pkg/platforms/webhook/message.go:262.29,264.4 1 0
github.com/kart-io/notifyhub/pkg/platforms/webhook/message.go:267.2,267.12 1 0
github.com/kart-io/notifyhub/pkg/platforms/webhook/message.go:271.62,272.16 1 0
github.com/kart-io/notifyhub/pkg/platforms/webhook/message.go:272.16,277.3 1 0
github.com/kart-io/notifyhub/pkg/platforms/webhook/message.go:279.2,279.18 1 0
github.com/kart-io/notifyhub/pkg/platforms/webhook/message.go:279.18,284.3 1 0
github.com/kart-io/notifyhub/pkg/platforms/webhook/message.go:286.2,286.24 1 0
github.com/kart-io/notifyhub/pkg/platforms/webhook/message.go:286.24,291.3 1 0
github.com/kart-io/notifyhub/pkg/platforms/webhook/message.go:294.2,294.21 1 0
github.com/kart-io/notifyhub/pkg/platforms/webhook/message.go:294.21,296.17 2 0
github.com/kart-io/notifyhub/pkg/platforms/webhook/message.go:296.17,298.4 1 0
github.com/kart-io/notifyhub/pkg/platforms/webhook/message.go:300.3,301.33 2 0
github.com/kart-io/notifyhub/pkg/platforms/webhook/message.go:301.33,306.4 1 0
github.com/kart-io/notifyhub/pkg/platforms/webhook/message.go:309.2,309.12 1 0
github.com/kart-io/notifyhub/pkg/platforms/webhook/message.go:313.57,319.2 1 0
github.com/kart-io/notifyhub/pkg/platforms/webhook/message.go:322.50,326.2 1 0
github.com/kart-io/notifyhub/pkg/platforms/webhook/message.go:329.52,331.2 1 0
github.com/kart-io/notifyhub/pkg/platforms/webhook/message.go:334.46,336.2 1 0
github.com/kart-io/notifyhub/pkg/platforms/webhook/message.go:348.55,356.2 1 0
github.com/kart-io/notifyhub/pkg/platforms/webhook/platform.go:42.111,43.26 1 1
github.com/kart-io/notifyhub/pkg/platforms/webhook/platform.go:43.26,45.3 1 1
github.com/kart-io/notifyhub/pkg/platforms/webhook/platform.go:48.2,48.29 1 1
github.com/kart-io/notifyhub/pkg/platforms/webhook/platform.go:48.29,50.3 1 1
github.com/kart-io/notifyhub/pkg/platforms/webhook/platform.go:53.2,53.32 1 1
github.com/kart-io/notifyhub/pkg/platforms/webhook/platform.go:53.32,55.3 1 1
github.com/kart-io/notifyhub/pkg/platforms/webhook/platform.go:58.2,58.37 1 1
github.com/kart-io/notifyhub/pkg/platforms/webhook/platform.go:58.37,60.3 1 1
github.com/kart-io/notifyhub/pkg/platforms/webhook/platform.go:63.2,63.32 1 1
github.com/kart-io/notifyhub/pkg/platforms/webhook/platform.go:63.32,65.3 1 1
github.com/kart-io/notifyhub/pkg/platforms/webhook/platform.go:68.2,88.22 4 1
github.com/kart-io/notifyhub/pkg/platforms/webhook/platform.go:92.41,94.2 1 1
github.com/kart-io/notifyhub/pkg/platforms/webhook/platform.go:97.132,100.30 2 0
github.com/kart-io/notifyhub/pkg/platforms/webhook/platform.go:100.30,107.47 2 0
github.com/kart-io/notifyhub/pkg/platforms/webhook/platform.go:107.47,110.12 3 0
github.com/kart-io/notifyhub/pkg/platforms/webhook/platform.go:114.3,118.17 3 0
github.com/kart-io/notifyhub/pkg/platforms/webhook/platform.go:118.17,120.4 1 0
github.com/kart-io/notifyhub/pkg/platforms/webhook/platform.go:120.9,124.4 3 0
github.com/kart-io/notifyhub/pkg/platforms/webhook/platform.go:128.3,128.22 1 0
github.com/kart-io/notifyhub/pkg/platforms/webhook/platform.go:131.2,131.21 1 0
github.com/kart-io/notifyhub/pkg/platforms/webhook/platform.go:135.67,136.18 1 1
github.com/kart-io/notifyhub/pkg/platforms/webhook/platform.go:137.24,137.24 0 1
github.com/kart-io/notifyhub/pkg/platforms/webhook/platform.go:139.10,140.82 1 1
github.com/kart-io/notifyhub/pkg/platforms/webhook/platform.go:143.2,143.21 1 1
github.com/kart-io/notifyhub/pkg/platforms/webhook/platform.go:143.21,145.3 1 1
github.com/kart-io/notifyhub/pkg/platforms/webhook/platform.go:147.2,147.12 1 1
github.com/kart-io/notifyhub/pkg/platforms/webhook/platform.go:151.67,161.2 1 1
github.com/kart-io/notifyhub/pkg/platforms/webhook/platform.go:164.64,165.24 1 0
github.com/kart-io/notifyhub/pkg/platforms/webhook/platform.go:165.24,167.3 1 0
github.com/kart-io/notifyhub/pkg/platforms/webhook/platform.go:170.2,171.16 2 0
github.com/kart-io/notifyhub/pkg/platforms/webhook/platform.go:171.16,173.3 1 0
github.com/kart-io/notifyhub/pkg/platforms/webhook/platform.go:176.2,179.43 2 0
github.com/kart-io/notifyhub/pkg/platforms/webhook/platform.go:179.43,181.3 1 0
github.com/kart-io/notifyhub/pkg/platforms/webhook/platform.go:184.2,187.16 3 0
github.com/kart-io/notifyhub/pkg/platforms/webhook/platform.go:187.16,189.3 1 0
github.com/kart-io/notifyhub/pkg/platforms/webhook/platform.go:190.2,190.15 1 0
github.com/kart-io/notifyhub/pkg/platforms/webhook/platform.go:190.15,190.40 1 0
github.com/kart-io/notifyhub/pkg/platforms/webhook/platform.go:194.2,194.53 1 0
github.com/kart-io/notifyhub/pkg/platforms/webhook/platform.go:194.53,196.3 1 0
github.com/kart-io/notifyhub/pkg/platforms/webhook/platform.go:197.2,197.28 1 0
github.com/kart-io/notifyhub/pkg/platforms/webhook/platform.go:197.28,199.3 1 0
github.com/kart-io/notifyhub/pkg/platforms/webhook/platform.go:201.2,201.76 1 0
github.com/kart-io/notifyhub/pkg/platforms/webhook/platform.go:205.41,206.21 1 1
github.com/kart-io/notifyhub/pkg/platforms/webhook/platform.go:206.21,208.3 1 1
github.com/kart-io/notifyhub/pkg/platforms/webhook/platform.go:209.2,209.12 1 1
github.com/kart-io/notifyhub/pkg/platforms/webhook/platform.go:213.104,225.25 2 0
github.com/kart-io/notifyhub/pkg/platforms/webhook/platform.go:225.25,227.3 1 0
github.com/kart-io/notifyhub/pkg/platforms/webhook/platform.go:229.2,229.16 1 0
github.com/kart-io/notifyhub/pkg/platforms/webhook/platform.go:233.108,236.16 2 0
github.com/kart-io/notifyhub/pkg/platforms/webhook/platform.go:236.16,238.3 1 0
github.com/kart-io/notifyhub/pkg/platforms/webhook/platform.go:241.2,242.16 2 0
github.com/kart-io/notifyhub/pkg/platforms/webhook/platform.go:242.16,244.3 1 0
github.com/kart-io/notifyhub/pkg/platforms/webhook/platform.go:247.2,253.43 3 0
github.com/kart-io/notifyhub/pkg/platforms/webhook/platform.go:253.43,255.3 1 0
github.com/kart-io/notifyhub/pkg/platforms/webhook/platform.go:258.2,261.21 2 0
github.com/kart-io/notifyhub/pkg/platforms/webhook/platform.go:261.21,267.3 1 0
github.com/kart-io/notifyhub/pkg/platforms/webhook/platform.go:270.2,271.16 2 0
github.com/kart-io/notifyhub/pkg/platforms/webhook/platform.go:271.16,273.3 1 0
github.com/kart-io/notifyhub/pkg/platforms/webhook/platform.go:274.2,274.15 1 0
github.com/kart-io/notifyhub/pkg/platforms/webhook/platform.go:274.15,274.40 1 0
github.com/kart-io/notifyhub/pkg/platforms/webhook/platform.go:277.2,278.16 2 0
github.com/kart-io/notifyhub/pkg/platforms/webhook/platform.go:278.16,280.3 1 0
github.com/kart-io/notifyhub/pkg/platforms/webhook/platform.go:283.2,283.53 1 0
github.com/kart-io/notifyhub/pkg/platforms/webhook/platform.go:283.53,285.3 1 0
github.com/kart-io/notifyhub/pkg/platforms/webhook/platform.go:287.2,287.21 1 0
github.com/kart-io/notifyhub/pkg/platforms/webhook/platform.go:287.21,292.3 1 0
github.com/kart-io/notifyhub/pkg/platforms/webhook/platform.go:294.2,294.22 1 0
github.com/kart-io/notifyhub/pkg/platforms/webhook/platform.go:298.61,299.27 1 0
github.com/kart-io/notifyhub/pkg/platforms/webhook/platform.go:300.15,302.57 1 0
github.com/kart-io/notifyhub/pkg/platforms/webhook/platform.go:302.57,304.4 1 0
github.com/kart-io/notifyhub/pkg/platforms/webhook/platform.go:305.16,307.27 1 0
github.com/kart-io/notifyhub/pkg/platforms/webhook/platform.go:307.27,309.4 1 0
github.com/kart-io/notifyhub/pkg/platforms/webhook/platform.go:310.16,312.27 1 0
github.com/kart-io/notifyhub/pkg/platforms/webhook/platform.go:312.27,314.4 1 0
github.com/kart-io/notifyhub/pkg/platforms/webhook/platform.go:320.81,322.9 2 0
github.com/kart-io/notifyhub/pkg/platforms/webhook/platform.go:322.9,324.3 1 0
github.com/kart-io/notifyhub/pkg/platforms/webhook/platform.go:326.2,326.47 1 0
github.com/kart-io/notifyhub/pkg/platforms/webhook/platform.go:330.82,333.40 2 0
github.com/kart-io/notifyhub/pkg/platforms/webhook/platform.go:333.40,335.3 1 0
github.com/kart-io/notifyhub/pkg/platforms/webhook/platform.go:336.2,336.46 1 0
github.com/kart-io/notifyhub/pkg/platforms/webhook/platform.go:336.46,338.3 1 0
github.com/kart-io/notifyhub/pkg/platforms/webhook/platform.go:339.2,339.57 1 0
github.com/kart-io/notifyhub/pkg/platforms/webhook/platform.go:339.57,341.3 1 0
github.com/kart-io/notifyhub/pkg/platforms/webhook/platform.go:342.2,342.51 1 0
github.com/kart-io/notifyhub/pkg/platforms/webhook/platform.go:342.51,344.3 1 0
github.com/kart-io/notifyhub/pkg/platforms/webhook/platform.go:345.2,345.44 1 0
github.com/kart-io/notifyhub/pkg/platforms/webhook/platform.go:345.44,347.3 1 0
github.com/kart-io/notifyhub/pkg/platforms/webhook/platform.go:348.2,348.51 1 0
github.com/kart-io/notifyhub/pkg/platforms/webhook/platform.go:348.51,350.3 1 0
github.com/kart-io/notifyhub/pkg/platforms/webhook/platform.go:351.2,351.55 1 0
github.com/kart-io/notifyhub/pkg/platforms/webhook/platform.go:351.55,353.3 1 0
github.com/kart-io/notifyhub/pkg/platforms/webhook/platform.go:354.2,354.59 1 0
github.com/kart-io/notifyhub/pkg/platforms/webhook/platform.go:354.59,356.3 1 0
github.com/kart-io/notifyhub/pkg/platforms/webhook/platform.go:357.2,357.52 1 0
github.com/kart-io/notifyhub/pkg/platforms/webhook/platform.go:357.52,359.3 1 0
github.com/kart-io/notifyhub/pkg/platforms/webhook/platform.go:360.2,360.50 1 0
github.com/kart-io/notifyhub/pkg/platforms/webhook/platform.go:360.50,362.3 1 0
github.com/kart-io/notifyhub/pkg/platforms/webhook/platform.go:365.2,365.32 1 0
github.com/kart-io/notifyhub/pkg/platforms/webhook/platform.go:365.32,367.3 1 0
github.com/kart-io/notifyhub/pkg/platforms/webhook/platform.go:368.2,368.37 1 0
github.com/kart-io/notifyhub/pkg/platforms/webhook/platform.go:368.37,370.3 1 0
github.com/kart-io/notifyhub/pkg/platforms/webhook/platform.go:371.2,371.32 1 0
github.com/kart-io/notifyhub/pkg/platforms/webhook/platform.go:371.32,373.3 1 0
github.com/kart-io/notifyhub/pkg/platforms/webhook/platform.go:374.2,374.34 1 0
github.com/kart-io/notifyhub/pkg/platforms/webhook/platform.go:374.34,376.3 1 0
github.com/kart-io/notifyhub/pkg/platforms/webhook/platform.go:378.2,378.27 1 0
