mode: set
github.com/kart-io/notifyhub/internal/platform/interface.go:171.40,173.2 1 1
github.com/kart-io/notifyhub/internal/platform/interface.go:175.40,177.2 1 1
github.com/kart-io/notifyhub/internal/platform/interface.go:195.66,206.2 1 1
github.com/kart-io/notifyhub/internal/platform/interface.go:209.75,215.2 1 1
github.com/kart-io/notifyhub/internal/platform/interface.go:218.69,225.2 1 1
github.com/kart-io/notifyhub/internal/platform/interface.go:228.58,230.2 1 1
github.com/kart-io/notifyhub/internal/platform/interface.go:233.64,240.2 1 1
github.com/kart-io/notifyhub/internal/platform/interface.go:243.83,250.2 1 1
github.com/kart-io/notifyhub/internal/platform/interface.go:253.39,254.49 1 1
github.com/kart-io/notifyhub/internal/platform/interface.go:254.49,259.3 1 1
github.com/kart-io/notifyhub/internal/platform/interface.go:260.2,260.14 1 1
github.com/kart-io/notifyhub/internal/platform/interface.go:264.37,265.49 1 1
github.com/kart-io/notifyhub/internal/platform/interface.go:265.49,267.3 1 1
github.com/kart-io/notifyhub/internal/platform/interface.go:268.2,268.11 1 1
github.com/kart-io/notifyhub/internal/platform/manager.go:21.122,29.2 1 1
github.com/kart-io/notifyhub/internal/platform/manager.go:32.55,37.16 4 1
github.com/kart-io/notifyhub/internal/platform/manager.go:37.16,39.3 1 1
github.com/kart-io/notifyhub/internal/platform/manager.go:41.2,41.42 1 1
github.com/kart-io/notifyhub/internal/platform/manager.go:41.42,43.3 1 1
github.com/kart-io/notifyhub/internal/platform/manager.go:45.2,46.12 2 1
github.com/kart-io/notifyhub/internal/platform/manager.go:50.61,56.2 4 1
github.com/kart-io/notifyhub/internal/platform/manager.go:59.42,64.30 4 1
github.com/kart-io/notifyhub/internal/platform/manager.go:64.30,66.3 1 1
github.com/kart-io/notifyhub/internal/platform/manager.go:67.2,67.14 1 1
github.com/kart-io/notifyhub/internal/platform/manager.go:71.121,74.33 2 1
github.com/kart-io/notifyhub/internal/platform/manager.go:74.33,77.3 2 1
github.com/kart-io/notifyhub/internal/platform/manager.go:80.2,89.60 4 1
github.com/kart-io/notifyhub/internal/platform/manager.go:89.60,91.54 2 1
github.com/kart-io/notifyhub/internal/platform/manager.go:91.54,95.15 3 1
github.com/kart-io/notifyhub/internal/platform/manager.go:95.15,98.36 2 1
github.com/kart-io/notifyhub/internal/platform/manager.go:98.36,102.6 3 1
github.com/kart-io/notifyhub/internal/platform/manager.go:103.5,104.11 2 1
github.com/kart-io/notifyhub/internal/platform/manager.go:108.4,109.80 2 1
github.com/kart-io/notifyhub/internal/platform/manager.go:114.2,114.12 1 1
github.com/kart-io/notifyhub/internal/platform/manager.go:114.12,117.3 2 1
github.com/kart-io/notifyhub/internal/platform/manager.go:120.2,123.33 3 1
github.com/kart-io/notifyhub/internal/platform/manager.go:123.33,124.24 1 1
github.com/kart-io/notifyhub/internal/platform/manager.go:124.24,127.29 2 1
github.com/kart-io/notifyhub/internal/platform/manager.go:127.29,130.47 3 1
github.com/kart-io/notifyhub/internal/platform/manager.go:130.47,134.6 3 1
github.com/kart-io/notifyhub/internal/platform/manager.go:135.5,135.54 1 1
github.com/kart-io/notifyhub/internal/platform/manager.go:137.9,139.4 1 1
github.com/kart-io/notifyhub/internal/platform/manager.go:142.2,142.30 1 1
github.com/kart-io/notifyhub/internal/platform/manager.go:146.69,149.38 3 1
github.com/kart-io/notifyhub/internal/platform/manager.go:149.38,151.3 1 1
github.com/kart-io/notifyhub/internal/platform/manager.go:152.2,158.36 5 1
github.com/kart-io/notifyhub/internal/platform/manager.go:158.36,160.39 2 1
github.com/kart-io/notifyhub/internal/platform/manager.go:160.39,167.4 5 1
github.com/kart-io/notifyhub/internal/platform/manager.go:170.2,171.15 2 1
github.com/kart-io/notifyhub/internal/platform/manager.go:175.33,180.38 4 1
github.com/kart-io/notifyhub/internal/platform/manager.go:180.38,181.40 1 1
github.com/kart-io/notifyhub/internal/platform/manager.go:181.40,183.4 1 1
github.com/kart-io/notifyhub/internal/platform/manager.go:187.2,189.18 2 1
github.com/kart-io/notifyhub/internal/platform/manager.go:196.46,198.2 1 1
github.com/kart-io/notifyhub/internal/platform/manager.go:201.113,203.22 1 0
github.com/kart-io/notifyhub/internal/platform/manager.go:204.15,206.35 1 0
github.com/kart-io/notifyhub/internal/platform/manager.go:207.16,209.36 1 0
github.com/kart-io/notifyhub/internal/platform/manager.go:210.13,212.33 1 0
github.com/kart-io/notifyhub/internal/platform/manager.go:213.10,214.67 1 0
github.com/kart-io/notifyhub/internal/platform/manager.go:219.65,221.2 1 1
github.com/kart-io/notifyhub/internal/platform/manager.go:224.101,225.18 1 1
github.com/kart-io/notifyhub/internal/platform/manager.go:226.15,228.50 2 1
github.com/kart-io/notifyhub/internal/platform/manager.go:229.16,231.50 2 1
github.com/kart-io/notifyhub/internal/platform/manager.go:232.13,234.50 2 1
github.com/kart-io/notifyhub/internal/platform/manager.go:235.10,236.58 1 1
github.com/kart-io/notifyhub/internal/platform/manager.go:246.52,248.2 1 1
github.com/kart-io/notifyhub/internal/platform/manager.go:251.83,254.2 1 1
github.com/kart-io/notifyhub/internal/platform/manager.go:257.110,261.8 2 1
github.com/kart-io/notifyhub/internal/platform/manager.go:261.8,264.3 1 0
github.com/kart-io/notifyhub/internal/platform/manager.go:268.2,277.8 1 1
github.com/kart-io/notifyhub/internal/platform/manager.go:281.33,283.2 1 1
github.com/kart-io/notifyhub/internal/platform/manager.go:289.38,291.2 1 1
github.com/kart-io/notifyhub/internal/platform/manager.go:294.72,295.39 1 1
github.com/kart-io/notifyhub/internal/platform/manager.go:295.39,297.3 1 1
github.com/kart-io/notifyhub/internal/platform/manager.go:298.2,298.12 1 1
github.com/kart-io/notifyhub/internal/platform/manager.go:302.72,303.24 1 1
github.com/kart-io/notifyhub/internal/platform/manager.go:303.24,305.3 1 1
github.com/kart-io/notifyhub/internal/platform/manager.go:306.2,306.23 1 1
github.com/kart-io/notifyhub/internal/platform/manager.go:306.23,308.3 1 0
github.com/kart-io/notifyhub/internal/platform/manager.go:309.2,309.27 1 1
github.com/kart-io/notifyhub/internal/platform/manager.go:309.27,311.3 1 0
github.com/kart-io/notifyhub/internal/platform/manager.go:312.2,312.12 1 1
github.com/kart-io/notifyhub/internal/platform/manager.go:316.135,318.37 1 0
github.com/kart-io/notifyhub/internal/platform/manager.go:318.37,320.48 2 0
github.com/kart-io/notifyhub/internal/platform/manager.go:320.48,322.4 1 0
github.com/kart-io/notifyhub/internal/platform/manager.go:326.2,326.44 1 0
github.com/kart-io/notifyhub/internal/platform/manager.go:326.44,328.56 2 0
github.com/kart-io/notifyhub/internal/platform/manager.go:328.56,329.28 1 0
github.com/kart-io/notifyhub/internal/platform/manager.go:329.28,331.10 2 0
github.com/kart-io/notifyhub/internal/platform/manager.go:334.3,334.17 1 0
github.com/kart-io/notifyhub/internal/platform/manager.go:334.17,336.4 1 0
github.com/kart-io/notifyhub/internal/platform/manager.go:339.2,339.12 1 0
github.com/kart-io/notifyhub/internal/platform/manager.go:346.48,348.2 1 1
github.com/kart-io/notifyhub/internal/platform/manager.go:351.81,354.2 1 1
github.com/kart-io/notifyhub/internal/platform/manager.go:357.97,362.52 2 1
github.com/kart-io/notifyhub/internal/platform/manager.go:362.52,363.38 1 1
github.com/kart-io/notifyhub/internal/platform/manager.go:363.38,364.60 1 1
github.com/kart-io/notifyhub/internal/platform/manager.go:364.60,369.23 4 1
github.com/kart-io/notifyhub/internal/platform/manager.go:369.23,371.24 1 1
github.com/kart-io/notifyhub/internal/platform/manager.go:372.19,373.25 1 0
github.com/kart-io/notifyhub/internal/platform/manager.go:374.19,375.23 1 1
github.com/kart-io/notifyhub/internal/platform/manager.go:376.38,377.26 1 0
github.com/kart-io/notifyhub/internal/platform/manager.go:381.5,381.23 1 1
github.com/kart-io/notifyhub/internal/platform/manager.go:381.23,388.6 2 1
github.com/kart-io/notifyhub/internal/platform/manager.go:393.2,393.15 1 1
github.com/kart-io/notifyhub/internal/platform/manager.go:397.105,398.18 1 0
github.com/kart-io/notifyhub/internal/platform/manager.go:399.15,400.29 1 0
github.com/kart-io/notifyhub/internal/platform/manager.go:400.29,402.4 1 0
github.com/kart-io/notifyhub/internal/platform/manager.go:403.13,404.29 1 0
github.com/kart-io/notifyhub/internal/platform/manager.go:404.29,406.4 1 0
github.com/kart-io/notifyhub/internal/platform/manager.go:407.16,408.82 1 0
github.com/kart-io/notifyhub/internal/platform/manager.go:408.82,410.4 1 0
github.com/kart-io/notifyhub/internal/platform/manager.go:412.2,412.12 1 0
github.com/kart-io/notifyhub/internal/platform/manager.go:418.85,419.33 1 1
github.com/kart-io/notifyhub/internal/platform/manager.go:419.33,420.42 1 1
github.com/kart-io/notifyhub/internal/platform/manager.go:420.42,422.4 1 1
github.com/kart-io/notifyhub/internal/platform/manager.go:424.2,424.12 1 1
github.com/kart-io/notifyhub/internal/platform/manager.go:430.71,443.66 7 0
github.com/kart-io/notifyhub/internal/platform/manager.go:443.66,445.3 1 0
github.com/kart-io/notifyhub/internal/platform/manager.go:448.2,455.8 1 0
github.com/kart-io/notifyhub/internal/platform/manager.go:459.72,463.22 3 0
github.com/kart-io/notifyhub/internal/platform/manager.go:463.22,465.3 1 0
github.com/kart-io/notifyhub/internal/platform/manager.go:467.2,470.8 1 0
github.com/kart-io/notifyhub/internal/platform/manager.go:474.69,478.36 3 0
github.com/kart-io/notifyhub/internal/platform/manager.go:478.36,480.3 1 0
github.com/kart-io/notifyhub/internal/platform/manager.go:482.2,485.8 1 0
github.com/kart-io/notifyhub/internal/platform/manager.go:499.42,499.60 1 0
github.com/kart-io/notifyhub/internal/platform/manager.go:501.125,503.33 2 0
github.com/kart-io/notifyhub/internal/platform/manager.go:503.33,508.3 3 0
github.com/kart-io/notifyhub/internal/platform/manager.go:509.2,509.21 1 0
github.com/kart-io/notifyhub/internal/platform/manager.go:512.72,513.28 1 0
github.com/kart-io/notifyhub/internal/platform/manager.go:513.28,515.3 1 0
github.com/kart-io/notifyhub/internal/platform/manager.go:516.2,516.12 1 0
github.com/kart-io/notifyhub/internal/platform/manager.go:519.67,529.2 1 0
github.com/kart-io/notifyhub/internal/platform/manager.go:531.65,531.79 1 0
github.com/kart-io/notifyhub/internal/platform/manager.go:532.65,532.79 1 0
github.com/kart-io/notifyhub/internal/platform/manager.go:539.43,539.62 1 0
github.com/kart-io/notifyhub/internal/platform/manager.go:541.126,543.33 2 0
github.com/kart-io/notifyhub/internal/platform/manager.go:543.33,548.3 3 0
github.com/kart-io/notifyhub/internal/platform/manager.go:549.2,549.21 1 0
github.com/kart-io/notifyhub/internal/platform/manager.go:552.73,553.81 1 0
github.com/kart-io/notifyhub/internal/platform/manager.go:553.81,555.3 1 0
github.com/kart-io/notifyhub/internal/platform/manager.go:556.2,556.12 1 0
github.com/kart-io/notifyhub/internal/platform/manager.go:559.68,570.2 1 0
github.com/kart-io/notifyhub/internal/platform/manager.go:572.66,572.80 1 0
github.com/kart-io/notifyhub/internal/platform/manager.go:573.66,573.80 1 0
github.com/kart-io/notifyhub/internal/platform/manager.go:580.40,580.56 1 0
github.com/kart-io/notifyhub/internal/platform/manager.go:582.123,584.33 2 0
github.com/kart-io/notifyhub/internal/platform/manager.go:584.33,589.3 3 0
github.com/kart-io/notifyhub/internal/platform/manager.go:590.2,590.21 1 0
github.com/kart-io/notifyhub/internal/platform/manager.go:593.70,594.28 1 0
github.com/kart-io/notifyhub/internal/platform/manager.go:594.28,596.3 1 0
github.com/kart-io/notifyhub/internal/platform/manager.go:597.2,597.12 1 0
github.com/kart-io/notifyhub/internal/platform/manager.go:600.65,609.2 1 0
github.com/kart-io/notifyhub/internal/platform/manager.go:611.63,611.77 1 0
github.com/kart-io/notifyhub/internal/platform/manager.go:612.63,612.77 1 0
github.com/kart-io/notifyhub/internal/platform/testutil.go:20.45,31.2 1 1
github.com/kart-io/notifyhub/internal/platform/testutil.go:34.36,36.2 1 1
github.com/kart-io/notifyhub/internal/platform/testutil.go:39.119,40.24 1 1
github.com/kart-io/notifyhub/internal/platform/testutil.go:40.24,42.3 1 1
github.com/kart-io/notifyhub/internal/platform/testutil.go:44.2,44.26 1 1
github.com/kart-io/notifyhub/internal/platform/testutil.go:44.26,46.3 1 0
github.com/kart-io/notifyhub/internal/platform/testutil.go:49.2,50.33 2 1
github.com/kart-io/notifyhub/internal/platform/testutil.go:50.33,59.3 1 1
github.com/kart-io/notifyhub/internal/platform/testutil.go:60.2,60.21 1 1
github.com/kart-io/notifyhub/internal/platform/testutil.go:64.66,66.2 1 0
github.com/kart-io/notifyhub/internal/platform/testutil.go:69.61,71.2 1 0
github.com/kart-io/notifyhub/internal/platform/testutil.go:74.59,76.2 1 1
github.com/kart-io/notifyhub/internal/platform/testutil.go:79.36,81.2 1 1
github.com/kart-io/notifyhub/internal/platform/testutil.go:84.46,86.2 1 1
github.com/kart-io/notifyhub/internal/platform/testutil.go:89.60,91.2 1 0
github.com/kart-io/notifyhub/internal/platform/testutil.go:94.50,96.2 1 0
github.com/kart-io/notifyhub/internal/platform/testutil.go:99.48,101.2 1 1
github.com/kart-io/notifyhub/internal/platform/testutil.go:104.47,106.2 1 1
github.com/kart-io/notifyhub/internal/platform/testutil.go:115.48,120.2 1 1
github.com/kart-io/notifyhub/internal/platform/testutil.go:123.106,124.47 1 0
github.com/kart-io/notifyhub/internal/platform/testutil.go:124.47,126.3 1 0
github.com/kart-io/notifyhub/internal/platform/testutil.go:127.2,127.51 1 0
github.com/kart-io/notifyhub/internal/platform/testutil.go:127.51,129.3 1 0
github.com/kart-io/notifyhub/internal/platform/testutil.go:130.2,130.37 1 0
github.com/kart-io/notifyhub/internal/platform/testutil.go:134.62,136.34 2 0
github.com/kart-io/notifyhub/internal/platform/testutil.go:136.34,138.3 1 0
github.com/kart-io/notifyhub/internal/platform/testutil.go:139.2,139.18 1 0
github.com/kart-io/notifyhub/internal/platform/testutil.go:143.98,144.47 1 0
github.com/kart-io/notifyhub/internal/platform/testutil.go:144.47,146.3 1 0
github.com/kart-io/notifyhub/internal/platform/testutil.go:147.2,147.12 1 0
github.com/kart-io/notifyhub/internal/platform/testutil.go:151.71,153.2 1 0
github.com/kart-io/notifyhub/internal/platform/testutil.go:156.66,158.2 1 0
github.com/kart-io/notifyhub/pkg/notifyhub/config.go:9.34,18.2 1 0
github.com/kart-io/notifyhub/pkg/notifyhub/config.go:21.31,30.2 1 0
github.com/kart-io/notifyhub/pkg/notifyhub/config.go:33.37,43.2 1 0
github.com/kart-io/notifyhub/pkg/notifyhub/config.go:46.36,48.2 1 0
github.com/kart-io/notifyhub/pkg/notifyhub/config.go:56.89,59.2 2 0
github.com/kart-io/notifyhub/pkg/notifyhub/config.go:62.114,65.2 2 0
github.com/kart-io/notifyhub/pkg/notifyhub/config.go:68.96,71.2 2 0
github.com/kart-io/notifyhub/pkg/notifyhub/config.go:74.48,77.2 2 0
github.com/kart-io/notifyhub/pkg/notifyhub/config.go:103.32,107.2 1 0
github.com/kart-io/notifyhub/pkg/notifyhub/errors.go:19.38,20.22 1 1
github.com/kart-io/notifyhub/pkg/notifyhub/errors.go:20.22,22.3 1 0
github.com/kart-io/notifyhub/pkg/notifyhub/errors.go:23.2,23.50 1 1
github.com/kart-io/notifyhub/pkg/notifyhub/errors.go:26.38,28.2 1 1
github.com/kart-io/notifyhub/pkg/notifyhub/errors.go:156.73,163.2 1 0
github.com/kart-io/notifyhub/pkg/notifyhub/errors.go:166.62,172.2 1 0
github.com/kart-io/notifyhub/pkg/notifyhub/errors.go:175.81,182.2 1 0
github.com/kart-io/notifyhub/pkg/notifyhub/errors.go:185.77,192.2 1 0
github.com/kart-io/notifyhub/pkg/notifyhub/errors.go:195.64,201.2 1 0
github.com/kart-io/notifyhub/pkg/notifyhub/errors.go:204.68,210.2 1 0
github.com/kart-io/notifyhub/pkg/notifyhub/errors.go:213.67,219.2 1 0
github.com/kart-io/notifyhub/pkg/notifyhub/errors.go:224.36,225.45 1 1
github.com/kart-io/notifyhub/pkg/notifyhub/errors.go:225.45,229.3 1 1
github.com/kart-io/notifyhub/pkg/notifyhub/errors.go:230.2,230.14 1 1
github.com/kart-io/notifyhub/pkg/notifyhub/errors.go:234.40,235.45 1 1
github.com/kart-io/notifyhub/pkg/notifyhub/errors.go:235.45,246.3 1 1
github.com/kart-io/notifyhub/pkg/notifyhub/errors.go:247.2,247.14 1 1
github.com/kart-io/notifyhub/pkg/notifyhub/errors.go:251.37,252.45 1 0
github.com/kart-io/notifyhub/pkg/notifyhub/errors.go:252.45,256.3 1 0
github.com/kart-io/notifyhub/pkg/notifyhub/errors.go:257.2,257.14 1 0
github.com/kart-io/notifyhub/pkg/notifyhub/errors.go:261.39,262.45 1 0
github.com/kart-io/notifyhub/pkg/notifyhub/errors.go:262.45,265.3 1 0
github.com/kart-io/notifyhub/pkg/notifyhub/errors.go:266.2,266.14 1 0
github.com/kart-io/notifyhub/pkg/notifyhub/errors.go:270.39,271.45 1 1
github.com/kart-io/notifyhub/pkg/notifyhub/errors.go:271.45,278.3 1 1
github.com/kart-io/notifyhub/pkg/notifyhub/errors.go:279.2,279.14 1 1
github.com/kart-io/notifyhub/pkg/notifyhub/errors.go:283.39,285.2 1 1
github.com/kart-io/notifyhub/pkg/notifyhub/errors.go:288.38,289.45 1 1
github.com/kart-io/notifyhub/pkg/notifyhub/errors.go:289.45,291.3 1 1
github.com/kart-io/notifyhub/pkg/notifyhub/errors.go:292.2,292.14 1 1
github.com/kart-io/notifyhub/pkg/notifyhub/errors.go:296.36,297.45 1 0
github.com/kart-io/notifyhub/pkg/notifyhub/errors.go:297.45,299.3 1 0
github.com/kart-io/notifyhub/pkg/notifyhub/errors.go:300.2,300.14 1 0
github.com/kart-io/notifyhub/pkg/notifyhub/errors.go:304.37,305.45 1 1
github.com/kart-io/notifyhub/pkg/notifyhub/errors.go:305.45,307.3 1 1
github.com/kart-io/notifyhub/pkg/notifyhub/errors.go:308.2,308.11 1 1
github.com/kart-io/notifyhub/pkg/notifyhub/errors.go:312.41,313.45 1 0
github.com/kart-io/notifyhub/pkg/notifyhub/errors.go:313.45,315.3 1 0
github.com/kart-io/notifyhub/pkg/notifyhub/errors.go:316.2,316.11 1 0
github.com/kart-io/notifyhub/pkg/notifyhub/errors.go:320.39,321.45 1 0
github.com/kart-io/notifyhub/pkg/notifyhub/errors.go:321.45,323.3 1 0
github.com/kart-io/notifyhub/pkg/notifyhub/errors.go:324.2,324.11 1 0
github.com/kart-io/notifyhub/pkg/notifyhub/errors.go:328.57,334.2 1 0
github.com/kart-io/notifyhub/pkg/notifyhub/errors.go:345.52,353.29 2 0
github.com/kart-io/notifyhub/pkg/notifyhub/errors.go:353.29,354.46 1 0
github.com/kart-io/notifyhub/pkg/notifyhub/errors.go:354.46,357.32 3 0
github.com/kart-io/notifyhub/pkg/notifyhub/errors.go:357.32,359.5 1 0
github.com/kart-io/notifyhub/pkg/notifyhub/errors.go:363.2,363.16 1 0
github.com/kart-io/notifyhub/pkg/notifyhub/errors.go:367.41,369.2 1 0
github.com/kart-io/notifyhub/pkg/notifyhub/hub.go:60.45,73.27 2 1
github.com/kart-io/notifyhub/pkg/notifyhub/hub.go:73.27,75.3 1 1
github.com/kart-io/notifyhub/pkg/notifyhub/hub.go:78.2,86.53 2 1
github.com/kart-io/notifyhub/pkg/notifyhub/hub.go:86.53,87.30 1 1
github.com/kart-io/notifyhub/pkg/notifyhub/hub.go:87.30,88.12 1 0
github.com/kart-io/notifyhub/pkg/notifyhub/hub.go:91.3,92.17 2 1
github.com/kart-io/notifyhub/pkg/notifyhub/hub.go:92.17,94.4 1 0
github.com/kart-io/notifyhub/pkg/notifyhub/hub.go:96.3,96.56 1 1
github.com/kart-io/notifyhub/pkg/notifyhub/hub.go:96.56,98.4 1 0
github.com/kart-io/notifyhub/pkg/notifyhub/hub.go:101.2,104.8 1 1
github.com/kart-io/notifyhub/pkg/notifyhub/hub.go:108.81,110.14 2 1
github.com/kart-io/notifyhub/pkg/notifyhub/hub.go:110.14,113.3 2 1
github.com/kart-io/notifyhub/pkg/notifyhub/hub.go:114.2,117.33 2 1
github.com/kart-io/notifyhub/pkg/notifyhub/hub.go:117.33,121.3 3 1
github.com/kart-io/notifyhub/pkg/notifyhub/hub.go:124.2,124.51 1 1
github.com/kart-io/notifyhub/pkg/notifyhub/hub.go:124.51,126.3 1 1
github.com/kart-io/notifyhub/pkg/notifyhub/hub.go:129.2,133.41 3 1
github.com/kart-io/notifyhub/pkg/notifyhub/hub.go:133.41,139.3 1 1
github.com/kart-io/notifyhub/pkg/notifyhub/hub.go:142.2,146.42 3 1
github.com/kart-io/notifyhub/pkg/notifyhub/hub.go:146.42,158.33 2 1
github.com/kart-io/notifyhub/pkg/notifyhub/hub.go:158.33,160.4 1 0
github.com/kart-io/notifyhub/pkg/notifyhub/hub.go:162.3,163.17 2 1
github.com/kart-io/notifyhub/pkg/notifyhub/hub.go:163.17,165.35 1 0
github.com/kart-io/notifyhub/pkg/notifyhub/hub.go:165.35,169.5 3 0
github.com/kart-io/notifyhub/pkg/notifyhub/hub.go:170.4,170.12 1 0
github.com/kart-io/notifyhub/pkg/notifyhub/hub.go:173.3,174.17 2 1
github.com/kart-io/notifyhub/pkg/notifyhub/hub.go:174.17,176.35 1 0
github.com/kart-io/notifyhub/pkg/notifyhub/hub.go:176.35,180.5 3 0
github.com/kart-io/notifyhub/pkg/notifyhub/hub.go:181.9,183.4 1 1
github.com/kart-io/notifyhub/pkg/notifyhub/hub.go:187.2,188.21 2 1
github.com/kart-io/notifyhub/pkg/notifyhub/hub.go:192.91,194.14 2 1
github.com/kart-io/notifyhub/pkg/notifyhub/hub.go:194.14,197.3 2 1
github.com/kart-io/notifyhub/pkg/notifyhub/hub.go:198.2,203.16 3 1
github.com/kart-io/notifyhub/pkg/notifyhub/hub.go:203.16,205.3 1 0
github.com/kart-io/notifyhub/pkg/notifyhub/hub.go:207.2,211.8 1 1
github.com/kart-io/notifyhub/pkg/notifyhub/hub.go:215.70,217.14 2 1
github.com/kart-io/notifyhub/pkg/notifyhub/hub.go:217.14,220.3 2 1
github.com/kart-io/notifyhub/pkg/notifyhub/hub.go:221.2,228.40 5 1
github.com/kart-io/notifyhub/pkg/notifyhub/hub.go:228.40,230.17 2 0
github.com/kart-io/notifyhub/pkg/notifyhub/hub.go:230.17,232.4 1 0
github.com/kart-io/notifyhub/pkg/notifyhub/hub.go:234.3,235.17 2 0
github.com/kart-io/notifyhub/pkg/notifyhub/hub.go:235.17,237.4 1 0
github.com/kart-io/notifyhub/pkg/notifyhub/hub.go:239.3,245.17 2 0
github.com/kart-io/notifyhub/pkg/notifyhub/hub.go:245.17,247.4 1 0
github.com/kart-io/notifyhub/pkg/notifyhub/hub.go:250.2,251.14 2 1
github.com/kart-io/notifyhub/pkg/notifyhub/hub.go:251.14,253.3 1 0
github.com/kart-io/notifyhub/pkg/notifyhub/hub.go:255.2,263.8 1 1
github.com/kart-io/notifyhub/pkg/notifyhub/hub.go:267.52,271.14 3 1
github.com/kart-io/notifyhub/pkg/notifyhub/hub.go:271.14,273.3 1 1
github.com/kart-io/notifyhub/pkg/notifyhub/hub.go:275.2,278.50 2 1
github.com/kart-io/notifyhub/pkg/notifyhub/hub.go:278.50,280.3 1 0
github.com/kart-io/notifyhub/pkg/notifyhub/hub.go:282.2,282.12 1 1
github.com/kart-io/notifyhub/pkg/notifyhub/hub.go:286.59,287.20 1 1
github.com/kart-io/notifyhub/pkg/notifyhub/hub.go:287.20,289.3 1 1
github.com/kart-io/notifyhub/pkg/notifyhub/hub.go:291.2,291.47 1 1
github.com/kart-io/notifyhub/pkg/notifyhub/hub.go:291.47,293.3 1 1
github.com/kart-io/notifyhub/pkg/notifyhub/hub.go:295.2,295.31 1 1
github.com/kart-io/notifyhub/pkg/notifyhub/hub.go:295.31,297.3 1 1
github.com/kart-io/notifyhub/pkg/notifyhub/hub.go:299.2,299.12 1 1
github.com/kart-io/notifyhub/pkg/notifyhub/hub.go:303.91,308.33 4 1
github.com/kart-io/notifyhub/pkg/notifyhub/hub.go:308.33,309.21 1 1
github.com/kart-io/notifyhub/pkg/notifyhub/hub.go:309.21,311.4 1 1
github.com/kart-io/notifyhub/pkg/notifyhub/hub.go:311.9,313.26 2 1
github.com/kart-io/notifyhub/pkg/notifyhub/hub.go:313.26,315.5 1 1
github.com/kart-io/notifyhub/pkg/notifyhub/hub.go:318.3,334.37 2 1
github.com/kart-io/notifyhub/pkg/notifyhub/hub.go:334.37,336.4 1 0
github.com/kart-io/notifyhub/pkg/notifyhub/hub.go:339.2,340.21 2 1
github.com/kart-io/notifyhub/pkg/notifyhub/hub.go:340.21,342.3 1 1
github.com/kart-io/notifyhub/pkg/notifyhub/hub.go:342.8,342.23 1 1
github.com/kart-io/notifyhub/pkg/notifyhub/hub.go:342.23,344.3 1 1
github.com/kart-io/notifyhub/pkg/notifyhub/hub.go:347.2,348.32 2 1
github.com/kart-io/notifyhub/pkg/notifyhub/hub.go:348.32,350.3 1 1
github.com/kart-io/notifyhub/pkg/notifyhub/hub.go:352.2,363.3 1 1
github.com/kart-io/notifyhub/pkg/notifyhub/hub.go:367.106,371.71 2 1
github.com/kart-io/notifyhub/pkg/notifyhub/hub.go:371.71,373.3 1 0
github.com/kart-io/notifyhub/pkg/notifyhub/hub.go:376.2,377.16 2 1
github.com/kart-io/notifyhub/pkg/notifyhub/hub.go:377.16,379.3 1 0
github.com/kart-io/notifyhub/pkg/notifyhub/hub.go:381.2,381.20 1 1
github.com/kart-io/notifyhub/pkg/notifyhub/message.go:35.35,36.11 1 0
github.com/kart-io/notifyhub/pkg/notifyhub/message.go:37.19,38.15 1 0
github.com/kart-io/notifyhub/pkg/notifyhub/message.go:39.22,40.18 1 0
github.com/kart-io/notifyhub/pkg/notifyhub/message.go:41.20,42.16 1 0
github.com/kart-io/notifyhub/pkg/notifyhub/message.go:43.22,44.18 1 0
github.com/kart-io/notifyhub/pkg/notifyhub/message.go:45.10,46.18 1 0
github.com/kart-io/notifyhub/pkg/notifyhub/message.go:56.50,67.20 2 1
github.com/kart-io/notifyhub/pkg/notifyhub/message.go:67.20,69.3 1 1
github.com/kart-io/notifyhub/pkg/notifyhub/message.go:71.2,71.38 1 1
github.com/kart-io/notifyhub/pkg/notifyhub/message.go:75.45,77.2 1 1
github.com/kart-io/notifyhub/pkg/notifyhub/message.go:80.46,82.2 1 1
github.com/kart-io/notifyhub/pkg/notifyhub/message.go:85.66,88.2 2 0
github.com/kart-io/notifyhub/pkg/notifyhub/message.go:91.64,94.2 2 1
github.com/kart-io/notifyhub/pkg/notifyhub/message.go:97.64,99.2 1 1
github.com/kart-io/notifyhub/pkg/notifyhub/message.go:102.68,105.2 2 0
github.com/kart-io/notifyhub/pkg/notifyhub/message.go:108.71,112.2 3 1
github.com/kart-io/notifyhub/pkg/notifyhub/message.go:115.67,119.2 3 1
github.com/kart-io/notifyhub/pkg/notifyhub/message.go:122.74,125.2 2 1
github.com/kart-io/notifyhub/pkg/notifyhub/message.go:128.86,131.2 2 1
github.com/kart-io/notifyhub/pkg/notifyhub/message.go:134.86,137.2 2 1
github.com/kart-io/notifyhub/pkg/notifyhub/message.go:140.90,141.30 1 0
github.com/kart-io/notifyhub/pkg/notifyhub/message.go:141.30,143.3 1 0
github.com/kart-io/notifyhub/pkg/notifyhub/message.go:144.2,144.10 1 0
github.com/kart-io/notifyhub/pkg/notifyhub/message.go:148.69,151.2 2 1
github.com/kart-io/notifyhub/pkg/notifyhub/message.go:154.77,158.2 3 1
github.com/kart-io/notifyhub/pkg/notifyhub/message.go:161.66,164.2 2 0
github.com/kart-io/notifyhub/pkg/notifyhub/message.go:167.71,170.2 2 0
github.com/kart-io/notifyhub/pkg/notifyhub/message.go:173.64,177.2 3 1
github.com/kart-io/notifyhub/pkg/notifyhub/message.go:180.64,184.2 3 1
github.com/kart-io/notifyhub/pkg/notifyhub/message.go:187.70,189.27 2 1
github.com/kart-io/notifyhub/pkg/notifyhub/message.go:189.27,191.3 1 0
github.com/kart-io/notifyhub/pkg/notifyhub/message.go:192.2,193.10 2 1
github.com/kart-io/notifyhub/pkg/notifyhub/message.go:197.70,201.2 3 0
github.com/kart-io/notifyhub/pkg/notifyhub/message.go:204.72,208.2 3 1
github.com/kart-io/notifyhub/pkg/notifyhub/message.go:211.64,215.2 3 0
github.com/kart-io/notifyhub/pkg/notifyhub/message.go:220.75,223.2 2 1
github.com/kart-io/notifyhub/pkg/notifyhub/message.go:226.80,228.33 2 0
github.com/kart-io/notifyhub/pkg/notifyhub/message.go:228.33,230.3 1 0
github.com/kart-io/notifyhub/pkg/notifyhub/message.go:231.2,232.10 2 0
github.com/kart-io/notifyhub/pkg/notifyhub/message.go:236.65,239.2 2 0
github.com/kart-io/notifyhub/pkg/notifyhub/message.go:242.72,245.2 2 1
github.com/kart-io/notifyhub/pkg/notifyhub/message.go:248.73,251.2 2 0
github.com/kart-io/notifyhub/pkg/notifyhub/message.go:254.77,257.2 2 0
github.com/kart-io/notifyhub/pkg/notifyhub/message.go:260.85,263.2 2 0
github.com/kart-io/notifyhub/pkg/notifyhub/message.go:266.77,269.2 2 1
github.com/kart-io/notifyhub/pkg/notifyhub/message.go:272.93,275.2 2 0
github.com/kart-io/notifyhub/pkg/notifyhub/message.go:278.43,280.24 1 1
github.com/kart-io/notifyhub/pkg/notifyhub/message.go:280.24,282.3 1 0
github.com/kart-io/notifyhub/pkg/notifyhub/message.go:284.2,284.18 1 1
github.com/kart-io/notifyhub/pkg/notifyhub/message.go:290.56,292.31 2 0
github.com/kart-io/notifyhub/pkg/notifyhub/message.go:292.31,294.3 1 0
github.com/kart-io/notifyhub/pkg/notifyhub/message.go:295.2,295.15 1 0
github.com/kart-io/notifyhub/pkg/notifyhub/message.go:299.57,301.32 2 0
github.com/kart-io/notifyhub/pkg/notifyhub/message.go:301.32,303.3 1 0
github.com/kart-io/notifyhub/pkg/notifyhub/message.go:304.2,304.15 1 0
github.com/kart-io/notifyhub/pkg/notifyhub/message.go:308.60,310.35 2 0
github.com/kart-io/notifyhub/pkg/notifyhub/message.go:310.35,312.3 1 0
github.com/kart-io/notifyhub/pkg/notifyhub/message.go:313.2,313.15 1 0
github.com/kart-io/notifyhub/pkg/notifyhub/message.go:317.44,319.2 1 0
github.com/kart-io/notifyhub/pkg/notifyhub/message.go:322.49,324.2 1 0
github.com/kart-io/notifyhub/pkg/notifyhub/message.go:327.62,328.23 1 0
github.com/kart-io/notifyhub/pkg/notifyhub/message.go:328.23,330.3 1 0
github.com/kart-io/notifyhub/pkg/notifyhub/message.go:331.2,331.25 1 0
github.com/kart-io/notifyhub/pkg/notifyhub/message.go:335.62,336.24 1 0
github.com/kart-io/notifyhub/pkg/notifyhub/message.go:336.24,338.3 1 0
github.com/kart-io/notifyhub/pkg/notifyhub/message.go:339.2,339.26 1 0
github.com/kart-io/notifyhub/pkg/notifyhub/message.go:343.66,344.27 1 0
github.com/kart-io/notifyhub/pkg/notifyhub/message.go:344.27,346.3 1 0
github.com/kart-io/notifyhub/pkg/notifyhub/message.go:347.2,347.29 1 0
github.com/kart-io/notifyhub/pkg/notifyhub/message.go:351.33,354.40 2 1
github.com/kart-io/notifyhub/pkg/notifyhub/message.go:354.40,357.3 1 0
github.com/kart-io/notifyhub/pkg/notifyhub/message.go:358.2,358.59 1 1
github.com/kart-io/notifyhub/pkg/notifyhub/options.go:122.65,123.28 1 1
github.com/kart-io/notifyhub/pkg/notifyhub/options.go:123.28,124.25 1 1
github.com/kart-io/notifyhub/pkg/notifyhub/options.go:124.25,126.4 1 0
github.com/kart-io/notifyhub/pkg/notifyhub/options.go:127.3,127.29 1 1
github.com/kart-io/notifyhub/pkg/notifyhub/options.go:132.54,140.2 1 0
github.com/kart-io/notifyhub/pkg/notifyhub/options.go:143.67,148.2 1 1
github.com/kart-io/notifyhub/pkg/notifyhub/options.go:151.124,158.35 2 0
github.com/kart-io/notifyhub/pkg/notifyhub/options.go:158.35,160.3 1 0
github.com/kart-io/notifyhub/pkg/notifyhub/options.go:162.2,166.4 1 0
github.com/kart-io/notifyhub/pkg/notifyhub/options.go:170.82,182.2 1 0
github.com/kart-io/notifyhub/pkg/notifyhub/options.go:185.66,190.2 1 1
github.com/kart-io/notifyhub/pkg/notifyhub/options.go:193.134,207.2 1 0
github.com/kart-io/notifyhub/pkg/notifyhub/options.go:210.60,219.2 1 0
github.com/kart-io/notifyhub/pkg/notifyhub/options.go:222.64,227.2 1 0
github.com/kart-io/notifyhub/pkg/notifyhub/options.go:230.73,235.20 2 0
github.com/kart-io/notifyhub/pkg/notifyhub/options.go:235.20,237.3 1 0
github.com/kart-io/notifyhub/pkg/notifyhub/options.go:239.2,242.4 1 0
github.com/kart-io/notifyhub/pkg/notifyhub/options.go:248.69,249.28 1 0
github.com/kart-io/notifyhub/pkg/notifyhub/options.go:249.28,255.3 1 0
github.com/kart-io/notifyhub/pkg/notifyhub/options.go:259.57,261.2 1 0
github.com/kart-io/notifyhub/pkg/notifyhub/options.go:264.73,265.28 1 0
github.com/kart-io/notifyhub/pkg/notifyhub/options.go:265.28,274.3 1 0
github.com/kart-io/notifyhub/pkg/notifyhub/options.go:278.52,279.28 1 0
github.com/kart-io/notifyhub/pkg/notifyhub/options.go:279.28,282.3 2 0
github.com/kart-io/notifyhub/pkg/notifyhub/options.go:288.52,289.28 1 1
github.com/kart-io/notifyhub/pkg/notifyhub/options.go:289.28,291.3 1 1
github.com/kart-io/notifyhub/pkg/notifyhub/options.go:295.93,303.2 1 1
github.com/kart-io/notifyhub/pkg/notifyhub/options.go:306.30,310.2 1 0
github.com/kart-io/notifyhub/pkg/notifyhub/options.go:315.51,316.28 1 1
github.com/kart-io/notifyhub/pkg/notifyhub/options.go:316.28,318.3 1 1
github.com/kart-io/notifyhub/pkg/notifyhub/options.go:322.48,323.28 1 0
github.com/kart-io/notifyhub/pkg/notifyhub/options.go:323.28,325.3 1 0
github.com/kart-io/notifyhub/pkg/notifyhub/options.go:331.62,332.28 1 0
github.com/kart-io/notifyhub/pkg/notifyhub/options.go:332.28,339.3 1 0
github.com/kart-io/notifyhub/pkg/notifyhub/options.go:343.99,344.28 1 0
github.com/kart-io/notifyhub/pkg/notifyhub/options.go:344.28,352.3 1 0
github.com/kart-io/notifyhub/pkg/notifyhub/options.go:356.34,357.28 1 0
github.com/kart-io/notifyhub/pkg/notifyhub/options.go:357.28,359.3 1 0
github.com/kart-io/notifyhub/pkg/notifyhub/options.go:365.42,366.28 1 0
github.com/kart-io/notifyhub/pkg/notifyhub/options.go:366.28,368.3 1 0
github.com/kart-io/notifyhub/pkg/notifyhub/options.go:372.42,373.28 1 0
github.com/kart-io/notifyhub/pkg/notifyhub/options.go:373.28,375.3 1 0
github.com/kart-io/notifyhub/pkg/notifyhub/options.go:379.78,380.28 1 0
github.com/kart-io/notifyhub/pkg/notifyhub/options.go:380.28,387.3 1 0
github.com/kart-io/notifyhub/pkg/notifyhub/options.go:391.36,392.28 1 0
github.com/kart-io/notifyhub/pkg/notifyhub/options.go:392.28,394.3 1 0
github.com/kart-io/notifyhub/pkg/notifyhub/options.go:400.92,401.28 1 0
github.com/kart-io/notifyhub/pkg/notifyhub/options.go:401.28,407.3 1 0
github.com/kart-io/notifyhub/pkg/notifyhub/options.go:411.67,412.28 1 0
github.com/kart-io/notifyhub/pkg/notifyhub/options.go:412.28,415.3 2 0
github.com/kart-io/notifyhub/pkg/notifyhub/options.go:421.57,422.28 1 0
github.com/kart-io/notifyhub/pkg/notifyhub/options.go:422.28,423.24 1 0
github.com/kart-io/notifyhub/pkg/notifyhub/options.go:423.24,425.4 1 0
github.com/kart-io/notifyhub/pkg/notifyhub/options.go:426.3,426.30 1 0
github.com/kart-io/notifyhub/pkg/notifyhub/options.go:426.30,428.4 1 0
github.com/kart-io/notifyhub/pkg/notifyhub/options.go:433.53,434.28 1 0
github.com/kart-io/notifyhub/pkg/notifyhub/options.go:434.28,435.24 1 0
github.com/kart-io/notifyhub/pkg/notifyhub/options.go:435.24,437.4 1 0
github.com/kart-io/notifyhub/pkg/notifyhub/options.go:438.3,438.26 1 0
github.com/kart-io/notifyhub/pkg/notifyhub/options.go:445.31,446.28 1 0
github.com/kart-io/notifyhub/pkg/notifyhub/options.go:446.28,469.3 7 0
github.com/kart-io/notifyhub/pkg/notifyhub/options.go:473.35,474.28 1 0
github.com/kart-io/notifyhub/pkg/notifyhub/options.go:474.28,492.3 7 0
github.com/kart-io/notifyhub/pkg/notifyhub/options.go:496.41,497.28 1 0
github.com/kart-io/notifyhub/pkg/notifyhub/options.go:497.28,531.3 9 0
github.com/kart-io/notifyhub/pkg/notifyhub/receipt.go:65.44,73.2 1 0
github.com/kart-io/notifyhub/pkg/notifyhub/receipt.go:76.69,83.2 1 0
github.com/kart-io/notifyhub/pkg/notifyhub/receipt.go:86.52,90.20 3 0
github.com/kart-io/notifyhub/pkg/notifyhub/receipt.go:90.20,92.3 1 0
github.com/kart-io/notifyhub/pkg/notifyhub/receipt.go:92.8,94.3 1 0
github.com/kart-io/notifyhub/pkg/notifyhub/receipt.go:97.2,97.18 1 0
github.com/kart-io/notifyhub/pkg/notifyhub/receipt.go:101.39,103.2 1 0
github.com/kart-io/notifyhub/pkg/notifyhub/receipt.go:106.55,108.2 1 0
github.com/kart-io/notifyhub/pkg/notifyhub/receipt.go:111.50,112.23 1 0
github.com/kart-io/notifyhub/pkg/notifyhub/receipt.go:112.23,114.3 1 0
github.com/kart-io/notifyhub/pkg/notifyhub/receipt.go:115.2,115.25 1 0
github.com/kart-io/notifyhub/pkg/notifyhub/receipt.go:119.36,121.2 1 0
github.com/kart-io/notifyhub/pkg/notifyhub/receipt.go:124.36,126.2 1 0
github.com/kart-io/notifyhub/pkg/notifyhub/receipt.go:129.35,131.2 1 0
github.com/kart-io/notifyhub/pkg/notifyhub/receipt.go:134.59,136.35 2 0
github.com/kart-io/notifyhub/pkg/notifyhub/receipt.go:136.35,137.21 1 0
github.com/kart-io/notifyhub/pkg/notifyhub/receipt.go:137.21,139.4 1 0
github.com/kart-io/notifyhub/pkg/notifyhub/receipt.go:141.2,141.19 1 0
github.com/kart-io/notifyhub/pkg/notifyhub/receipt.go:145.55,147.35 2 0
github.com/kart-io/notifyhub/pkg/notifyhub/receipt.go:147.35,148.22 1 0
github.com/kart-io/notifyhub/pkg/notifyhub/receipt.go:148.22,150.4 1 0
github.com/kart-io/notifyhub/pkg/notifyhub/receipt.go:152.2,152.15 1 0
github.com/kart-io/notifyhub/pkg/notifyhub/receipt.go:156.70,158.35 2 0
github.com/kart-io/notifyhub/pkg/notifyhub/receipt.go:158.35,160.3 1 0
github.com/kart-io/notifyhub/pkg/notifyhub/receipt.go:161.2,161.15 1 0
github.com/kart-io/notifyhub/pkg/notifyhub/receipt.go:165.58,166.25 1 0
github.com/kart-io/notifyhub/pkg/notifyhub/receipt.go:166.25,168.3 1 0
github.com/kart-io/notifyhub/pkg/notifyhub/receipt.go:170.2,171.35 2 0
github.com/kart-io/notifyhub/pkg/notifyhub/receipt.go:171.35,173.3 1 0
github.com/kart-io/notifyhub/pkg/notifyhub/receipt.go:175.2,175.46 1 0
github.com/kart-io/notifyhub/pkg/notifyhub/receipt.go:179.35,182.2 1 0
github.com/kart-io/notifyhub/pkg/notifyhub/receipt.go:185.34,186.18 1 0
github.com/kart-io/notifyhub/pkg/notifyhub/receipt.go:186.18,189.3 2 0
github.com/kart-io/notifyhub/pkg/notifyhub/receipt.go:191.2,191.29 1 0
github.com/kart-io/notifyhub/pkg/notifyhub/receipt.go:191.29,193.3 1 0
github.com/kart-io/notifyhub/pkg/notifyhub/receipt.go:193.8,193.29 1 0
github.com/kart-io/notifyhub/pkg/notifyhub/receipt.go:193.29,195.3 1 0
github.com/kart-io/notifyhub/pkg/notifyhub/receipt.go:195.8,197.3 1 0
github.com/kart-io/notifyhub/pkg/notifyhub/receipt.go:201.85,209.2 1 0
github.com/kart-io/notifyhub/pkg/notifyhub/receipt.go:212.47,215.2 2 0
github.com/kart-io/notifyhub/pkg/notifyhub/receipt.go:218.56,222.2 3 0
github.com/kart-io/notifyhub/pkg/notifyhub/receipt.go:225.63,227.2 1 0
github.com/kart-io/notifyhub/pkg/notifyhub/receipt.go:230.51,232.2 1 0
github.com/kart-io/notifyhub/pkg/notifyhub/receipt.go:235.56,237.2 1 0
github.com/kart-io/notifyhub/pkg/notifyhub/receipt.go:240.58,241.24 1 0
github.com/kart-io/notifyhub/pkg/notifyhub/receipt.go:241.24,243.3 1 0
github.com/kart-io/notifyhub/pkg/notifyhub/receipt.go:244.2,244.26 1 0
github.com/kart-io/notifyhub/pkg/notifyhub/receipt.go:248.43,250.17 2 0
github.com/kart-io/notifyhub/pkg/notifyhub/receipt.go:250.17,252.3 1 0
github.com/kart-io/notifyhub/pkg/notifyhub/receipt.go:253.2,254.69 1 0
github.com/kart-io/notifyhub/pkg/notifyhub/receipt.go:258.69,261.2 2 0
github.com/kart-io/notifyhub/pkg/notifyhub/receipt.go:264.69,266.2 1 0
github.com/kart-io/notifyhub/pkg/notifyhub/receipt.go:269.56,271.2 1 0
github.com/kart-io/notifyhub/pkg/notifyhub/receipt.go:274.56,275.24 1 0
github.com/kart-io/notifyhub/pkg/notifyhub/receipt.go:275.24,277.3 1 0
github.com/kart-io/notifyhub/pkg/notifyhub/receipt.go:278.2,278.26 1 0
github.com/kart-io/notifyhub/pkg/notifyhub/receipt.go:282.41,284.27 2 0
github.com/kart-io/notifyhub/pkg/notifyhub/receipt.go:284.27,286.3 1 0
github.com/kart-io/notifyhub/pkg/notifyhub/receipt.go:287.2,287.66 1 0
github.com/kart-io/notifyhub/pkg/notifyhub/target.go:37.59,43.2 1 1
github.com/kart-io/notifyhub/pkg/notifyhub/target.go:46.42,52.2 1 1
github.com/kart-io/notifyhub/pkg/notifyhub/target.go:55.48,61.2 1 1
github.com/kart-io/notifyhub/pkg/notifyhub/target.go:64.48,70.2 1 1
github.com/kart-io/notifyhub/pkg/notifyhub/target.go:73.50,79.2 1 1
github.com/kart-io/notifyhub/pkg/notifyhub/target.go:82.49,85.84 2 0
github.com/kart-io/notifyhub/pkg/notifyhub/target.go:85.84,87.3 1 0
github.com/kart-io/notifyhub/pkg/notifyhub/target.go:89.2,93.3 1 0
github.com/kart-io/notifyhub/pkg/notifyhub/target.go:97.44,104.2 2 1
github.com/kart-io/notifyhub/pkg/notifyhub/target.go:107.34,108.19 1 1
github.com/kart-io/notifyhub/pkg/notifyhub/target.go:108.19,110.3 1 1
github.com/kart-io/notifyhub/pkg/notifyhub/target.go:112.2,112.16 1 1
github.com/kart-io/notifyhub/pkg/notifyhub/target.go:113.23,114.27 1 1
github.com/kart-io/notifyhub/pkg/notifyhub/target.go:115.23,116.27 1 1
github.com/kart-io/notifyhub/pkg/notifyhub/target.go:117.25,118.29 1 0
github.com/kart-io/notifyhub/pkg/notifyhub/target.go:119.58,120.24 1 0
github.com/kart-io/notifyhub/pkg/notifyhub/target.go:121.10,122.59 1 1
github.com/kart-io/notifyhub/pkg/notifyhub/target.go:127.32,129.2 1 0
github.com/kart-io/notifyhub/pkg/notifyhub/target.go:132.32,134.2 1 0
github.com/kart-io/notifyhub/pkg/notifyhub/target.go:137.34,139.2 1 0
github.com/kart-io/notifyhub/pkg/notifyhub/target.go:142.33,144.2 1 0
github.com/kart-io/notifyhub/pkg/notifyhub/target.go:147.33,149.2 1 1
github.com/kart-io/notifyhub/pkg/notifyhub/target.go:152.39,154.38 2 1
github.com/kart-io/notifyhub/pkg/notifyhub/target.go:154.38,156.3 1 0
github.com/kart-io/notifyhub/pkg/notifyhub/target.go:157.2,157.12 1 1
github.com/kart-io/notifyhub/pkg/notifyhub/target.go:161.39,164.38 2 1
github.com/kart-io/notifyhub/pkg/notifyhub/target.go:164.38,166.3 1 0
github.com/kart-io/notifyhub/pkg/notifyhub/target.go:167.2,167.12 1 1
github.com/kart-io/notifyhub/pkg/notifyhub/target.go:171.41,172.87 1 0
github.com/kart-io/notifyhub/pkg/notifyhub/target.go:172.87,174.3 1 0
github.com/kart-io/notifyhub/pkg/notifyhub/target.go:175.2,175.12 1 0
github.com/kart-io/notifyhub/pkg/notifyhub/target.go:179.36,180.22 1 0
github.com/kart-io/notifyhub/pkg/notifyhub/target.go:180.22,182.3 1 0
github.com/kart-io/notifyhub/pkg/notifyhub/target.go:183.2,183.12 1 0
github.com/kart-io/notifyhub/pkg/notifyhub/target.go:187.65,189.66 1 1
github.com/kart-io/notifyhub/pkg/notifyhub/target.go:189.66,191.3 1 1
github.com/kart-io/notifyhub/pkg/notifyhub/target.go:194.2,194.53 1 1
github.com/kart-io/notifyhub/pkg/notifyhub/target.go:194.53,196.3 1 1
github.com/kart-io/notifyhub/pkg/notifyhub/target.go:199.2,199.81 1 1
github.com/kart-io/notifyhub/pkg/notifyhub/target.go:199.81,201.75 2 1
github.com/kart-io/notifyhub/pkg/notifyhub/target.go:201.75,203.4 1 0
github.com/kart-io/notifyhub/pkg/notifyhub/target.go:204.3,204.37 1 1
github.com/kart-io/notifyhub/pkg/notifyhub/target.go:208.2,208.35 1 1
github.com/kart-io/notifyhub/pkg/notifyhub/target.go:208.35,210.3 1 0
github.com/kart-io/notifyhub/pkg/notifyhub/target.go:213.2,213.35 1 1
github.com/kart-io/notifyhub/pkg/notifyhub/target.go:213.35,215.3 1 0
github.com/kart-io/notifyhub/pkg/notifyhub/target.go:218.2,218.72 1 1
github.com/kart-io/notifyhub/pkg/notifyhub/target.go:218.72,220.38 2 1
github.com/kart-io/notifyhub/pkg/notifyhub/target.go:220.38,222.4 1 1
github.com/kart-io/notifyhub/pkg/notifyhub/target.go:223.3,223.36 1 1
github.com/kart-io/notifyhub/pkg/notifyhub/target.go:227.2,227.37 1 1
github.com/kart-io/notifyhub/pkg/notifyhub/target.go:234.42,236.2 1 0
github.com/kart-io/notifyhub/pkg/notifyhub/target.go:239.46,241.2 1 0
github.com/kart-io/notifyhub/pkg/notifyhub/target.go:244.52,246.2 1 0
github.com/kart-io/notifyhub/pkg/notifyhub/target.go:249.52,251.2 1 0
github.com/kart-io/notifyhub/pkg/notifyhub/target.go:254.54,256.2 1 0
github.com/kart-io/notifyhub/pkg/notifyhub/target.go:259.53,261.2 1 0
github.com/kart-io/notifyhub/pkg/notifyhub/target.go:264.60,266.28 2 0
github.com/kart-io/notifyhub/pkg/notifyhub/target.go:266.28,268.31 2 0
github.com/kart-io/notifyhub/pkg/notifyhub/target.go:268.31,270.12 1 0
github.com/kart-io/notifyhub/pkg/notifyhub/target.go:272.3,272.54 1 0
github.com/kart-io/notifyhub/pkg/notifyhub/target.go:274.2,274.15 1 0
github.com/kart-io/notifyhub/pkg/notifyhub/target.go:278.39,279.18 1 0
github.com/kart-io/notifyhub/pkg/notifyhub/target.go:279.18,281.3 1 0
github.com/kart-io/notifyhub/pkg/notifyhub/target.go:283.2,283.28 1 0
github.com/kart-io/notifyhub/pkg/notifyhub/target.go:283.28,284.43 1 0
github.com/kart-io/notifyhub/pkg/notifyhub/target.go:284.43,286.4 1 0
github.com/kart-io/notifyhub/pkg/notifyhub/target.go:288.2,288.12 1 0
github.com/kart-io/notifyhub/pkg/notifyhub/target.go:292.69,294.28 2 0
github.com/kart-io/notifyhub/pkg/notifyhub/target.go:294.28,295.24 1 0
github.com/kart-io/notifyhub/pkg/notifyhub/target.go:295.24,297.4 1 0
github.com/kart-io/notifyhub/pkg/notifyhub/target.go:299.2,299.17 1 0
github.com/kart-io/notifyhub/pkg/notifyhub/target.go:303.64,304.39 1 0
github.com/kart-io/notifyhub/pkg/notifyhub/target.go:304.39,306.3 1 0
github.com/kart-io/notifyhub/pkg/notifyhub/target.go:310.62,311.39 1 0
github.com/kart-io/notifyhub/pkg/notifyhub/target.go:311.39,313.3 1 0
github.com/kart-io/notifyhub/internal/platform/feishu/sender.go:61.78,63.16 2 0
github.com/kart-io/notifyhub/internal/platform/feishu/sender.go:63.16,65.3 1 0
github.com/kart-io/notifyhub/internal/platform/feishu/sender.go:67.2,73.8 1 0
github.com/kart-io/notifyhub/internal/platform/feishu/sender.go:77.38,79.2 1 0
github.com/kart-io/notifyhub/internal/platform/feishu/sender.go:82.148,85.33 2 0
github.com/kart-io/notifyhub/internal/platform/feishu/sender.go:85.33,90.50 3 0
github.com/kart-io/notifyhub/internal/platform/feishu/sender.go:90.50,94.12 4 0
github.com/kart-io/notifyhub/internal/platform/feishu/sender.go:98.3,99.17 2 0
github.com/kart-io/notifyhub/internal/platform/feishu/sender.go:99.17,103.12 4 0
github.com/kart-io/notifyhub/internal/platform/feishu/sender.go:107.3,108.17 2 0
github.com/kart-io/notifyhub/internal/platform/feishu/sender.go:108.17,110.4 1 0
github.com/kart-io/notifyhub/internal/platform/feishu/sender.go:110.9,110.32 1 0
github.com/kart-io/notifyhub/internal/platform/feishu/sender.go:110.32,112.4 1 0
github.com/kart-io/notifyhub/internal/platform/feishu/sender.go:112.9,116.4 3 0
github.com/kart-io/notifyhub/internal/platform/feishu/sender.go:118.3,119.22 2 0
github.com/kart-io/notifyhub/internal/platform/feishu/sender.go:122.2,122.21 1 0
github.com/kart-io/notifyhub/internal/platform/feishu/sender.go:126.77,127.81 1 0
github.com/kart-io/notifyhub/internal/platform/feishu/sender.go:127.81,129.3 1 0
github.com/kart-io/notifyhub/internal/platform/feishu/sender.go:131.2,131.24 1 0
github.com/kart-io/notifyhub/internal/platform/feishu/sender.go:131.24,133.3 1 0
github.com/kart-io/notifyhub/internal/platform/feishu/sender.go:136.2,136.30 1 0
github.com/kart-io/notifyhub/internal/platform/feishu/sender.go:136.30,137.61 1 0
github.com/kart-io/notifyhub/internal/platform/feishu/sender.go:137.61,139.4 1 0
github.com/kart-io/notifyhub/internal/platform/feishu/sender.go:142.2,142.12 1 0
github.com/kart-io/notifyhub/internal/platform/feishu/sender.go:146.72,163.2 1 0
github.com/kart-io/notifyhub/internal/platform/feishu/sender.go:166.61,177.27 2 0
github.com/kart-io/notifyhub/internal/platform/feishu/sender.go:177.27,179.3 1 0
github.com/kart-io/notifyhub/internal/platform/feishu/sender.go:182.2,183.16 2 0
github.com/kart-io/notifyhub/internal/platform/feishu/sender.go:183.16,185.3 1 0
github.com/kart-io/notifyhub/internal/platform/feishu/sender.go:188.2,189.16 2 0
github.com/kart-io/notifyhub/internal/platform/feishu/sender.go:189.16,191.3 1 0
github.com/kart-io/notifyhub/internal/platform/feishu/sender.go:193.2,197.12 2 0
github.com/kart-io/notifyhub/internal/platform/feishu/sender.go:201.38,204.2 1 0
github.com/kart-io/notifyhub/internal/platform/feishu/sender.go:207.130,215.27 3 0
github.com/kart-io/notifyhub/internal/platform/feishu/sender.go:215.27,217.3 1 0
github.com/kart-io/notifyhub/internal/platform/feishu/sender.go:220.2,220.60 1 0
github.com/kart-io/notifyhub/internal/platform/feishu/sender.go:220.60,225.46 3 0
github.com/kart-io/notifyhub/internal/platform/feishu/sender.go:225.46,226.65 1 0
github.com/kart-io/notifyhub/internal/platform/feishu/sender.go:226.65,228.5 1 0
github.com/kart-io/notifyhub/internal/platform/feishu/sender.go:229.9,231.4 1 0
github.com/kart-io/notifyhub/internal/platform/feishu/sender.go:233.3,235.4 1 0
github.com/kart-io/notifyhub/internal/platform/feishu/sender.go:236.8,244.3 3 0
github.com/kart-io/notifyhub/internal/platform/feishu/sender.go:246.2,246.23 1 0
github.com/kart-io/notifyhub/internal/platform/feishu/sender.go:250.79,254.21 2 0
github.com/kart-io/notifyhub/internal/platform/feishu/sender.go:254.21,256.3 1 0
github.com/kart-io/notifyhub/internal/platform/feishu/sender.go:259.2,259.20 1 0
github.com/kart-io/notifyhub/internal/platform/feishu/sender.go:259.20,261.3 1 0
github.com/kart-io/notifyhub/internal/platform/feishu/sender.go:264.2,264.88 1 0
github.com/kart-io/notifyhub/internal/platform/feishu/sender.go:264.88,265.36 1 0
github.com/kart-io/notifyhub/internal/platform/feishu/sender.go:265.36,266.53 1 0
github.com/kart-io/notifyhub/internal/platform/feishu/sender.go:266.53,268.5 1 0
github.com/kart-io/notifyhub/internal/platform/feishu/sender.go:273.2,273.87 1 0
github.com/kart-io/notifyhub/internal/platform/feishu/sender.go:273.87,275.3 1 0
github.com/kart-io/notifyhub/internal/platform/feishu/sender.go:277.2,277.13 1 0
github.com/kart-io/notifyhub/internal/platform/feishu/sender.go:281.102,284.16 2 0
github.com/kart-io/notifyhub/internal/platform/feishu/sender.go:284.16,286.3 1 0
github.com/kart-io/notifyhub/internal/platform/feishu/sender.go:289.2,290.16 2 0
github.com/kart-io/notifyhub/internal/platform/feishu/sender.go:290.16,292.3 1 0
github.com/kart-io/notifyhub/internal/platform/feishu/sender.go:294.2,298.16 3 0
github.com/kart-io/notifyhub/internal/platform/feishu/sender.go:298.16,300.3 1 0
github.com/kart-io/notifyhub/internal/platform/feishu/sender.go:301.2,305.16 3 0
github.com/kart-io/notifyhub/internal/platform/feishu/sender.go:305.16,307.3 1 0
github.com/kart-io/notifyhub/internal/platform/feishu/sender.go:310.2,311.58 2 0
github.com/kart-io/notifyhub/internal/platform/feishu/sender.go:311.58,313.3 1 0
github.com/kart-io/notifyhub/internal/platform/feishu/sender.go:315.2,315.25 1 0
github.com/kart-io/notifyhub/internal/platform/feishu/sender.go:319.67,320.27 1 0
github.com/kart-io/notifyhub/internal/platform/feishu/sender.go:320.27,322.3 1 0
github.com/kart-io/notifyhub/internal/platform/feishu/sender.go:324.2,326.54 3 0
github.com/kart-io/notifyhub/internal/platform/feishu/sender.go:330.77,336.58 2 0
github.com/kart-io/notifyhub/internal/platform/feishu/sender.go:336.58,338.3 1 0
github.com/kart-io/notifyhub/internal/platform/feishu/sender.go:338.8,340.3 1 0
github.com/kart-io/notifyhub/internal/platform/feishu/sender.go:343.2,343.49 1 0
github.com/kart-io/notifyhub/internal/platform/feishu/sender.go:343.49,345.3 1 0
github.com/kart-io/notifyhub/internal/platform/feishu/sender.go:347.2,347.58 1 0
github.com/kart-io/notifyhub/internal/platform/feishu/sender.go:347.58,349.3 1 0
github.com/kart-io/notifyhub/internal/platform/feishu/sender.go:352.2,352.80 1 0
github.com/kart-io/notifyhub/internal/platform/feishu/sender.go:352.80,354.3 1 0
github.com/kart-io/notifyhub/internal/platform/feishu/sender.go:356.2,356.26 1 0
github.com/kart-io/notifyhub/internal/platform/email/sender.go:34.77,36.16 2 0
github.com/kart-io/notifyhub/internal/platform/email/sender.go:36.16,38.3 1 0
github.com/kart-io/notifyhub/internal/platform/email/sender.go:41.2,42.70 2 0
github.com/kart-io/notifyhub/internal/platform/email/sender.go:42.70,44.3 1 0
github.com/kart-io/notifyhub/internal/platform/email/sender.go:46.2,50.8 1 0
github.com/kart-io/notifyhub/internal/platform/email/sender.go:54.37,56.2 1 0
github.com/kart-io/notifyhub/internal/platform/email/sender.go:59.147,62.33 2 0
github.com/kart-io/notifyhub/internal/platform/email/sender.go:62.33,67.50 3 0
github.com/kart-io/notifyhub/internal/platform/email/sender.go:67.50,71.12 4 0
github.com/kart-io/notifyhub/internal/platform/email/sender.go:75.3,76.17 2 0
github.com/kart-io/notifyhub/internal/platform/email/sender.go:76.17,80.12 4 0
github.com/kart-io/notifyhub/internal/platform/email/sender.go:84.3,85.17 2 0
github.com/kart-io/notifyhub/internal/platform/email/sender.go:85.17,87.4 1 0
github.com/kart-io/notifyhub/internal/platform/email/sender.go:87.9,90.4 2 0
github.com/kart-io/notifyhub/internal/platform/email/sender.go:92.3,93.22 2 0
github.com/kart-io/notifyhub/internal/platform/email/sender.go:96.2,96.21 1 0
github.com/kart-io/notifyhub/internal/platform/email/sender.go:100.76,101.28 1 0
github.com/kart-io/notifyhub/internal/platform/email/sender.go:101.28,103.3 1 0
github.com/kart-io/notifyhub/internal/platform/email/sender.go:105.2,105.24 1 0
github.com/kart-io/notifyhub/internal/platform/email/sender.go:105.24,107.3 1 0
github.com/kart-io/notifyhub/internal/platform/email/sender.go:110.2,110.33 1 0
github.com/kart-io/notifyhub/internal/platform/email/sender.go:110.33,112.3 1 0
github.com/kart-io/notifyhub/internal/platform/email/sender.go:114.2,114.12 1 0
github.com/kart-io/notifyhub/internal/platform/email/sender.go:118.71,130.2 1 0
github.com/kart-io/notifyhub/internal/platform/email/sender.go:133.60,143.12 5 0
github.com/kart-io/notifyhub/internal/platform/email/sender.go:143.12,145.17 2 0
github.com/kart-io/notifyhub/internal/platform/email/sender.go:145.17,148.4 2 0
github.com/kart-io/notifyhub/internal/platform/email/sender.go:149.3,150.14 2 0
github.com/kart-io/notifyhub/internal/platform/email/sender.go:153.2,153.9 1 0
github.com/kart-io/notifyhub/internal/platform/email/sender.go:154.21,155.13 1 0
github.com/kart-io/notifyhub/internal/platform/email/sender.go:156.27,157.47 1 0
github.com/kart-io/notifyhub/internal/platform/email/sender.go:162.37,165.2 1 0
github.com/kart-io/notifyhub/internal/platform/email/sender.go:168.120,176.82 4 0
github.com/kart-io/notifyhub/internal/platform/email/sender.go:176.82,178.3 1 0
github.com/kart-io/notifyhub/internal/platform/email/sender.go:181.2,182.19 2 0
github.com/kart-io/notifyhub/internal/platform/email/sender.go:182.19,184.3 1 0
github.com/kart-io/notifyhub/internal/platform/email/sender.go:185.2,188.69 2 0
github.com/kart-io/notifyhub/internal/platform/email/sender.go:188.69,189.19 1 0
github.com/kart-io/notifyhub/internal/platform/email/sender.go:190.15,191.34 1 0
github.com/kart-io/notifyhub/internal/platform/email/sender.go:192.14,193.34 1 0
github.com/kart-io/notifyhub/internal/platform/email/sender.go:198.2,198.26 1 0
github.com/kart-io/notifyhub/internal/platform/email/sender.go:198.26,201.3 2 0
github.com/kart-io/notifyhub/internal/platform/email/sender.go:201.8,204.3 2 0
github.com/kart-io/notifyhub/internal/platform/email/sender.go:206.2,210.16 3 0
github.com/kart-io/notifyhub/internal/platform/email/sender.go:210.16,212.3 1 0
github.com/kart-io/notifyhub/internal/platform/email/sender.go:214.2,218.21 2 0
github.com/kart-io/notifyhub/internal/platform/email/sender.go:222.80,235.12 6 0
github.com/kart-io/notifyhub/internal/platform/email/sender.go:235.12,238.3 2 0
github.com/kart-io/notifyhub/internal/platform/email/sender.go:240.2,240.9 1 0
github.com/kart-io/notifyhub/internal/platform/email/sender.go:241.21,242.13 1 0
github.com/kart-io/notifyhub/internal/platform/email/sender.go:243.27,244.42 1 0
github.com/kart-io/notifyhub/internal/platform/email/sender.go:249.75,256.50 2 0
github.com/kart-io/notifyhub/internal/platform/email/sender.go:256.50,258.3 1 0
github.com/kart-io/notifyhub/internal/platform/email/sender.go:258.8,260.3 1 0
github.com/kart-io/notifyhub/internal/platform/email/sender.go:262.2,262.47 1 0
github.com/kart-io/notifyhub/internal/platform/email/sender.go:262.47,264.3 1 0
github.com/kart-io/notifyhub/internal/platform/email/sender.go:264.8,266.3 1 0
github.com/kart-io/notifyhub/internal/platform/email/sender.go:268.2,268.50 1 0
github.com/kart-io/notifyhub/internal/platform/email/sender.go:268.50,270.3 1 0
github.com/kart-io/notifyhub/internal/platform/email/sender.go:270.8,272.3 1 0
github.com/kart-io/notifyhub/internal/platform/email/sender.go:275.2,275.58 1 0
github.com/kart-io/notifyhub/internal/platform/email/sender.go:275.58,277.3 1 0
github.com/kart-io/notifyhub/internal/platform/email/sender.go:279.2,279.58 1 0
github.com/kart-io/notifyhub/internal/platform/email/sender.go:279.58,281.3 1 0
github.com/kart-io/notifyhub/internal/platform/email/sender.go:283.2,283.46 1 0
github.com/kart-io/notifyhub/internal/platform/email/sender.go:283.46,285.3 1 0
github.com/kart-io/notifyhub/internal/platform/email/sender.go:287.2,287.46 1 0
github.com/kart-io/notifyhub/internal/platform/email/sender.go:287.46,289.3 1 0
github.com/kart-io/notifyhub/internal/platform/email/sender.go:291.2,291.58 1 0
github.com/kart-io/notifyhub/internal/platform/email/sender.go:291.58,293.3 1 0
github.com/kart-io/notifyhub/internal/platform/email/sender.go:295.2,295.25 1 0
github.com/kart-io/notifyhub/internal/platform/email/sender.go:299.38,305.26 4 0
github.com/kart-io/notifyhub/internal/platform/email/sender.go:305.26,306.15 1 0
github.com/kart-io/notifyhub/internal/platform/email/sender.go:306.15,309.4 2 0
github.com/kart-io/notifyhub/internal/platform/email/sender.go:309.9,309.48 1 0
github.com/kart-io/notifyhub/internal/platform/email/sender.go:309.48,311.4 1 0
github.com/kart-io/notifyhub/internal/platform/email/sender.go:314.2,314.53 1 0
github.com/kart-io/notifyhub/internal/platform/email/sender.go:318.41,319.22 1 0
github.com/kart-io/notifyhub/internal/platform/email/sender.go:319.22,321.3 1 0
github.com/kart-io/notifyhub/internal/platform/email/sender.go:323.2,324.35 2 0
github.com/kart-io/notifyhub/internal/platform/email/sender.go:324.35,326.3 1 0
github.com/kart-io/notifyhub/internal/platform/email/sender.go:327.2,327.15 1 0
github.com/kart-io/notifyhub/examples/elegant_api/main.go:13.13,37.16 3 0
github.com/kart-io/notifyhub/examples/elegant_api/main.go:37.16,39.3 1 0
github.com/kart-io/notifyhub/examples/elegant_api/main.go:40.2,40.15 1 0
github.com/kart-io/notifyhub/examples/elegant_api/main.go:40.15,41.57 1 0
github.com/kart-io/notifyhub/examples/elegant_api/main.go:41.57,43.4 1 0
github.com/kart-io/notifyhub/examples/elegant_api/main.go:46.2,57.16 4 0
github.com/kart-io/notifyhub/examples/elegant_api/main.go:57.16,59.3 1 0
github.com/kart-io/notifyhub/examples/elegant_api/main.go:59.8,62.3 1 0
github.com/kart-io/notifyhub/examples/elegant_api/main.go:65.2,87.16 4 0
github.com/kart-io/notifyhub/examples/elegant_api/main.go:87.16,89.3 1 0
github.com/kart-io/notifyhub/examples/elegant_api/main.go:89.8,91.3 1 0
github.com/kart-io/notifyhub/examples/elegant_api/main.go:94.2,116.16 4 0
github.com/kart-io/notifyhub/examples/elegant_api/main.go:116.16,118.3 1 0
github.com/kart-io/notifyhub/examples/elegant_api/main.go:118.8,120.3 1 0
github.com/kart-io/notifyhub/examples/elegant_api/main.go:123.2,135.16 3 0
github.com/kart-io/notifyhub/examples/elegant_api/main.go:135.16,137.3 1 0
github.com/kart-io/notifyhub/examples/elegant_api/main.go:137.8,139.3 1 0
github.com/kart-io/notifyhub/examples/elegant_api/main.go:142.2,150.16 4 0
github.com/kart-io/notifyhub/examples/elegant_api/main.go:150.16,152.3 1 0
github.com/kart-io/notifyhub/examples/elegant_api/main.go:152.8,155.3 1 0
github.com/kart-io/notifyhub/examples/elegant_api/main.go:158.2,169.16 4 0
github.com/kart-io/notifyhub/examples/elegant_api/main.go:169.16,171.3 1 0
github.com/kart-io/notifyhub/examples/elegant_api/main.go:171.8,175.42 2 0
github.com/kart-io/notifyhub/examples/elegant_api/main.go:175.42,178.4 1 0
github.com/kart-io/notifyhub/examples/elegant_api/main.go:182.2,188.16 3 0
github.com/kart-io/notifyhub/examples/elegant_api/main.go:188.16,190.3 1 0
github.com/kart-io/notifyhub/examples/elegant_api/main.go:190.8,193.3 1 0
github.com/kart-io/notifyhub/examples/elegant_api/main.go:196.2,198.16 3 0
github.com/kart-io/notifyhub/examples/elegant_api/main.go:198.16,200.3 1 0
github.com/kart-io/notifyhub/examples/elegant_api/main.go:200.8,202.50 2 0
github.com/kart-io/notifyhub/examples/elegant_api/main.go:202.50,204.4 1 0
github.com/kart-io/notifyhub/examples/elegant_api/main.go:207.2,207.41 1 0
github.com/kart-io/notifyhub/internal/platform/sms/sender.go:53.75,55.16 2 0
github.com/kart-io/notifyhub/internal/platform/sms/sender.go:55.16,57.3 1 0
github.com/kart-io/notifyhub/internal/platform/sms/sender.go:60.2,61.16 2 0
github.com/kart-io/notifyhub/internal/platform/sms/sender.go:61.16,63.3 1 0
github.com/kart-io/notifyhub/internal/platform/sms/sender.go:65.2,72.8 1 0
github.com/kart-io/notifyhub/internal/platform/sms/sender.go:76.35,78.2 1 0
github.com/kart-io/notifyhub/internal/platform/sms/sender.go:81.145,84.33 2 0
github.com/kart-io/notifyhub/internal/platform/sms/sender.go:84.33,89.50 3 0
github.com/kart-io/notifyhub/internal/platform/sms/sender.go:89.50,93.12 4 0
github.com/kart-io/notifyhub/internal/platform/sms/sender.go:97.3,98.17 2 0
github.com/kart-io/notifyhub/internal/platform/sms/sender.go:98.17,102.12 4 0
github.com/kart-io/notifyhub/internal/platform/sms/sender.go:106.3,107.17 2 0
github.com/kart-io/notifyhub/internal/platform/sms/sender.go:107.17,109.4 1 0
github.com/kart-io/notifyhub/internal/platform/sms/sender.go:109.9,109.40 1 0
github.com/kart-io/notifyhub/internal/platform/sms/sender.go:109.40,111.4 1 0
github.com/kart-io/notifyhub/internal/platform/sms/sender.go:111.9,116.4 4 0
github.com/kart-io/notifyhub/internal/platform/sms/sender.go:118.3,119.22 2 0
github.com/kart-io/notifyhub/internal/platform/sms/sender.go:122.2,122.21 1 0
github.com/kart-io/notifyhub/internal/platform/sms/sender.go:126.74,127.28 1 0
github.com/kart-io/notifyhub/internal/platform/sms/sender.go:127.28,129.3 1 0
github.com/kart-io/notifyhub/internal/platform/sms/sender.go:131.2,131.24 1 0
github.com/kart-io/notifyhub/internal/platform/sms/sender.go:131.24,133.3 1 0
github.com/kart-io/notifyhub/internal/platform/sms/sender.go:136.2,136.53 1 0
github.com/kart-io/notifyhub/internal/platform/sms/sender.go:140.69,157.2 1 0
github.com/kart-io/notifyhub/internal/platform/sms/sender.go:160.58,163.23 1 0
github.com/kart-io/notifyhub/internal/platform/sms/sender.go:163.23,165.3 1 0
github.com/kart-io/notifyhub/internal/platform/sms/sender.go:167.2,167.27 1 0
github.com/kart-io/notifyhub/internal/platform/sms/sender.go:167.27,169.3 1 0
github.com/kart-io/notifyhub/internal/platform/sms/sender.go:172.2,173.66 2 0
github.com/kart-io/notifyhub/internal/platform/sms/sender.go:173.66,175.3 1 0
github.com/kart-io/notifyhub/internal/platform/sms/sender.go:177.2,177.12 1 0
github.com/kart-io/notifyhub/internal/platform/sms/sender.go:181.35,184.2 1 0
github.com/kart-io/notifyhub/internal/platform/sms/sender.go:187.116,191.62 2 0
github.com/kart-io/notifyhub/internal/platform/sms/sender.go:191.62,193.96 1 0
github.com/kart-io/notifyhub/internal/platform/sms/sender.go:193.96,195.4 1 0
github.com/kart-io/notifyhub/internal/platform/sms/sender.go:195.9,197.4 1 0
github.com/kart-io/notifyhub/internal/platform/sms/sender.go:198.8,200.40 1 0
github.com/kart-io/notifyhub/internal/platform/sms/sender.go:200.40,202.4 1 0
github.com/kart-io/notifyhub/internal/platform/sms/sender.go:202.9,202.29 1 0
github.com/kart-io/notifyhub/internal/platform/sms/sender.go:202.29,204.4 1 0
github.com/kart-io/notifyhub/internal/platform/sms/sender.go:204.9,206.4 1 0
github.com/kart-io/notifyhub/internal/platform/sms/sender.go:210.2,210.29 1 0
github.com/kart-io/notifyhub/internal/platform/sms/sender.go:210.29,212.3 1 0
github.com/kart-io/notifyhub/internal/platform/sms/sender.go:215.2,215.24 1 0
github.com/kart-io/notifyhub/internal/platform/sms/sender.go:215.24,218.3 1 0
github.com/kart-io/notifyhub/internal/platform/sms/sender.go:220.2,220.21 1 0
github.com/kart-io/notifyhub/internal/platform/sms/sender.go:224.94,226.36 2 0
github.com/kart-io/notifyhub/internal/platform/sms/sender.go:226.36,229.3 2 0
github.com/kart-io/notifyhub/internal/platform/sms/sender.go:230.2,230.15 1 0
github.com/kart-io/notifyhub/internal/platform/sms/sender.go:234.71,240.53 2 0
github.com/kart-io/notifyhub/internal/platform/sms/sender.go:240.53,242.3 1 0
github.com/kart-io/notifyhub/internal/platform/sms/sender.go:242.8,244.3 1 0
github.com/kart-io/notifyhub/internal/platform/sms/sender.go:246.2,246.50 1 0
github.com/kart-io/notifyhub/internal/platform/sms/sender.go:246.50,248.3 1 0
github.com/kart-io/notifyhub/internal/platform/sms/sender.go:248.8,250.3 1 0
github.com/kart-io/notifyhub/internal/platform/sms/sender.go:252.2,252.45 1 0
github.com/kart-io/notifyhub/internal/platform/sms/sender.go:252.45,254.3 1 0
github.com/kart-io/notifyhub/internal/platform/sms/sender.go:254.8,256.3 1 0
github.com/kart-io/notifyhub/internal/platform/sms/sender.go:259.2,259.56 1 0
github.com/kart-io/notifyhub/internal/platform/sms/sender.go:259.56,261.3 1 0
github.com/kart-io/notifyhub/internal/platform/sms/sender.go:263.2,263.49 1 0
github.com/kart-io/notifyhub/internal/platform/sms/sender.go:263.49,265.3 1 0
github.com/kart-io/notifyhub/internal/platform/sms/sender.go:267.2,267.53 1 0
github.com/kart-io/notifyhub/internal/platform/sms/sender.go:267.53,269.3 1 0
github.com/kart-io/notifyhub/internal/platform/sms/sender.go:271.2,271.54 1 0
github.com/kart-io/notifyhub/internal/platform/sms/sender.go:271.54,273.3 1 0
github.com/kart-io/notifyhub/internal/platform/sms/sender.go:275.2,275.58 1 0
github.com/kart-io/notifyhub/internal/platform/sms/sender.go:275.58,277.3 1 0
github.com/kart-io/notifyhub/internal/platform/sms/sender.go:279.2,279.23 1 0
github.com/kart-io/notifyhub/internal/platform/sms/sender.go:283.63,284.42 1 0
github.com/kart-io/notifyhub/internal/platform/sms/sender.go:285.16,286.34 1 0
github.com/kart-io/notifyhub/internal/platform/sms/sender.go:287.27,288.34 1 0
github.com/kart-io/notifyhub/internal/platform/sms/sender.go:289.17,290.35 1 0
github.com/kart-io/notifyhub/internal/platform/sms/sender.go:291.24,292.34 1 0
github.com/kart-io/notifyhub/internal/platform/sms/sender.go:293.10,294.74 1 0
github.com/kart-io/notifyhub/internal/platform/sms/sender.go:303.42,305.2 1 0
github.com/kart-io/notifyhub/internal/platform/sms/sender.go:307.51,309.2 1 0
github.com/kart-io/notifyhub/internal/platform/sms/sender.go:311.66,314.36 2 0
github.com/kart-io/notifyhub/internal/platform/sms/sender.go:314.36,316.3 1 0
github.com/kart-io/notifyhub/internal/platform/sms/sender.go:317.2,317.12 1 0
github.com/kart-io/notifyhub/internal/platform/sms/sender.go:320.115,329.2 1 0
github.com/kart-io/notifyhub/internal/platform/sms/sender.go:334.42,336.2 1 0
github.com/kart-io/notifyhub/internal/platform/sms/sender.go:338.51,340.2 1 0
github.com/kart-io/notifyhub/internal/platform/sms/sender.go:342.66,345.36 2 0
github.com/kart-io/notifyhub/internal/platform/sms/sender.go:345.36,347.3 1 0
github.com/kart-io/notifyhub/internal/platform/sms/sender.go:348.2,348.12 1 0
github.com/kart-io/notifyhub/internal/platform/sms/sender.go:351.115,359.2 1 0
github.com/kart-io/notifyhub/internal/platform/sms/sender.go:364.44,366.2 1 0
github.com/kart-io/notifyhub/internal/platform/sms/sender.go:368.52,370.2 1 0
github.com/kart-io/notifyhub/internal/platform/sms/sender.go:372.67,375.36 2 0
github.com/kart-io/notifyhub/internal/platform/sms/sender.go:375.36,377.3 1 0
github.com/kart-io/notifyhub/internal/platform/sms/sender.go:378.2,378.12 1 0
github.com/kart-io/notifyhub/internal/platform/sms/sender.go:381.116,389.2 1 0
github.com/kart-io/notifyhub/internal/platform/sms/sender.go:394.42,396.2 1 0
github.com/kart-io/notifyhub/internal/platform/sms/sender.go:398.51,400.2 1 0
github.com/kart-io/notifyhub/internal/platform/sms/sender.go:402.66,405.36 2 0
github.com/kart-io/notifyhub/internal/platform/sms/sender.go:405.36,407.3 1 0
github.com/kart-io/notifyhub/internal/platform/sms/sender.go:408.2,408.12 1 0
github.com/kart-io/notifyhub/internal/platform/sms/sender.go:411.115,419.2 1 0
